[0.143s] Invoking command in '/home/emmanuel/Chess-Bot-ROS2/build/chessbot_moveit': CMAKE_PREFIX_PATH=/opt/ros/humble /usr/bin/cmake --build /home/emmanuel/Chess-Bot-ROS2/build/chessbot_moveit -- -j4 -l4
[0.651s] Invoked command in '/home/emmanuel/Chess-Bot-ROS2/build/chessbot_moveit' returned '0': CMAKE_PREFIX_PATH=/opt/ros/humble /usr/bin/cmake --build /home/emmanuel/Chess-Bot-ROS2/build/chessbot_moveit -- -j4 -l4
[0.687s] Invoking command in '/home/emmanuel/Chess-Bot-ROS2/build/chessbot_moveit': CMAKE_PREFIX_PATH=/opt/ros/humble /usr/bin/cmake --install /home/emmanuel/Chess-Bot-ROS2/build/chessbot_moveit
[0.754s] -- Install configuration: ""
[0.819s] -- Execute custom install script
[0.850s] -- Up-to-date symlink: /home/emmanuel/Chess-Bot-ROS2/install/chessbot_moveit/share/chessbot_moveit/launch/moveit.launch.py
[0.851s] -- Up-to-date symlink: /home/emmanuel/Chess-Bot-ROS2/install/chessbot_moveit/share/chessbot_moveit/config/arm.srdf
[0.852s] -- Up-to-date symlink: /home/emmanuel/Chess-Bot-ROS2/install/chessbot_moveit/share/chessbot_moveit/config/initial_positions.yaml
[0.853s] -- Up-to-date symlink: /home/emmanuel/Chess-Bot-ROS2/install/chessbot_moveit/share/chessbot_moveit/config/joint_limits.yaml
[0.853s] -- Up-to-date symlink: /home/emmanuel/Chess-Bot-ROS2/install/chessbot_moveit/share/chessbot_moveit/config/kinematics.yaml
[0.853s] -- Up-to-date symlink: /home/emmanuel/Chess-Bot-ROS2/install/chessbot_moveit/share/chessbot_moveit/config/moveit.rviz
[0.854s] -- Up-to-date symlink: /home/emmanuel/Chess-Bot-ROS2/install/chessbot_moveit/share/chessbot_moveit/config/moveit_controllers.yaml
[0.854s] -- Up-to-date symlink: /home/emmanuel/Chess-Bot-ROS2/install/chessbot_moveit/share/chessbot_moveit/config/pilz_cartesian_limits.yaml
[0.873s] -- Up-to-date symlink: /home/emmanuel/Chess-Bot-ROS2/install/chessbot_moveit/share/ament_index/resource_index/package_run_dependencies/chessbot_moveit
[0.884s] -- Up-to-date symlink: /home/emmanuel/Chess-Bot-ROS2/install/chessbot_moveit/share/ament_index/resource_index/parent_prefix_path/chessbot_moveit
[0.896s] -- Up-to-date symlink: /home/emmanuel/Chess-Bot-ROS2/install/chessbot_moveit/share/chessbot_moveit/environment/ament_prefix_path.sh
[0.897s] -- Up-to-date symlink: /home/emmanuel/Chess-Bot-ROS2/install/chessbot_moveit/share/chessbot_moveit/environment/ament_prefix_path.dsv
[0.913s] -- Up-to-date symlink: /home/emmanuel/Chess-Bot-ROS2/install/chessbot_moveit/share/chessbot_moveit/environment/path.sh
[0.913s] -- Up-to-date symlink: /home/emmanuel/Chess-Bot-ROS2/install/chessbot_moveit/share/chessbot_moveit/environment/path.dsv
[0.936s] -- Up-to-date symlink: /home/emmanuel/Chess-Bot-ROS2/install/chessbot_moveit/share/chessbot_moveit/local_setup.bash
[0.990s] -- Up-to-date symlink: /home/emmanuel/Chess-Bot-ROS2/install/chessbot_moveit/share/chessbot_moveit/local_setup.sh
[1.103s] -- Up-to-date symlink: /home/emmanuel/Chess-Bot-ROS2/install/chessbot_moveit/share/chessbot_moveit/local_setup.zsh
[1.105s] -- Up-to-date symlink: /home/emmanuel/Chess-Bot-ROS2/install/chessbot_moveit/share/chessbot_moveit/local_setup.dsv
[1.105s] -- Symlinking: /home/emmanuel/Chess-Bot-ROS2/install/chessbot_moveit/share/chessbot_moveit/package.dsv
[1.116s] -- Up-to-date symlink: /home/emmanuel/Chess-Bot-ROS2/install/chessbot_moveit/share/ament_index/resource_index/packages/chessbot_moveit
[1.183s] -- Up-to-date symlink: /home/emmanuel/Chess-Bot-ROS2/install/chessbot_moveit/share/chessbot_moveit/cmake/chessbot_moveitConfig.cmake
[1.203s] -- Up-to-date symlink: /home/emmanuel/Chess-Bot-ROS2/install/chessbot_moveit/share/chessbot_moveit/cmake/chessbot_moveitConfig-version.cmake
[1.214s] -- Up-to-date symlink: /home/emmanuel/Chess-Bot-ROS2/install/chessbot_moveit/share/chessbot_moveit/package.xml
[1.218s] Invoked command in '/home/emmanuel/Chess-Bot-ROS2/build/chessbot_moveit' returned '0': CMAKE_PREFIX_PATH=/opt/ros/humble /usr/bin/cmake --install /home/emmanuel/Chess-Bot-ROS2/build/chessbot_moveit
