[0.120s] Invoking command in '/home/emmanuel/Chess-Bot-ROS2/build/chessbot_bringup': CMAKE_PREFIX_PATH=${CMAKE_PREFIX_PATH}:/opt/ros/humble /usr/bin/cmake --build /home/emmanuel/Chess-Bot-ROS2/build/chessbot_bringup -- -j4 -l4
[2.809s] [35m[1mConsolidate compiler generated dependencies of target pick_and_place[0m
[2.846s] [ 33%] Built target goto_goal
[2.849s] [ 66%] Built target pick_and_place
[2.871s] [100%] Built target add_collision
[2.886s] Invoked command in '/home/emmanuel/Chess-Bot-ROS2/build/chessbot_bringup' returned '0': CMAKE_PREFIX_PATH=${CMAKE_PREFIX_PATH}:/opt/ros/humble /usr/bin/cmake --build /home/emmanuel/Chess-Bot-ROS2/build/chessbot_bringup -- -j4 -l4
[2.923s] Invoking command in '/home/emmanuel/Chess-Bot-ROS2/build/chessbot_bringup': CMAKE_PREFIX_PATH=${CMAKE_PREFIX_PATH}:/opt/ros/humble /usr/bin/cmake --install /home/emmanuel/Chess-Bot-ROS2/build/chessbot_bringup
[2.955s] -- Install configuration: ""
[2.995s] -- Execute custom install script
[2.995s] -- Symlinking: /home/emmanuel/Chess-Bot-ROS2/install/chessbot_bringup/share/chessbot_bringup/launch/real.launch.py
[3.078s] -- Up-to-date symlink: /home/emmanuel/Chess-Bot-ROS2/install/chessbot_bringup/share/chessbot_bringup/launch/simulation.launch.py
[3.122s] -- Up-to-date symlink: /home/emmanuel/Chess-Bot-ROS2/install/chessbot_bringup/lib/chessbot_bringup/goto_goal
[3.132s] -- Up-to-date symlink: /home/emmanuel/Chess-Bot-ROS2/install/chessbot_bringup/lib/chessbot_bringup/add_collision
[3.133s] -- Up-to-date symlink: /home/emmanuel/Chess-Bot-ROS2/install/chessbot_bringup/lib/chessbot_bringup/pick_and_place
[3.133s] -- Up-to-date symlink: /home/emmanuel/Chess-Bot-ROS2/install/chessbot_bringup/share/ament_index/resource_index/package_run_dependencies/chessbot_bringup
[3.143s] -- Up-to-date symlink: /home/emmanuel/Chess-Bot-ROS2/install/chessbot_bringup/share/ament_index/resource_index/parent_prefix_path/chessbot_bringup
[3.153s] -- Up-to-date symlink: /home/emmanuel/Chess-Bot-ROS2/install/chessbot_bringup/share/chessbot_bringup/environment/ament_prefix_path.sh
[3.154s] -- Up-to-date symlink: /home/emmanuel/Chess-Bot-ROS2/install/chessbot_bringup/share/chessbot_bringup/environment/ament_prefix_path.dsv
[3.157s] -- Up-to-date symlink: /home/emmanuel/Chess-Bot-ROS2/install/chessbot_bringup/share/chessbot_bringup/environment/path.sh
[3.158s] -- Up-to-date symlink: /home/emmanuel/Chess-Bot-ROS2/install/chessbot_bringup/share/chessbot_bringup/environment/path.dsv
[3.158s] -- Up-to-date symlink: /home/emmanuel/Chess-Bot-ROS2/install/chessbot_bringup/share/chessbot_bringup/local_setup.bash
[3.159s] -- Up-to-date symlink: /home/emmanuel/Chess-Bot-ROS2/install/chessbot_bringup/share/chessbot_bringup/local_setup.sh
[3.161s] -- Up-to-date symlink: /home/emmanuel/Chess-Bot-ROS2/install/chessbot_bringup/share/chessbot_bringup/local_setup.zsh
[3.161s] -- Up-to-date symlink: /home/emmanuel/Chess-Bot-ROS2/install/chessbot_bringup/share/chessbot_bringup/local_setup.dsv
[3.161s] -- Symlinking: /home/emmanuel/Chess-Bot-ROS2/install/chessbot_bringup/share/chessbot_bringup/package.dsv
[3.176s] -- Up-to-date symlink: /home/emmanuel/Chess-Bot-ROS2/install/chessbot_bringup/share/ament_index/resource_index/packages/chessbot_bringup
[3.177s] -- Up-to-date symlink: /home/emmanuel/Chess-Bot-ROS2/install/chessbot_bringup/share/chessbot_bringup/cmake/chessbot_bringupConfig.cmake
[3.177s] -- Up-to-date symlink: /home/emmanuel/Chess-Bot-ROS2/install/chessbot_bringup/share/chessbot_bringup/cmake/chessbot_bringupConfig-version.cmake
[3.178s] -- Up-to-date symlink: /home/emmanuel/Chess-Bot-ROS2/install/chessbot_bringup/share/chessbot_bringup/package.xml
[3.181s] Invoked command in '/home/emmanuel/Chess-Bot-ROS2/build/chessbot_bringup' returned '0': CMAKE_PREFIX_PATH=${CMAKE_PREFIX_PATH}:/opt/ros/humble /usr/bin/cmake --install /home/emmanuel/Chess-Bot-ROS2/build/chessbot_bringup
