In file included from [01m[K/home/emmanuel/Chess-Bot-ROS2/src/chessbot_bringup/src/pick_and_place.cpp:4[m[K:
[01m[K/opt/ros/humble/include/tf2_geometry_msgs/tf2_geometry_msgs/tf2_geometry_msgs.h:35:2:[m[K [01;35m[Kwarning: [m[K#warning This header is obsolete, please include tf2_geometry_msgs/tf2_geometry_msgs.hpp instead [[01;35m[K]8;;https://gcc.gnu.org/onlinedocs/gcc/Warning-Options.html#index-Wcpp-Wcpp]8;;[m[K]
   35 | #[01;35m[Kwarning[m[K This header is obsolete, please include tf2_geometry_msgs/tf2_geometry_msgs.hpp instead
      |  [01;35m[K^~~~~~~[m[K
[01m[K/home/emmanuel/Chess-Bot-ROS2/src/chessbot_bringup/src/pick_and_place.cpp:[m[K In function ‘[01m[Kvoid pick(moveit::planning_interface::MoveGroupInterface&)[m[K’:
[01m[K/home/emmanuel/Chess-Bot-ROS2/src/chessbot_bringup/src/pick_and_place.cpp:64:16:[m[K [01;31m[Kerror: [m[K‘[01m[Kclass moveit::planning_interface::MoveGroupInterface[m[K’ has no member named ‘[01m[Kpick[m[K’
   64 |     move_group.[01;31m[Kpick[m[K("object", grasps);
      |                [01;31m[K^~~~[m[K
[01m[K/home/emmanuel/Chess-Bot-ROS2/src/chessbot_bringup/src/pick_and_place.cpp:[m[K In function ‘[01m[Kvoid place(moveit::planning_interface::MoveGroupInterface&)[m[K’:
[01m[K/home/emmanuel/Chess-Bot-ROS2/src/chessbot_bringup/src/pick_and_place.cpp:69:35:[m[K [01;31m[Kerror: [m[K‘[01m[KPlaceLocation[m[K’ is not a member of ‘[01m[Kmoveit_msgs::msg[m[K’
   69 |     std::vector<moveit_msgs::msg::[01;31m[KPlaceLocation[m[K> place_location;
      |                                   [01;31m[K^~~~~~~~~~~~~[m[K
[01m[K/home/emmanuel/Chess-Bot-ROS2/src/chessbot_bringup/src/pick_and_place.cpp:69:48:[m[K [01;31m[Kerror: [m[Ktemplate argument 1 is invalid
   69 |     std::vector<moveit_msgs::msg::PlaceLocation[01;31m[K>[m[K place_location;
      |                                                [01;31m[K^[m[K
[01m[K/home/emmanuel/Chess-Bot-ROS2/src/chessbot_bringup/src/pick_and_place.cpp:69:48:[m[K [01;31m[Kerror: [m[Ktemplate argument 2 is invalid
[01m[K/home/emmanuel/Chess-Bot-ROS2/src/chessbot_bringup/src/pick_and_place.cpp:70:20:[m[K [01;31m[Kerror: [m[Krequest for member ‘[01m[Kresize[m[K’ in ‘[01m[Kplace_location[m[K’, which is of non-class type ‘[01m[Kint[m[K’
   70 |     place_location.[01;31m[Kresize[m[K(1);
      |                    [01;31m[K^~~~~~[m[K
[01m[K/home/emmanuel/Chess-Bot-ROS2/src/chessbot_bringup/src/pick_and_place.cpp:73:19:[m[K [01;31m[Kerror: [m[Kinvalid types ‘[01m[Kint[int][m[K’ for array subscript
   73 |     place_location[01;31m[K[[m[K0].place_pose.header.frame_id = "base_link";
      |                   [01;31m[K^[m[K
[01m[K/home/emmanuel/Chess-Bot-ROS2/src/chessbot_bringup/src/pick_and_place.cpp:78:19:[m[K [01;31m[Kerror: [m[Kinvalid types ‘[01m[Kint[int][m[K’ for array subscript
   78 |     place_location[01;31m[K[[m[K0].place_pose.pose.orientation = tf2::toMsg(orientation);
      |                   [01;31m[K^[m[K
[01m[K/home/emmanuel/Chess-Bot-ROS2/src/chessbot_bringup/src/pick_and_place.cpp:79:19:[m[K [01;31m[Kerror: [m[Kinvalid types ‘[01m[Kint[int][m[K’ for array subscript
   79 |     place_location[01;31m[K[[m[K0].place_pose.pose.position.x = 0;
      |                   [01;31m[K^[m[K
[01m[K/home/emmanuel/Chess-Bot-ROS2/src/chessbot_bringup/src/pick_and_place.cpp:80:19:[m[K [01;31m[Kerror: [m[Kinvalid types ‘[01m[Kint[int][m[K’ for array subscript
   80 |     place_location[01;31m[K[[m[K0].place_pose.pose.position.y = 1;
      |                   [01;31m[K^[m[K
[01m[K/home/emmanuel/Chess-Bot-ROS2/src/chessbot_bringup/src/pick_and_place.cpp:81:19:[m[K [01;31m[Kerror: [m[Kinvalid types ‘[01m[Kint[int][m[K’ for array subscript
   81 |     place_location[01;31m[K[[m[K0].place_pose.pose.position.z = 0.5;
      |                   [01;31m[K^[m[K
[01m[K/home/emmanuel/Chess-Bot-ROS2/src/chessbot_bringup/src/pick_and_place.cpp:84:19:[m[K [01;31m[Kerror: [m[Kinvalid types ‘[01m[Kint[int][m[K’ for array subscript
   84 |     place_location[01;31m[K[[m[K0].pre_place_approach.direction.header.frame_id = "base_link";
      |                   [01;31m[K^[m[K
[01m[K/home/emmanuel/Chess-Bot-ROS2/src/chessbot_bringup/src/pick_and_place.cpp:85:19:[m[K [01;31m[Kerror: [m[Kinvalid types ‘[01m[Kint[int][m[K’ for array subscript
   85 |     place_location[01;31m[K[[m[K0].pre_place_approach.direction.vector.z = -1.0;
      |                   [01;31m[K^[m[K
[01m[K/home/emmanuel/Chess-Bot-ROS2/src/chessbot_bringup/src/pick_and_place.cpp:86:19:[m[K [01;31m[Kerror: [m[Kinvalid types ‘[01m[Kint[int][m[K’ for array subscript
   86 |     place_location[01;31m[K[[m[K0].pre_place_approach.min_distance = 0.095;
      |                   [01;31m[K^[m[K
[01m[K/home/emmanuel/Chess-Bot-ROS2/src/chessbot_bringup/src/pick_and_place.cpp:87:19:[m[K [01;31m[Kerror: [m[Kinvalid types ‘[01m[Kint[int][m[K’ for array subscript
   87 |     place_location[01;31m[K[[m[K0].pre_place_approach.desired_distance = 0.115;
      |                   [01;31m[K^[m[K
[01m[K/home/emmanuel/Chess-Bot-ROS2/src/chessbot_bringup/src/pick_and_place.cpp:90:19:[m[K [01;31m[Kerror: [m[Kinvalid types ‘[01m[Kint[int][m[K’ for array subscript
   90 |     place_location[01;31m[K[[m[K0].post_place_retreat.direction.header.frame_id = "base_link";
      |                   [01;31m[K^[m[K
[01m[K/home/emmanuel/Chess-Bot-ROS2/src/chessbot_bringup/src/pick_and_place.cpp:91:19:[m[K [01;31m[Kerror: [m[Kinvalid types ‘[01m[Kint[int][m[K’ for array subscript
   91 |     place_location[01;31m[K[[m[K0].post_place_retreat.direction.vector.x = -1.0;
      |                   [01;31m[K^[m[K
[01m[K/home/emmanuel/Chess-Bot-ROS2/src/chessbot_bringup/src/pick_and_place.cpp:92:19:[m[K [01;31m[Kerror: [m[Kinvalid types ‘[01m[Kint[int][m[K’ for array subscript
   92 |     place_location[01;31m[K[[m[K0].post_place_retreat.min_distance = 0.1;
      |                   [01;31m[K^[m[K
[01m[K/home/emmanuel/Chess-Bot-ROS2/src/chessbot_bringup/src/pick_and_place.cpp:93:19:[m[K [01;31m[Kerror: [m[Kinvalid types ‘[01m[Kint[int][m[K’ for array subscript
   93 |     place_location[01;31m[K[[m[K0].post_place_retreat.desired_distance = 0.25;
      |                   [01;31m[K^[m[K
[01m[K/home/emmanuel/Chess-Bot-ROS2/src/chessbot_bringup/src/pick_and_place.cpp:95:31:[m[K [01;31m[Kerror: [m[Kinvalid types ‘[01m[Kint[int][m[K’ for array subscript
   95 |     openGripper(place_location[01;31m[K[[m[K0].post_place_posture);
      |                               [01;31m[K^[m[K
[01m[K/home/emmanuel/Chess-Bot-ROS2/src/chessbot_bringup/src/pick_and_place.cpp:97:11:[m[K [01;31m[Kerror: [m[K‘[01m[Kclass moveit::planning_interface::MoveGroupInterface[m[K’ has no member named ‘[01m[Kplace[m[K’
   97 |     group.[01;31m[Kplace[m[K("object", place_location);
      |           [01;31m[K^~~~~[m[K
gmake[2]: *** [CMakeFiles/pick_and_place.dir/build.make:76: CMakeFiles/pick_and_place.dir/src/pick_and_place.cpp.o] Error 1
gmake[1]: *** [CMakeFiles/Makefile2:193: CMakeFiles/pick_and_place.dir/all] Error 2
gmake: *** [Makefile:146: all] Error 2
