-- Found ament_cmake: 1.3.9 (/opt/ros/humble/share/ament_cmake/cmake)
-- Override CMake install command with custom implementation using symlinks instead of copying resources
-- Found rclcpp: 16.0.9 (/opt/ros/humble/share/rclcpp/cmake)
-- Found rosidl_generator_c: 3.1.5 (/opt/ros/humble/share/rosidl_generator_c/cmake)
-- Found rosidl_adapter: 3.1.5 (/opt/ros/humble/share/rosidl_adapter/cmake)
-- Found rosidl_generator_cpp: 3.1.5 (/opt/ros/humble/share/rosidl_generator_cpp/cmake)
-- Using all available rosidl_typesupport_c: rosidl_typesupport_fastrtps_c;rosidl_typesupport_introspection_c
-- Using all available rosidl_typesupport_cpp: rosidl_typesupport_fastrtps_cpp;rosidl_typesupport_introspection_cpp
-- Found rmw_implementation_cmake: 6.1.2 (/opt/ros/humble/share/rmw_implementation_cmake/cmake)
-- Found rmw_cyclonedds_cpp: 1.3.4 (/opt/ros/humble/share/rmw_cyclonedds_cpp/cmake)
-- Using RMW implementation 'rmw_cyclonedds_cpp' as default
-- Found moveit_ros_planning_interface: 2.5.5 (/opt/ros/humble/share/moveit_ros_planning_interface/cmake)
-- Found Boost: /usr/lib/x86_64-linux-gnu/cmake/Boost-1.74.0/BoostConfig.cmake (found version "1.74.0") found components: date_time filesystem program_options system thread 
-- Found Boost: /usr/lib/x86_64-linux-gnu/cmake/Boost-1.74.0/BoostConfig.cmake (found version "1.74.0") found components: chrono date_time filesystem iostreams program_options regex serialization system thread 
-- Found parameter_traits: 0.3.8 (/opt/ros/humble/share/parameter_traits/cmake)
-- Found rclcpp_lifecycle: 16.0.9 (/opt/ros/humble/share/rclcpp_lifecycle/cmake)
-- Found Boost: /usr/lib/x86_64-linux-gnu/cmake/Boost-1.74.0/BoostConfig.cmake (found version "1.74.0") found components: filesystem 
-- library: /usr/lib/x86_64-linux-gnu/libcurl.so
-- Ensuring Eigen3 include directory is part of orocos-kdl CMake target
-- Found Boost: /usr/lib/x86_64-linux-gnu/cmake/Boost-1.74.0/BoostConfig.cmake (found version "1.74.0") found components: system filesystem date_time program_options thread chrono 
-- Found Boost: /usr/lib/x86_64-linux-gnu/cmake/Boost-1.74.0/BoostConfig.cmake (found version "1.74.0") found components: thread system filesystem regex date_time program_options 
-- Found Boost: /usr/lib/x86_64-linux-gnu/cmake/Boost-1.74.0/BoostConfig.cmake (found version "1.74.0") found components: system filesystem date_time program_options thread 
-- Found interactive_markers: 2.3.2 (/opt/ros/humble/share/interactive_markers/cmake)
-- Found moveit_ros_perception: 2.5.5 (/opt/ros/humble/share/moveit_ros_perception/cmake)
-- Found Boost: /usr/lib/x86_64-linux-gnu/cmake/Boost-1.74.0/BoostConfig.cmake (found version "1.74.0") found components: thread 
-- Checking for module 'glut'
--   No package 'glut' found
-- Configuring done
-- Generating done
-- Build files have been written to: /home/emmanuel/Chess-Bot-ROS2/build/chessbot_bringup
[35m[1mConsolidate compiler generated dependencies of target goto_goal[0m
[35m[1mConsolidate compiler generated dependencies of target add_collision[0m
[ 16%] [32mBuilding CXX object CMakeFiles/pick_and_place.dir/src/pick_and_place.cpp.o[0m
[ 83%] Built target add_collision
[ 83%] Built target goto_goal
In file included from [01m[K/home/emmanuel/Chess-Bot-ROS2/src/chessbot_bringup/src/pick_and_place.cpp:4[m[K:
[01m[K/opt/ros/humble/include/tf2_geometry_msgs/tf2_geometry_msgs/tf2_geometry_msgs.h:35:2:[m[K [01;35m[Kwarning: [m[K#warning This header is obsolete, please include tf2_geometry_msgs/tf2_geometry_msgs.hpp instead [[01;35m[K]8;;https://gcc.gnu.org/onlinedocs/gcc/Warning-Options.html#index-Wcpp-Wcpp]8;;[m[K]
   35 | #[01;35m[Kwarning[m[K This header is obsolete, please include tf2_geometry_msgs/tf2_geometry_msgs.hpp instead
      |  [01;35m[K^~~~~~~[m[K
[01m[K/home/emmanuel/Chess-Bot-ROS2/src/chessbot_bringup/src/pick_and_place.cpp:[m[K In function ‘[01m[Kvoid pick(moveit::planning_interface::MoveGroupInterface&)[m[K’:
[01m[K/home/emmanuel/Chess-Bot-ROS2/src/chessbot_bringup/src/pick_and_place.cpp:64:16:[m[K [01;31m[Kerror: [m[K‘[01m[Kclass moveit::planning_interface::MoveGroupInterface[m[K’ has no member named ‘[01m[Kpick[m[K’
   64 |     move_group.[01;31m[Kpick[m[K("object", grasps);
      |                [01;31m[K^~~~[m[K
[01m[K/home/emmanuel/Chess-Bot-ROS2/src/chessbot_bringup/src/pick_and_place.cpp:[m[K In function ‘[01m[Kvoid place(moveit::planning_interface::MoveGroupInterface&)[m[K’:
[01m[K/home/emmanuel/Chess-Bot-ROS2/src/chessbot_bringup/src/pick_and_place.cpp:69:35:[m[K [01;31m[Kerror: [m[K‘[01m[KPlaceLocation[m[K’ is not a member of ‘[01m[Kmoveit_msgs::msg[m[K’
   69 |     std::vector<moveit_msgs::msg::[01;31m[KPlaceLocation[m[K> place_location;
      |                                   [01;31m[K^~~~~~~~~~~~~[m[K
[01m[K/home/emmanuel/Chess-Bot-ROS2/src/chessbot_bringup/src/pick_and_place.cpp:69:48:[m[K [01;31m[Kerror: [m[Ktemplate argument 1 is invalid
   69 |     std::vector<moveit_msgs::msg::PlaceLocation[01;31m[K>[m[K place_location;
      |                                                [01;31m[K^[m[K
[01m[K/home/emmanuel/Chess-Bot-ROS2/src/chessbot_bringup/src/pick_and_place.cpp:69:48:[m[K [01;31m[Kerror: [m[Ktemplate argument 2 is invalid
[01m[K/home/emmanuel/Chess-Bot-ROS2/src/chessbot_bringup/src/pick_and_place.cpp:70:20:[m[K [01;31m[Kerror: [m[Krequest for member ‘[01m[Kresize[m[K’ in ‘[01m[Kplace_location[m[K’, which is of non-class type ‘[01m[Kint[m[K’
   70 |     place_location.[01;31m[Kresize[m[K(1);
      |                    [01;31m[K^~~~~~[m[K
[01m[K/home/emmanuel/Chess-Bot-ROS2/src/chessbot_bringup/src/pick_and_place.cpp:73:19:[m[K [01;31m[Kerror: [m[Kinvalid types ‘[01m[Kint[int][m[K’ for array subscript
   73 |     place_location[01;31m[K[[m[K0].place_pose.header.frame_id = "base_link";
      |                   [01;31m[K^[m[K
[01m[K/home/emmanuel/Chess-Bot-ROS2/src/chessbot_bringup/src/pick_and_place.cpp:78:19:[m[K [01;31m[Kerror: [m[Kinvalid types ‘[01m[Kint[int][m[K’ for array subscript
   78 |     place_location[01;31m[K[[m[K0].place_pose.pose.orientation = tf2::toMsg(orientation);
      |                   [01;31m[K^[m[K
[01m[K/home/emmanuel/Chess-Bot-ROS2/src/chessbot_bringup/src/pick_and_place.cpp:79:19:[m[K [01;31m[Kerror: [m[Kinvalid types ‘[01m[Kint[int][m[K’ for array subscript
   79 |     place_location[01;31m[K[[m[K0].place_pose.pose.position.x = 0;
      |                   [01;31m[K^[m[K
[01m[K/home/emmanuel/Chess-Bot-ROS2/src/chessbot_bringup/src/pick_and_place.cpp:80:19:[m[K [01;31m[Kerror: [m[Kinvalid types ‘[01m[Kint[int][m[K’ for array subscript
   80 |     place_location[01;31m[K[[m[K0].place_pose.pose.position.y = 1;
      |                   [01;31m[K^[m[K
[01m[K/home/emmanuel/Chess-Bot-ROS2/src/chessbot_bringup/src/pick_and_place.cpp:81:19:[m[K [01;31m[Kerror: [m[Kinvalid types ‘[01m[Kint[int][m[K’ for array subscript
   81 |     place_location[01;31m[K[[m[K0].place_pose.pose.position.z = 0.5;
      |                   [01;31m[K^[m[K
[01m[K/home/emmanuel/Chess-Bot-ROS2/src/chessbot_bringup/src/pick_and_place.cpp:84:19:[m[K [01;31m[Kerror: [m[Kinvalid types ‘[01m[Kint[int][m[K’ for array subscript
   84 |     place_location[01;31m[K[[m[K0].pre_place_approach.direction.header.frame_id = "base_link";
      |                   [01;31m[K^[m[K
[01m[K/home/emmanuel/Chess-Bot-ROS2/src/chessbot_bringup/src/pick_and_place.cpp:85:19:[m[K [01;31m[Kerror: [m[Kinvalid types ‘[01m[Kint[int][m[K’ for array subscript
   85 |     place_location[01;31m[K[[m[K0].pre_place_approach.direction.vector.z = -1.0;
      |                   [01;31m[K^[m[K
[01m[K/home/emmanuel/Chess-Bot-ROS2/src/chessbot_bringup/src/pick_and_place.cpp:86:19:[m[K [01;31m[Kerror: [m[Kinvalid types ‘[01m[Kint[int][m[K’ for array subscript
   86 |     place_location[01;31m[K[[m[K0].pre_place_approach.min_distance = 0.095;
      |                   [01;31m[K^[m[K
[01m[K/home/emmanuel/Chess-Bot-ROS2/src/chessbot_bringup/src/pick_and_place.cpp:87:19:[m[K [01;31m[Kerror: [m[Kinvalid types ‘[01m[Kint[int][m[K’ for array subscript
   87 |     place_location[01;31m[K[[m[K0].pre_place_approach.desired_distance = 0.115;
      |                   [01;31m[K^[m[K
[01m[K/home/emmanuel/Chess-Bot-ROS2/src/chessbot_bringup/src/pick_and_place.cpp:90:19:[m[K [01;31m[Kerror: [m[Kinvalid types ‘[01m[Kint[int][m[K’ for array subscript
   90 |     place_location[01;31m[K[[m[K0].post_place_retreat.direction.header.frame_id = "base_link";
      |                   [01;31m[K^[m[K
[01m[K/home/emmanuel/Chess-Bot-ROS2/src/chessbot_bringup/src/pick_and_place.cpp:91:19:[m[K [01;31m[Kerror: [m[Kinvalid types ‘[01m[Kint[int][m[K’ for array subscript
   91 |     place_location[01;31m[K[[m[K0].post_place_retreat.direction.vector.x = -1.0;
      |                   [01;31m[K^[m[K
[01m[K/home/emmanuel/Chess-Bot-ROS2/src/chessbot_bringup/src/pick_and_place.cpp:92:19:[m[K [01;31m[Kerror: [m[Kinvalid types ‘[01m[Kint[int][m[K’ for array subscript
   92 |     place_location[01;31m[K[[m[K0].post_place_retreat.min_distance = 0.1;
      |                   [01;31m[K^[m[K
[01m[K/home/emmanuel/Chess-Bot-ROS2/src/chessbot_bringup/src/pick_and_place.cpp:93:19:[m[K [01;31m[Kerror: [m[Kinvalid types ‘[01m[Kint[int][m[K’ for array subscript
   93 |     place_location[01;31m[K[[m[K0].post_place_retreat.desired_distance = 0.25;
      |                   [01;31m[K^[m[K
[01m[K/home/emmanuel/Chess-Bot-ROS2/src/chessbot_bringup/src/pick_and_place.cpp:95:31:[m[K [01;31m[Kerror: [m[Kinvalid types ‘[01m[Kint[int][m[K’ for array subscript
   95 |     openGripper(place_location[01;31m[K[[m[K0].post_place_posture);
      |                               [01;31m[K^[m[K
[01m[K/home/emmanuel/Chess-Bot-ROS2/src/chessbot_bringup/src/pick_and_place.cpp:97:11:[m[K [01;31m[Kerror: [m[K‘[01m[Kclass moveit::planning_interface::MoveGroupInterface[m[K’ has no member named ‘[01m[Kplace[m[K’
   97 |     group.[01;31m[Kplace[m[K("object", place_location);
      |           [01;31m[K^~~~~[m[K
gmake[2]: *** [CMakeFiles/pick_and_place.dir/build.make:76: CMakeFiles/pick_and_place.dir/src/pick_and_place.cpp.o] Error 1
gmake[1]: *** [CMakeFiles/Makefile2:193: CMakeFiles/pick_and_place.dir/all] Error 2
gmake: *** [Makefile:146: all] Error 2
