[0.243s] DEBUG:colcon:Command line arguments: ['/usr/bin/colcon', 'build', '--symlink-install']
[0.243s] DEBUG:colcon:Parsed command line arguments: Namespace(log_base=None, log_level=None, verb_name='build', build_base='build', install_base='install', merge_install=False, symlink_install=True, test_result_base=None, continue_on_error=False, executor='parallel', parallel_workers=4, event_handlers=None, ignore_user_meta=False, metas=['./colcon.meta'], base_paths=['.'], packages_ignore=None, packages_ignore_regex=None, paths=None, packages_up_to=None, packages_up_to_regex=None, packages_above=None, packages_above_and_dependencies=None, packages_above_depth=None, packages_select_by_dep=None, packages_skip_by_dep=None, packages_skip_up_to=None, packages_select_build_failed=False, packages_skip_build_finished=False, packages_select_test_failures=False, packages_skip_test_passed=False, packages_select=None, packages_skip=None, packages_select_regex=None, packages_skip_regex=None, packages_start=None, packages_end=None, allow_overriding=[], cmake_args=None, cmake_target=None, cmake_target_skip_unavailable=False, cmake_clean_cache=False, cmake_clean_first=False, cmake_force_configure=False, ament_cmake_args=None, catkin_cmake_args=None, catkin_skip_building_tests=False, mixin_files=None, mixin=None, verb_parser=<colcon_mixin.mixin.mixin_argument.MixinArgumentDecorator object at 0x7029ff5436d0>, verb_extension=<colcon_core.verb.build.BuildVerb object at 0x7029ff64beb0>, main=<bound method BuildVerb.main of <colcon_core.verb.build.BuildVerb object at 0x7029ff64beb0>>, mixin_verb=('build',))
[0.552s] Level 1:colcon.colcon_core.package_discovery:discover_packages(colcon_meta) check parameters
[0.553s] Level 1:colcon.colcon_core.package_discovery:discover_packages(recursive) check parameters
[0.553s] Level 1:colcon.colcon_core.package_discovery:discover_packages(ignore) check parameters
[0.553s] Level 1:colcon.colcon_core.package_discovery:discover_packages(path) check parameters
[0.553s] Level 1:colcon.colcon_core.package_discovery:discover_packages(colcon_meta) discover
[0.553s] Level 1:colcon.colcon_core.package_discovery:discover_packages(recursive) discover
[0.553s] INFO:colcon.colcon_core.package_discovery:Crawling recursively for packages in '/home/emmanuel/Chess-Bot-ROS2'
[0.553s] Level 1:colcon.colcon_core.package_identification:_identify(.) by extensions ['ignore', 'ignore_ament_install']
[0.553s] Level 1:colcon.colcon_core.package_identification:_identify(.) by extension 'ignore'
[0.553s] Level 1:colcon.colcon_core.package_identification:_identify(.) by extension 'ignore_ament_install'
[0.554s] Level 1:colcon.colcon_core.package_identification:_identify(.) by extensions ['colcon_pkg']
[0.554s] Level 1:colcon.colcon_core.package_identification:_identify(.) by extension 'colcon_pkg'
[0.554s] Level 1:colcon.colcon_core.package_identification:_identify(.) by extensions ['colcon_meta']
[0.554s] Level 1:colcon.colcon_core.package_identification:_identify(.) by extension 'colcon_meta'
[0.554s] Level 1:colcon.colcon_core.package_identification:_identify(.) by extensions ['ros']
[0.554s] Level 1:colcon.colcon_core.package_identification:_identify(.) by extension 'ros'
[0.584s] Level 1:colcon.colcon_core.package_identification:_identify(.) by extensions ['cmake', 'python']
[0.584s] Level 1:colcon.colcon_core.package_identification:_identify(.) by extension 'cmake'
[0.584s] Level 1:colcon.colcon_core.package_identification:_identify(.) by extension 'python'
[0.584s] Level 1:colcon.colcon_core.package_identification:_identify(.) by extensions ['python_setup_py']
[0.584s] Level 1:colcon.colcon_core.package_identification:_identify(.) by extension 'python_setup_py'
[0.584s] Level 1:colcon.colcon_core.package_identification:_identify(build) by extensions ['ignore', 'ignore_ament_install']
[0.584s] Level 1:colcon.colcon_core.package_identification:_identify(build) by extension 'ignore'
[0.584s] Level 1:colcon.colcon_core.package_identification:_identify(build) ignored
[0.585s] Level 1:colcon.colcon_core.package_identification:_identify(install) by extensions ['ignore', 'ignore_ament_install']
[0.585s] Level 1:colcon.colcon_core.package_identification:_identify(install) by extension 'ignore'
[0.585s] Level 1:colcon.colcon_core.package_identification:_identify(install) ignored
[0.585s] Level 1:colcon.colcon_core.package_identification:_identify(log) by extensions ['ignore', 'ignore_ament_install']
[0.585s] Level 1:colcon.colcon_core.package_identification:_identify(log) by extension 'ignore'
[0.585s] Level 1:colcon.colcon_core.package_identification:_identify(log) ignored
[0.586s] Level 1:colcon.colcon_core.package_identification:_identify(src) by extensions ['ignore', 'ignore_ament_install']
[0.586s] Level 1:colcon.colcon_core.package_identification:_identify(src) by extension 'ignore'
[0.586s] Level 1:colcon.colcon_core.package_identification:_identify(src) by extension 'ignore_ament_install'
[0.586s] Level 1:colcon.colcon_core.package_identification:_identify(src) by extensions ['colcon_pkg']
[0.586s] Level 1:colcon.colcon_core.package_identification:_identify(src) by extension 'colcon_pkg'
[0.586s] Level 1:colcon.colcon_core.package_identification:_identify(src) by extensions ['colcon_meta']
[0.586s] Level 1:colcon.colcon_core.package_identification:_identify(src) by extension 'colcon_meta'
[0.586s] Level 1:colcon.colcon_core.package_identification:_identify(src) by extensions ['ros']
[0.586s] Level 1:colcon.colcon_core.package_identification:_identify(src) by extension 'ros'
[0.586s] Level 1:colcon.colcon_core.package_identification:_identify(src) by extensions ['cmake', 'python']
[0.586s] Level 1:colcon.colcon_core.package_identification:_identify(src) by extension 'cmake'
[0.587s] Level 1:colcon.colcon_core.package_identification:_identify(src) by extension 'python'
[0.587s] Level 1:colcon.colcon_core.package_identification:_identify(src) by extensions ['python_setup_py']
[0.587s] Level 1:colcon.colcon_core.package_identification:_identify(src) by extension 'python_setup_py'
[0.587s] Level 1:colcon.colcon_core.package_identification:_identify(src/chessbot_bringup) by extensions ['ignore', 'ignore_ament_install']
[0.587s] Level 1:colcon.colcon_core.package_identification:_identify(src/chessbot_bringup) by extension 'ignore'
[0.587s] Level 1:colcon.colcon_core.package_identification:_identify(src/chessbot_bringup) by extension 'ignore_ament_install'
[0.587s] Level 1:colcon.colcon_core.package_identification:_identify(src/chessbot_bringup) by extensions ['colcon_pkg']
[0.587s] Level 1:colcon.colcon_core.package_identification:_identify(src/chessbot_bringup) by extension 'colcon_pkg'
[0.587s] Level 1:colcon.colcon_core.package_identification:_identify(src/chessbot_bringup) by extensions ['colcon_meta']
[0.587s] Level 1:colcon.colcon_core.package_identification:_identify(src/chessbot_bringup) by extension 'colcon_meta'
[0.588s] Level 1:colcon.colcon_core.package_identification:_identify(src/chessbot_bringup) by extensions ['ros']
[0.588s] Level 1:colcon.colcon_core.package_identification:_identify(src/chessbot_bringup) by extension 'ros'
[0.591s] DEBUG:colcon.colcon_core.package_identification:Package 'src/chessbot_bringup' with type 'ros.ament_cmake' and name 'chessbot_bringup'
[0.591s] Level 1:colcon.colcon_core.package_identification:_identify(src/chessbot_controller) by extensions ['ignore', 'ignore_ament_install']
[0.591s] Level 1:colcon.colcon_core.package_identification:_identify(src/chessbot_controller) by extension 'ignore'
[0.591s] Level 1:colcon.colcon_core.package_identification:_identify(src/chessbot_controller) by extension 'ignore_ament_install'
[0.591s] Level 1:colcon.colcon_core.package_identification:_identify(src/chessbot_controller) by extensions ['colcon_pkg']
[0.592s] Level 1:colcon.colcon_core.package_identification:_identify(src/chessbot_controller) by extension 'colcon_pkg'
[0.592s] Level 1:colcon.colcon_core.package_identification:_identify(src/chessbot_controller) by extensions ['colcon_meta']
[0.592s] Level 1:colcon.colcon_core.package_identification:_identify(src/chessbot_controller) by extension 'colcon_meta'
[0.592s] Level 1:colcon.colcon_core.package_identification:_identify(src/chessbot_controller) by extensions ['ros']
[0.592s] Level 1:colcon.colcon_core.package_identification:_identify(src/chessbot_controller) by extension 'ros'
[0.593s] DEBUG:colcon.colcon_core.package_identification:Package 'src/chessbot_controller' with type 'ros.ament_cmake' and name 'chessbot_controller'
[0.593s] Level 1:colcon.colcon_core.package_identification:_identify(src/chessbot_description) by extensions ['ignore', 'ignore_ament_install']
[0.593s] Level 1:colcon.colcon_core.package_identification:_identify(src/chessbot_description) by extension 'ignore'
[0.593s] Level 1:colcon.colcon_core.package_identification:_identify(src/chessbot_description) by extension 'ignore_ament_install'
[0.593s] Level 1:colcon.colcon_core.package_identification:_identify(src/chessbot_description) by extensions ['colcon_pkg']
[0.593s] Level 1:colcon.colcon_core.package_identification:_identify(src/chessbot_description) by extension 'colcon_pkg'
[0.593s] Level 1:colcon.colcon_core.package_identification:_identify(src/chessbot_description) by extensions ['colcon_meta']
[0.593s] Level 1:colcon.colcon_core.package_identification:_identify(src/chessbot_description) by extension 'colcon_meta'
[0.593s] Level 1:colcon.colcon_core.package_identification:_identify(src/chessbot_description) by extensions ['ros']
[0.594s] Level 1:colcon.colcon_core.package_identification:_identify(src/chessbot_description) by extension 'ros'
[0.595s] DEBUG:colcon.colcon_core.package_identification:Package 'src/chessbot_description' with type 'ros.ament_cmake' and name 'chessbot_description'
[0.595s] Level 1:colcon.colcon_core.package_identification:_identify(src/chessbot_moveit) by extensions ['ignore', 'ignore_ament_install']
[0.595s] Level 1:colcon.colcon_core.package_identification:_identify(src/chessbot_moveit) by extension 'ignore'
[0.595s] Level 1:colcon.colcon_core.package_identification:_identify(src/chessbot_moveit) by extension 'ignore_ament_install'
[0.595s] Level 1:colcon.colcon_core.package_identification:_identify(src/chessbot_moveit) by extensions ['colcon_pkg']
[0.596s] Level 1:colcon.colcon_core.package_identification:_identify(src/chessbot_moveit) by extension 'colcon_pkg'
[0.596s] Level 1:colcon.colcon_core.package_identification:_identify(src/chessbot_moveit) by extensions ['colcon_meta']
[0.596s] Level 1:colcon.colcon_core.package_identification:_identify(src/chessbot_moveit) by extension 'colcon_meta'
[0.596s] Level 1:colcon.colcon_core.package_identification:_identify(src/chessbot_moveit) by extensions ['ros']
[0.596s] Level 1:colcon.colcon_core.package_identification:_identify(src/chessbot_moveit) by extension 'ros'
[0.597s] DEBUG:colcon.colcon_core.package_identification:Package 'src/chessbot_moveit' with type 'ros.ament_cmake' and name 'chessbot_moveit'
[0.597s] Level 1:colcon.colcon_core.package_discovery:discover_packages(recursive) using defaults
[0.597s] Level 1:colcon.colcon_core.package_discovery:discover_packages(ignore) discover
[0.597s] Level 1:colcon.colcon_core.package_discovery:discover_packages(ignore) using defaults
[0.597s] Level 1:colcon.colcon_core.package_discovery:discover_packages(path) discover
[0.597s] Level 1:colcon.colcon_core.package_discovery:discover_packages(path) using defaults
[0.628s] Level 1:colcon.colcon_core.package_discovery:discover_packages(prefix_path) check parameters
[0.628s] Level 1:colcon.colcon_core.package_discovery:discover_packages(prefix_path) discover
[0.632s] DEBUG:colcon.colcon_installed_package_information.package_discovery:Found 409 installed packages in /opt/ros/humble
[0.635s] Level 1:colcon.colcon_core.package_discovery:discover_packages(prefix_path) using defaults
[0.708s] Level 5:colcon.colcon_core.verb:set package 'chessbot_bringup' build argument 'cmake_args' from command line to 'None'
[0.708s] Level 5:colcon.colcon_core.verb:set package 'chessbot_bringup' build argument 'cmake_target' from command line to 'None'
[0.708s] Level 5:colcon.colcon_core.verb:set package 'chessbot_bringup' build argument 'cmake_target_skip_unavailable' from command line to 'False'
[0.708s] Level 5:colcon.colcon_core.verb:set package 'chessbot_bringup' build argument 'cmake_clean_cache' from command line to 'False'
[0.708s] Level 5:colcon.colcon_core.verb:set package 'chessbot_bringup' build argument 'cmake_clean_first' from command line to 'False'
[0.709s] Level 5:colcon.colcon_core.verb:set package 'chessbot_bringup' build argument 'cmake_force_configure' from command line to 'False'
[0.709s] Level 5:colcon.colcon_core.verb:set package 'chessbot_bringup' build argument 'ament_cmake_args' from command line to 'None'
[0.709s] Level 5:colcon.colcon_core.verb:set package 'chessbot_bringup' build argument 'catkin_cmake_args' from command line to 'None'
[0.709s] Level 5:colcon.colcon_core.verb:set package 'chessbot_bringup' build argument 'catkin_skip_building_tests' from command line to 'False'
[0.709s] DEBUG:colcon.colcon_core.verb:Building package 'chessbot_bringup' with the following arguments: {'ament_cmake_args': None, 'build_base': '/home/emmanuel/Chess-Bot-ROS2/build/chessbot_bringup', 'catkin_cmake_args': None, 'catkin_skip_building_tests': False, 'cmake_args': None, 'cmake_clean_cache': False, 'cmake_clean_first': False, 'cmake_force_configure': False, 'cmake_target': None, 'cmake_target_skip_unavailable': False, 'install_base': '/home/emmanuel/Chess-Bot-ROS2/install/chessbot_bringup', 'merge_install': False, 'path': '/home/emmanuel/Chess-Bot-ROS2/src/chessbot_bringup', 'symlink_install': True, 'test_result_base': None}
[0.709s] Level 5:colcon.colcon_core.verb:set package 'chessbot_controller' build argument 'cmake_args' from command line to 'None'
[0.710s] Level 5:colcon.colcon_core.verb:set package 'chessbot_controller' build argument 'cmake_target' from command line to 'None'
[0.710s] Level 5:colcon.colcon_core.verb:set package 'chessbot_controller' build argument 'cmake_target_skip_unavailable' from command line to 'False'
[0.710s] Level 5:colcon.colcon_core.verb:set package 'chessbot_controller' build argument 'cmake_clean_cache' from command line to 'False'
[0.710s] Level 5:colcon.colcon_core.verb:set package 'chessbot_controller' build argument 'cmake_clean_first' from command line to 'False'
[0.710s] Level 5:colcon.colcon_core.verb:set package 'chessbot_controller' build argument 'cmake_force_configure' from command line to 'False'
[0.710s] Level 5:colcon.colcon_core.verb:set package 'chessbot_controller' build argument 'ament_cmake_args' from command line to 'None'
[0.710s] Level 5:colcon.colcon_core.verb:set package 'chessbot_controller' build argument 'catkin_cmake_args' from command line to 'None'
[0.710s] Level 5:colcon.colcon_core.verb:set package 'chessbot_controller' build argument 'catkin_skip_building_tests' from command line to 'False'
[0.710s] DEBUG:colcon.colcon_core.verb:Building package 'chessbot_controller' with the following arguments: {'ament_cmake_args': None, 'build_base': '/home/emmanuel/Chess-Bot-ROS2/build/chessbot_controller', 'catkin_cmake_args': None, 'catkin_skip_building_tests': False, 'cmake_args': None, 'cmake_clean_cache': False, 'cmake_clean_first': False, 'cmake_force_configure': False, 'cmake_target': None, 'cmake_target_skip_unavailable': False, 'install_base': '/home/emmanuel/Chess-Bot-ROS2/install/chessbot_controller', 'merge_install': False, 'path': '/home/emmanuel/Chess-Bot-ROS2/src/chessbot_controller', 'symlink_install': True, 'test_result_base': None}
[0.711s] Level 5:colcon.colcon_core.verb:set package 'chessbot_description' build argument 'cmake_args' from command line to 'None'
[0.711s] Level 5:colcon.colcon_core.verb:set package 'chessbot_description' build argument 'cmake_target' from command line to 'None'
[0.711s] Level 5:colcon.colcon_core.verb:set package 'chessbot_description' build argument 'cmake_target_skip_unavailable' from command line to 'False'
[0.711s] Level 5:colcon.colcon_core.verb:set package 'chessbot_description' build argument 'cmake_clean_cache' from command line to 'False'
[0.711s] Level 5:colcon.colcon_core.verb:set package 'chessbot_description' build argument 'cmake_clean_first' from command line to 'False'
[0.711s] Level 5:colcon.colcon_core.verb:set package 'chessbot_description' build argument 'cmake_force_configure' from command line to 'False'
[0.711s] Level 5:colcon.colcon_core.verb:set package 'chessbot_description' build argument 'ament_cmake_args' from command line to 'None'
[0.711s] Level 5:colcon.colcon_core.verb:set package 'chessbot_description' build argument 'catkin_cmake_args' from command line to 'None'
[0.711s] Level 5:colcon.colcon_core.verb:set package 'chessbot_description' build argument 'catkin_skip_building_tests' from command line to 'False'
[0.711s] DEBUG:colcon.colcon_core.verb:Building package 'chessbot_description' with the following arguments: {'ament_cmake_args': None, 'build_base': '/home/emmanuel/Chess-Bot-ROS2/build/chessbot_description', 'catkin_cmake_args': None, 'catkin_skip_building_tests': False, 'cmake_args': None, 'cmake_clean_cache': False, 'cmake_clean_first': False, 'cmake_force_configure': False, 'cmake_target': None, 'cmake_target_skip_unavailable': False, 'install_base': '/home/emmanuel/Chess-Bot-ROS2/install/chessbot_description', 'merge_install': False, 'path': '/home/emmanuel/Chess-Bot-ROS2/src/chessbot_description', 'symlink_install': True, 'test_result_base': None}
[0.712s] Level 5:colcon.colcon_core.verb:set package 'chessbot_moveit' build argument 'cmake_args' from command line to 'None'
[0.712s] Level 5:colcon.colcon_core.verb:set package 'chessbot_moveit' build argument 'cmake_target' from command line to 'None'
[0.712s] Level 5:colcon.colcon_core.verb:set package 'chessbot_moveit' build argument 'cmake_target_skip_unavailable' from command line to 'False'
[0.712s] Level 5:colcon.colcon_core.verb:set package 'chessbot_moveit' build argument 'cmake_clean_cache' from command line to 'False'
[0.712s] Level 5:colcon.colcon_core.verb:set package 'chessbot_moveit' build argument 'cmake_clean_first' from command line to 'False'
[0.712s] Level 5:colcon.colcon_core.verb:set package 'chessbot_moveit' build argument 'cmake_force_configure' from command line to 'False'
[0.712s] Level 5:colcon.colcon_core.verb:set package 'chessbot_moveit' build argument 'ament_cmake_args' from command line to 'None'
[0.712s] Level 5:colcon.colcon_core.verb:set package 'chessbot_moveit' build argument 'catkin_cmake_args' from command line to 'None'
[0.712s] Level 5:colcon.colcon_core.verb:set package 'chessbot_moveit' build argument 'catkin_skip_building_tests' from command line to 'False'
[0.712s] DEBUG:colcon.colcon_core.verb:Building package 'chessbot_moveit' with the following arguments: {'ament_cmake_args': None, 'build_base': '/home/emmanuel/Chess-Bot-ROS2/build/chessbot_moveit', 'catkin_cmake_args': None, 'catkin_skip_building_tests': False, 'cmake_args': None, 'cmake_clean_cache': False, 'cmake_clean_first': False, 'cmake_force_configure': False, 'cmake_target': None, 'cmake_target_skip_unavailable': False, 'install_base': '/home/emmanuel/Chess-Bot-ROS2/install/chessbot_moveit', 'merge_install': False, 'path': '/home/emmanuel/Chess-Bot-ROS2/src/chessbot_moveit', 'symlink_install': True, 'test_result_base': None}
[0.712s] INFO:colcon.colcon_core.executor:Executing jobs using 'parallel' executor
[0.714s] DEBUG:colcon.colcon_parallel_executor.executor.parallel:run_until_complete
[0.714s] INFO:colcon.colcon_ros.task.ament_cmake.build:Building ROS package in '/home/emmanuel/Chess-Bot-ROS2/src/chessbot_bringup' with build type 'ament_cmake'
[0.714s] INFO:colcon.colcon_cmake.task.cmake.build:Building CMake package in '/home/emmanuel/Chess-Bot-ROS2/src/chessbot_bringup'
[0.717s] INFO:colcon.colcon_core.plugin_system:Skipping extension 'colcon_core.shell.bat': Not used on non-Windows systems
[0.717s] INFO:colcon.colcon_core.shell:Skip shell extension 'powershell' for command environment: Not usable outside of PowerShell
[0.717s] DEBUG:colcon.colcon_core.shell:Skip shell extension 'dsv' for command environment
[0.721s] INFO:colcon.colcon_ros.task.ament_cmake.build:Building ROS package in '/home/emmanuel/Chess-Bot-ROS2/src/chessbot_controller' with build type 'ament_cmake'
[0.722s] INFO:colcon.colcon_cmake.task.cmake.build:Building CMake package in '/home/emmanuel/Chess-Bot-ROS2/src/chessbot_controller'
[0.722s] INFO:colcon.colcon_core.shell:Skip shell extension 'powershell' for command environment: Not usable outside of PowerShell
[0.722s] DEBUG:colcon.colcon_core.shell:Skip shell extension 'dsv' for command environment
[0.727s] INFO:colcon.colcon_ros.task.ament_cmake.build:Building ROS package in '/home/emmanuel/Chess-Bot-ROS2/src/chessbot_description' with build type 'ament_cmake'
[0.728s] INFO:colcon.colcon_cmake.task.cmake.build:Building CMake package in '/home/emmanuel/Chess-Bot-ROS2/src/chessbot_description'
[0.728s] INFO:colcon.colcon_core.shell:Skip shell extension 'powershell' for command environment: Not usable outside of PowerShell
[0.729s] DEBUG:colcon.colcon_core.shell:Skip shell extension 'dsv' for command environment
[0.735s] INFO:colcon.colcon_ros.task.ament_cmake.build:Building ROS package in '/home/emmanuel/Chess-Bot-ROS2/src/chessbot_moveit' with build type 'ament_cmake'
[0.735s] INFO:colcon.colcon_cmake.task.cmake.build:Building CMake package in '/home/emmanuel/Chess-Bot-ROS2/src/chessbot_moveit'
[0.736s] INFO:colcon.colcon_core.shell:Skip shell extension 'powershell' for command environment: Not usable outside of PowerShell
[0.737s] DEBUG:colcon.colcon_core.shell:Skip shell extension 'dsv' for command environment
[0.753s] DEBUG:colcon.colcon_core.event_handler.log_command:Invoking command in '/home/emmanuel/Chess-Bot-ROS2/build/chessbot_bringup': CMAKE_PREFIX_PATH=/opt/ros/humble /usr/bin/cmake --build /home/emmanuel/Chess-Bot-ROS2/build/chessbot_bringup -- -j4 -l4
[0.762s] DEBUG:colcon.colcon_core.event_handler.log_command:Invoking command in '/home/emmanuel/Chess-Bot-ROS2/build/chessbot_controller': CMAKE_PREFIX_PATH=/opt/ros/humble /usr/bin/cmake --build /home/emmanuel/Chess-Bot-ROS2/build/chessbot_controller -- -j4 -l4
[0.765s] DEBUG:colcon.colcon_core.event_handler.log_command:Invoking command in '/home/emmanuel/Chess-Bot-ROS2/build/chessbot_description': CMAKE_PREFIX_PATH=/opt/ros/humble /usr/bin/cmake --build /home/emmanuel/Chess-Bot-ROS2/build/chessbot_description -- -j4 -l4
[0.785s] DEBUG:colcon.colcon_core.event_handler.log_command:Invoking command in '/home/emmanuel/Chess-Bot-ROS2/build/chessbot_moveit': CMAKE_PREFIX_PATH=/opt/ros/humble /usr/bin/cmake --build /home/emmanuel/Chess-Bot-ROS2/build/chessbot_moveit -- -j4 -l4
[0.843s] DEBUG:colcon.colcon_core.event_handler.log_command:Invoked command in '/home/emmanuel/Chess-Bot-ROS2/build/chessbot_description' returned '0': CMAKE_PREFIX_PATH=/opt/ros/humble /usr/bin/cmake --build /home/emmanuel/Chess-Bot-ROS2/build/chessbot_description -- -j4 -l4
[0.909s] DEBUG:colcon.colcon_core.event_handler.log_command:Invoked command in '/home/emmanuel/Chess-Bot-ROS2/build/chessbot_moveit' returned '0': CMAKE_PREFIX_PATH=/opt/ros/humble /usr/bin/cmake --build /home/emmanuel/Chess-Bot-ROS2/build/chessbot_moveit -- -j4 -l4
[0.971s] DEBUG:colcon.colcon_core.event_handler.log_command:Invoking command in '/home/emmanuel/Chess-Bot-ROS2/build/chessbot_description': CMAKE_PREFIX_PATH=/opt/ros/humble /usr/bin/cmake --install /home/emmanuel/Chess-Bot-ROS2/build/chessbot_description
[1.023s] DEBUG:colcon.colcon_core.event_handler.log_command:Invoking command in '/home/emmanuel/Chess-Bot-ROS2/build/chessbot_moveit': CMAKE_PREFIX_PATH=/opt/ros/humble /usr/bin/cmake --install /home/emmanuel/Chess-Bot-ROS2/build/chessbot_moveit
[1.047s] Level 1:colcon.colcon_core.environment:create_environment_scripts_only(chessbot_description)
[1.055s] DEBUG:colcon.colcon_core.event_handler.log_command:Invoked command in '/home/emmanuel/Chess-Bot-ROS2/build/chessbot_description' returned '0': CMAKE_PREFIX_PATH=/opt/ros/humble /usr/bin/cmake --install /home/emmanuel/Chess-Bot-ROS2/build/chessbot_description
[1.069s] Level 1:colcon.colcon_core.environment:checking '/home/emmanuel/Chess-Bot-ROS2/install/chessbot_description' for CMake module files
[1.077s] Level 1:colcon.colcon_core.environment:checking '/home/emmanuel/Chess-Bot-ROS2/install/chessbot_description' for CMake config files
[1.078s] Level 1:colcon.colcon_core.shell:create_environment_hook('chessbot_description', 'cmake_prefix_path')
[1.078s] INFO:colcon.colcon_core.shell:Creating environment hook '/home/emmanuel/Chess-Bot-ROS2/install/chessbot_description/share/chessbot_description/hook/cmake_prefix_path.ps1'
[1.080s] INFO:colcon.colcon_core.shell:Creating environment descriptor '/home/emmanuel/Chess-Bot-ROS2/install/chessbot_description/share/chessbot_description/hook/cmake_prefix_path.dsv'
[1.080s] INFO:colcon.colcon_core.shell:Creating environment hook '/home/emmanuel/Chess-Bot-ROS2/install/chessbot_description/share/chessbot_description/hook/cmake_prefix_path.sh'
[1.085s] Level 1:colcon.colcon_core.environment:checking '/home/emmanuel/Chess-Bot-ROS2/install/chessbot_description/bin'
[1.086s] Level 1:colcon.colcon_core.environment:checking '/home/emmanuel/Chess-Bot-ROS2/install/chessbot_description/lib/pkgconfig/chessbot_description.pc'
[1.087s] Level 1:colcon.colcon_core.environment:checking '/home/emmanuel/Chess-Bot-ROS2/install/chessbot_description/lib/python3.10/site-packages'
[1.087s] Level 1:colcon.colcon_core.environment:checking '/home/emmanuel/Chess-Bot-ROS2/install/chessbot_description/bin'
[1.088s] INFO:colcon.colcon_core.shell:Creating package script '/home/emmanuel/Chess-Bot-ROS2/install/chessbot_description/share/chessbot_description/package.ps1'
[1.091s] INFO:colcon.colcon_core.shell:Creating package descriptor '/home/emmanuel/Chess-Bot-ROS2/install/chessbot_description/share/chessbot_description/package.dsv'
[1.093s] INFO:colcon.colcon_core.shell:Creating package script '/home/emmanuel/Chess-Bot-ROS2/install/chessbot_description/share/chessbot_description/package.sh'
[1.095s] INFO:colcon.colcon_core.shell:Creating package script '/home/emmanuel/Chess-Bot-ROS2/install/chessbot_description/share/chessbot_description/package.bash'
[1.098s] INFO:colcon.colcon_core.shell:Creating package script '/home/emmanuel/Chess-Bot-ROS2/install/chessbot_description/share/chessbot_description/package.zsh'
[1.100s] Level 1:colcon.colcon_core.environment:create_file_with_runtime_dependencies(/home/emmanuel/Chess-Bot-ROS2/install/chessbot_description/share/colcon-core/packages/chessbot_description)
[1.116s] Level 1:colcon.colcon_core.environment:create_environment_scripts_only(chessbot_moveit)
[1.116s] Level 1:colcon.colcon_core.environment:checking '/home/emmanuel/Chess-Bot-ROS2/install/chessbot_moveit' for CMake module files
[1.118s] DEBUG:colcon.colcon_core.event_handler.log_command:Invoked command in '/home/emmanuel/Chess-Bot-ROS2/build/chessbot_moveit' returned '0': CMAKE_PREFIX_PATH=/opt/ros/humble /usr/bin/cmake --install /home/emmanuel/Chess-Bot-ROS2/build/chessbot_moveit
[1.119s] Level 1:colcon.colcon_core.environment:checking '/home/emmanuel/Chess-Bot-ROS2/install/chessbot_moveit' for CMake config files
[1.120s] Level 1:colcon.colcon_core.shell:create_environment_hook('chessbot_moveit', 'cmake_prefix_path')
[1.121s] INFO:colcon.colcon_core.shell:Creating environment hook '/home/emmanuel/Chess-Bot-ROS2/install/chessbot_moveit/share/chessbot_moveit/hook/cmake_prefix_path.ps1'
[1.124s] INFO:colcon.colcon_core.shell:Creating environment descriptor '/home/emmanuel/Chess-Bot-ROS2/install/chessbot_moveit/share/chessbot_moveit/hook/cmake_prefix_path.dsv'
[1.125s] INFO:colcon.colcon_core.shell:Creating environment hook '/home/emmanuel/Chess-Bot-ROS2/install/chessbot_moveit/share/chessbot_moveit/hook/cmake_prefix_path.sh'
[1.127s] Level 1:colcon.colcon_core.environment:checking '/home/emmanuel/Chess-Bot-ROS2/install/chessbot_moveit/bin'
[1.127s] Level 1:colcon.colcon_core.environment:checking '/home/emmanuel/Chess-Bot-ROS2/install/chessbot_moveit/lib/pkgconfig/chessbot_moveit.pc'
[1.128s] Level 1:colcon.colcon_core.environment:checking '/home/emmanuel/Chess-Bot-ROS2/install/chessbot_moveit/lib/python3.10/site-packages'
[1.131s] Level 1:colcon.colcon_core.environment:checking '/home/emmanuel/Chess-Bot-ROS2/install/chessbot_moveit/bin'
[1.132s] INFO:colcon.colcon_core.shell:Creating package script '/home/emmanuel/Chess-Bot-ROS2/install/chessbot_moveit/share/chessbot_moveit/package.ps1'
[1.133s] INFO:colcon.colcon_core.shell:Creating package descriptor '/home/emmanuel/Chess-Bot-ROS2/install/chessbot_moveit/share/chessbot_moveit/package.dsv'
[1.133s] INFO:colcon.colcon_core.shell:Creating package script '/home/emmanuel/Chess-Bot-ROS2/install/chessbot_moveit/share/chessbot_moveit/package.sh'
[1.134s] INFO:colcon.colcon_core.shell:Creating package script '/home/emmanuel/Chess-Bot-ROS2/install/chessbot_moveit/share/chessbot_moveit/package.bash'
[1.135s] INFO:colcon.colcon_core.shell:Creating package script '/home/emmanuel/Chess-Bot-ROS2/install/chessbot_moveit/share/chessbot_moveit/package.zsh'
[1.136s] Level 1:colcon.colcon_core.environment:create_file_with_runtime_dependencies(/home/emmanuel/Chess-Bot-ROS2/install/chessbot_moveit/share/colcon-core/packages/chessbot_moveit)
[1.174s] Level 1:colcon.colcon_core.environment:create_environment_scripts_only(chessbot_description)
[1.176s] Level 1:colcon.colcon_core.environment:checking '/home/emmanuel/Chess-Bot-ROS2/install/chessbot_description' for CMake module files
[1.177s] Level 1:colcon.colcon_core.environment:checking '/home/emmanuel/Chess-Bot-ROS2/install/chessbot_description' for CMake config files
[1.178s] Level 1:colcon.colcon_core.shell:create_environment_hook('chessbot_description', 'cmake_prefix_path')
[1.179s] INFO:colcon.colcon_core.shell:Creating environment hook '/home/emmanuel/Chess-Bot-ROS2/install/chessbot_description/share/chessbot_description/hook/cmake_prefix_path.ps1'
[1.180s] INFO:colcon.colcon_core.shell:Creating environment descriptor '/home/emmanuel/Chess-Bot-ROS2/install/chessbot_description/share/chessbot_description/hook/cmake_prefix_path.dsv'
[1.182s] INFO:colcon.colcon_core.shell:Creating environment hook '/home/emmanuel/Chess-Bot-ROS2/install/chessbot_description/share/chessbot_description/hook/cmake_prefix_path.sh'
[1.184s] Level 1:colcon.colcon_core.environment:checking '/home/emmanuel/Chess-Bot-ROS2/install/chessbot_description/bin'
[1.184s] Level 1:colcon.colcon_core.environment:checking '/home/emmanuel/Chess-Bot-ROS2/install/chessbot_description/lib/pkgconfig/chessbot_description.pc'
[1.184s] Level 1:colcon.colcon_core.environment:checking '/home/emmanuel/Chess-Bot-ROS2/install/chessbot_description/lib/python3.10/site-packages'
[1.188s] Level 1:colcon.colcon_core.environment:checking '/home/emmanuel/Chess-Bot-ROS2/install/chessbot_description/bin'
[1.190s] INFO:colcon.colcon_core.shell:Creating package script '/home/emmanuel/Chess-Bot-ROS2/install/chessbot_description/share/chessbot_description/package.ps1'
[1.191s] INFO:colcon.colcon_core.shell:Creating package descriptor '/home/emmanuel/Chess-Bot-ROS2/install/chessbot_description/share/chessbot_description/package.dsv'
[1.195s] INFO:colcon.colcon_core.shell:Creating package script '/home/emmanuel/Chess-Bot-ROS2/install/chessbot_description/share/chessbot_description/package.sh'
[1.196s] INFO:colcon.colcon_core.shell:Creating package script '/home/emmanuel/Chess-Bot-ROS2/install/chessbot_description/share/chessbot_description/package.bash'
[1.197s] INFO:colcon.colcon_core.shell:Creating package script '/home/emmanuel/Chess-Bot-ROS2/install/chessbot_description/share/chessbot_description/package.zsh'
[1.200s] Level 1:colcon.colcon_core.environment:create_file_with_runtime_dependencies(/home/emmanuel/Chess-Bot-ROS2/install/chessbot_description/share/colcon-core/packages/chessbot_description)
[1.206s] Level 1:colcon.colcon_core.environment:create_environment_scripts_only(chessbot_moveit)
[1.207s] Level 1:colcon.colcon_core.environment:checking '/home/emmanuel/Chess-Bot-ROS2/install/chessbot_moveit' for CMake module files
[1.208s] Level 1:colcon.colcon_core.environment:checking '/home/emmanuel/Chess-Bot-ROS2/install/chessbot_moveit' for CMake config files
[1.208s] Level 1:colcon.colcon_core.shell:create_environment_hook('chessbot_moveit', 'cmake_prefix_path')
[1.209s] INFO:colcon.colcon_core.shell:Creating environment hook '/home/emmanuel/Chess-Bot-ROS2/install/chessbot_moveit/share/chessbot_moveit/hook/cmake_prefix_path.ps1'
[1.214s] INFO:colcon.colcon_core.shell:Creating environment descriptor '/home/emmanuel/Chess-Bot-ROS2/install/chessbot_moveit/share/chessbot_moveit/hook/cmake_prefix_path.dsv'
[1.216s] INFO:colcon.colcon_core.shell:Creating environment hook '/home/emmanuel/Chess-Bot-ROS2/install/chessbot_moveit/share/chessbot_moveit/hook/cmake_prefix_path.sh'
[1.218s] Level 1:colcon.colcon_core.environment:checking '/home/emmanuel/Chess-Bot-ROS2/install/chessbot_moveit/bin'
[1.218s] Level 1:colcon.colcon_core.environment:checking '/home/emmanuel/Chess-Bot-ROS2/install/chessbot_moveit/lib/pkgconfig/chessbot_moveit.pc'
[1.219s] Level 1:colcon.colcon_core.environment:checking '/home/emmanuel/Chess-Bot-ROS2/install/chessbot_moveit/lib/python3.10/site-packages'
[1.220s] Level 1:colcon.colcon_core.environment:checking '/home/emmanuel/Chess-Bot-ROS2/install/chessbot_moveit/bin'
[1.220s] INFO:colcon.colcon_core.shell:Creating package script '/home/emmanuel/Chess-Bot-ROS2/install/chessbot_moveit/share/chessbot_moveit/package.ps1'
[1.222s] INFO:colcon.colcon_core.shell:Creating package descriptor '/home/emmanuel/Chess-Bot-ROS2/install/chessbot_moveit/share/chessbot_moveit/package.dsv'
[1.223s] INFO:colcon.colcon_core.shell:Creating package script '/home/emmanuel/Chess-Bot-ROS2/install/chessbot_moveit/share/chessbot_moveit/package.sh'
[1.225s] INFO:colcon.colcon_core.shell:Creating package script '/home/emmanuel/Chess-Bot-ROS2/install/chessbot_moveit/share/chessbot_moveit/package.bash'
[1.227s] INFO:colcon.colcon_core.shell:Creating package script '/home/emmanuel/Chess-Bot-ROS2/install/chessbot_moveit/share/chessbot_moveit/package.zsh'
[1.228s] Level 1:colcon.colcon_core.environment:create_file_with_runtime_dependencies(/home/emmanuel/Chess-Bot-ROS2/install/chessbot_moveit/share/colcon-core/packages/chessbot_moveit)
[1.749s] DEBUG:colcon.colcon_core.event_handler.log_command:Invoked command in '/home/emmanuel/Chess-Bot-ROS2/build/chessbot_controller' returned '0': CMAKE_PREFIX_PATH=/opt/ros/humble /usr/bin/cmake --build /home/emmanuel/Chess-Bot-ROS2/build/chessbot_controller -- -j4 -l4
[1.787s] DEBUG:colcon.colcon_core.event_handler.log_command:Invoking command in '/home/emmanuel/Chess-Bot-ROS2/build/chessbot_controller': CMAKE_PREFIX_PATH=/opt/ros/humble /usr/bin/cmake --install /home/emmanuel/Chess-Bot-ROS2/build/chessbot_controller
[1.883s] Level 1:colcon.colcon_core.environment:create_environment_scripts_only(chessbot_controller)
[1.883s] Level 1:colcon.colcon_core.environment:checking '/home/emmanuel/Chess-Bot-ROS2/install/chessbot_controller' for CMake module files
[1.884s] DEBUG:colcon.colcon_core.event_handler.log_command:Invoked command in '/home/emmanuel/Chess-Bot-ROS2/build/chessbot_controller' returned '0': CMAKE_PREFIX_PATH=/opt/ros/humble /usr/bin/cmake --install /home/emmanuel/Chess-Bot-ROS2/build/chessbot_controller
[1.885s] Level 1:colcon.colcon_core.environment:checking '/home/emmanuel/Chess-Bot-ROS2/install/chessbot_controller' for CMake config files
[1.885s] Level 1:colcon.colcon_core.shell:create_environment_hook('chessbot_controller', 'cmake_prefix_path')
[1.886s] INFO:colcon.colcon_core.shell:Creating environment hook '/home/emmanuel/Chess-Bot-ROS2/install/chessbot_controller/share/chessbot_controller/hook/cmake_prefix_path.ps1'
[1.886s] INFO:colcon.colcon_core.shell:Creating environment descriptor '/home/emmanuel/Chess-Bot-ROS2/install/chessbot_controller/share/chessbot_controller/hook/cmake_prefix_path.dsv'
[1.887s] INFO:colcon.colcon_core.shell:Creating environment hook '/home/emmanuel/Chess-Bot-ROS2/install/chessbot_controller/share/chessbot_controller/hook/cmake_prefix_path.sh'
[1.888s] Level 1:colcon.colcon_core.environment:checking '/home/emmanuel/Chess-Bot-ROS2/install/chessbot_controller/lib'
[1.888s] Level 1:colcon.colcon_core.shell:create_environment_hook('chessbot_controller', 'ld_library_path_lib')
[1.888s] INFO:colcon.colcon_core.shell:Creating environment hook '/home/emmanuel/Chess-Bot-ROS2/install/chessbot_controller/share/chessbot_controller/hook/ld_library_path_lib.ps1'
[1.889s] INFO:colcon.colcon_core.shell:Creating environment descriptor '/home/emmanuel/Chess-Bot-ROS2/install/chessbot_controller/share/chessbot_controller/hook/ld_library_path_lib.dsv'
[1.890s] INFO:colcon.colcon_core.shell:Creating environment hook '/home/emmanuel/Chess-Bot-ROS2/install/chessbot_controller/share/chessbot_controller/hook/ld_library_path_lib.sh'
[1.890s] Level 1:colcon.colcon_core.environment:checking '/home/emmanuel/Chess-Bot-ROS2/install/chessbot_controller/bin'
[1.890s] Level 1:colcon.colcon_core.environment:checking '/home/emmanuel/Chess-Bot-ROS2/install/chessbot_controller/lib/pkgconfig/chessbot_controller.pc'
[1.891s] Level 1:colcon.colcon_core.environment:checking '/home/emmanuel/Chess-Bot-ROS2/install/chessbot_controller/lib/python3.10/site-packages'
[1.891s] Level 1:colcon.colcon_core.environment:checking '/home/emmanuel/Chess-Bot-ROS2/install/chessbot_controller/bin'
[1.892s] INFO:colcon.colcon_core.shell:Creating package script '/home/emmanuel/Chess-Bot-ROS2/install/chessbot_controller/share/chessbot_controller/package.ps1'
[1.892s] INFO:colcon.colcon_core.shell:Creating package descriptor '/home/emmanuel/Chess-Bot-ROS2/install/chessbot_controller/share/chessbot_controller/package.dsv'
[1.893s] INFO:colcon.colcon_core.shell:Creating package script '/home/emmanuel/Chess-Bot-ROS2/install/chessbot_controller/share/chessbot_controller/package.sh'
[1.894s] INFO:colcon.colcon_core.shell:Creating package script '/home/emmanuel/Chess-Bot-ROS2/install/chessbot_controller/share/chessbot_controller/package.bash'
[1.895s] INFO:colcon.colcon_core.shell:Creating package script '/home/emmanuel/Chess-Bot-ROS2/install/chessbot_controller/share/chessbot_controller/package.zsh'
[1.895s] Level 1:colcon.colcon_core.environment:create_file_with_runtime_dependencies(/home/emmanuel/Chess-Bot-ROS2/install/chessbot_controller/share/colcon-core/packages/chessbot_controller)
[1.935s] Level 1:colcon.colcon_core.environment:create_environment_scripts_only(chessbot_controller)
[1.935s] Level 1:colcon.colcon_core.environment:checking '/home/emmanuel/Chess-Bot-ROS2/install/chessbot_controller' for CMake module files
[1.936s] Level 1:colcon.colcon_core.environment:checking '/home/emmanuel/Chess-Bot-ROS2/install/chessbot_controller' for CMake config files
[1.936s] Level 1:colcon.colcon_core.shell:create_environment_hook('chessbot_controller', 'cmake_prefix_path')
[1.937s] INFO:colcon.colcon_core.shell:Creating environment hook '/home/emmanuel/Chess-Bot-ROS2/install/chessbot_controller/share/chessbot_controller/hook/cmake_prefix_path.ps1'
[1.938s] INFO:colcon.colcon_core.shell:Creating environment descriptor '/home/emmanuel/Chess-Bot-ROS2/install/chessbot_controller/share/chessbot_controller/hook/cmake_prefix_path.dsv'
[1.938s] INFO:colcon.colcon_core.shell:Creating environment hook '/home/emmanuel/Chess-Bot-ROS2/install/chessbot_controller/share/chessbot_controller/hook/cmake_prefix_path.sh'
[1.939s] Level 1:colcon.colcon_core.environment:checking '/home/emmanuel/Chess-Bot-ROS2/install/chessbot_controller/lib'
[1.939s] Level 1:colcon.colcon_core.shell:create_environment_hook('chessbot_controller', 'ld_library_path_lib')
[1.940s] INFO:colcon.colcon_core.shell:Creating environment hook '/home/emmanuel/Chess-Bot-ROS2/install/chessbot_controller/share/chessbot_controller/hook/ld_library_path_lib.ps1'
[1.940s] INFO:colcon.colcon_core.shell:Creating environment descriptor '/home/emmanuel/Chess-Bot-ROS2/install/chessbot_controller/share/chessbot_controller/hook/ld_library_path_lib.dsv'
[1.941s] INFO:colcon.colcon_core.shell:Creating environment hook '/home/emmanuel/Chess-Bot-ROS2/install/chessbot_controller/share/chessbot_controller/hook/ld_library_path_lib.sh'
[1.941s] Level 1:colcon.colcon_core.environment:checking '/home/emmanuel/Chess-Bot-ROS2/install/chessbot_controller/bin'
[1.941s] Level 1:colcon.colcon_core.environment:checking '/home/emmanuel/Chess-Bot-ROS2/install/chessbot_controller/lib/pkgconfig/chessbot_controller.pc'
[1.942s] Level 1:colcon.colcon_core.environment:checking '/home/emmanuel/Chess-Bot-ROS2/install/chessbot_controller/lib/python3.10/site-packages'
[1.942s] Level 1:colcon.colcon_core.environment:checking '/home/emmanuel/Chess-Bot-ROS2/install/chessbot_controller/bin'
[1.943s] INFO:colcon.colcon_core.shell:Creating package script '/home/emmanuel/Chess-Bot-ROS2/install/chessbot_controller/share/chessbot_controller/package.ps1'
[1.944s] INFO:colcon.colcon_core.shell:Creating package descriptor '/home/emmanuel/Chess-Bot-ROS2/install/chessbot_controller/share/chessbot_controller/package.dsv'
[1.945s] INFO:colcon.colcon_core.shell:Creating package script '/home/emmanuel/Chess-Bot-ROS2/install/chessbot_controller/share/chessbot_controller/package.sh'
[1.946s] INFO:colcon.colcon_core.shell:Creating package script '/home/emmanuel/Chess-Bot-ROS2/install/chessbot_controller/share/chessbot_controller/package.bash'
[1.947s] INFO:colcon.colcon_core.shell:Creating package script '/home/emmanuel/Chess-Bot-ROS2/install/chessbot_controller/share/chessbot_controller/package.zsh'
[1.948s] Level 1:colcon.colcon_core.environment:create_file_with_runtime_dependencies(/home/emmanuel/Chess-Bot-ROS2/install/chessbot_controller/share/colcon-core/packages/chessbot_controller)
[27.903s] DEBUG:colcon.colcon_core.event_handler.log_command:Invoked command in '/home/emmanuel/Chess-Bot-ROS2/build/chessbot_bringup' returned '0': CMAKE_PREFIX_PATH=/opt/ros/humble /usr/bin/cmake --build /home/emmanuel/Chess-Bot-ROS2/build/chessbot_bringup -- -j4 -l4
[27.931s] DEBUG:colcon.colcon_core.event_handler.log_command:Invoking command in '/home/emmanuel/Chess-Bot-ROS2/build/chessbot_bringup': CMAKE_PREFIX_PATH=/opt/ros/humble /usr/bin/cmake --install /home/emmanuel/Chess-Bot-ROS2/build/chessbot_bringup
[27.967s] Level 1:colcon.colcon_core.environment:create_environment_scripts_only(chessbot_bringup)
[27.968s] Level 1:colcon.colcon_core.environment:checking '/home/emmanuel/Chess-Bot-ROS2/install/chessbot_bringup' for CMake module files
[27.968s] DEBUG:colcon.colcon_core.event_handler.log_command:Invoked command in '/home/emmanuel/Chess-Bot-ROS2/build/chessbot_bringup' returned '0': CMAKE_PREFIX_PATH=/opt/ros/humble /usr/bin/cmake --install /home/emmanuel/Chess-Bot-ROS2/build/chessbot_bringup
[27.969s] Level 1:colcon.colcon_core.environment:checking '/home/emmanuel/Chess-Bot-ROS2/install/chessbot_bringup' for CMake config files
[27.969s] Level 1:colcon.colcon_core.shell:create_environment_hook('chessbot_bringup', 'cmake_prefix_path')
[27.969s] INFO:colcon.colcon_core.shell:Creating environment hook '/home/emmanuel/Chess-Bot-ROS2/install/chessbot_bringup/share/chessbot_bringup/hook/cmake_prefix_path.ps1'
[27.970s] INFO:colcon.colcon_core.shell:Creating environment descriptor '/home/emmanuel/Chess-Bot-ROS2/install/chessbot_bringup/share/chessbot_bringup/hook/cmake_prefix_path.dsv'
[27.970s] INFO:colcon.colcon_core.shell:Creating environment hook '/home/emmanuel/Chess-Bot-ROS2/install/chessbot_bringup/share/chessbot_bringup/hook/cmake_prefix_path.sh'
[27.971s] Level 1:colcon.colcon_core.environment:checking '/home/emmanuel/Chess-Bot-ROS2/install/chessbot_bringup/lib'
[27.971s] Level 1:colcon.colcon_core.environment:checking '/home/emmanuel/Chess-Bot-ROS2/install/chessbot_bringup/bin'
[27.971s] Level 1:colcon.colcon_core.environment:checking '/home/emmanuel/Chess-Bot-ROS2/install/chessbot_bringup/lib/pkgconfig/chessbot_bringup.pc'
[27.971s] Level 1:colcon.colcon_core.environment:checking '/home/emmanuel/Chess-Bot-ROS2/install/chessbot_bringup/lib/python3.10/site-packages'
[27.972s] Level 1:colcon.colcon_core.environment:checking '/home/emmanuel/Chess-Bot-ROS2/install/chessbot_bringup/bin'
[27.972s] INFO:colcon.colcon_core.shell:Creating package script '/home/emmanuel/Chess-Bot-ROS2/install/chessbot_bringup/share/chessbot_bringup/package.ps1'
[27.972s] INFO:colcon.colcon_core.shell:Creating package descriptor '/home/emmanuel/Chess-Bot-ROS2/install/chessbot_bringup/share/chessbot_bringup/package.dsv'
[27.973s] INFO:colcon.colcon_core.shell:Creating package script '/home/emmanuel/Chess-Bot-ROS2/install/chessbot_bringup/share/chessbot_bringup/package.sh'
[27.973s] INFO:colcon.colcon_core.shell:Creating package script '/home/emmanuel/Chess-Bot-ROS2/install/chessbot_bringup/share/chessbot_bringup/package.bash'
[27.974s] INFO:colcon.colcon_core.shell:Creating package script '/home/emmanuel/Chess-Bot-ROS2/install/chessbot_bringup/share/chessbot_bringup/package.zsh'
[27.974s] Level 1:colcon.colcon_core.environment:create_file_with_runtime_dependencies(/home/emmanuel/Chess-Bot-ROS2/install/chessbot_bringup/share/colcon-core/packages/chessbot_bringup)
[28.002s] Level 1:colcon.colcon_core.environment:create_environment_scripts_only(chessbot_bringup)
[28.002s] Level 1:colcon.colcon_core.environment:checking '/home/emmanuel/Chess-Bot-ROS2/install/chessbot_bringup' for CMake module files
[28.003s] Level 1:colcon.colcon_core.environment:checking '/home/emmanuel/Chess-Bot-ROS2/install/chessbot_bringup' for CMake config files
[28.003s] Level 1:colcon.colcon_core.shell:create_environment_hook('chessbot_bringup', 'cmake_prefix_path')
[28.003s] INFO:colcon.colcon_core.shell:Creating environment hook '/home/emmanuel/Chess-Bot-ROS2/install/chessbot_bringup/share/chessbot_bringup/hook/cmake_prefix_path.ps1'
[28.004s] INFO:colcon.colcon_core.shell:Creating environment descriptor '/home/emmanuel/Chess-Bot-ROS2/install/chessbot_bringup/share/chessbot_bringup/hook/cmake_prefix_path.dsv'
[28.004s] INFO:colcon.colcon_core.shell:Creating environment hook '/home/emmanuel/Chess-Bot-ROS2/install/chessbot_bringup/share/chessbot_bringup/hook/cmake_prefix_path.sh'
[28.005s] Level 1:colcon.colcon_core.environment:checking '/home/emmanuel/Chess-Bot-ROS2/install/chessbot_bringup/lib'
[28.005s] Level 1:colcon.colcon_core.environment:checking '/home/emmanuel/Chess-Bot-ROS2/install/chessbot_bringup/bin'
[28.005s] Level 1:colcon.colcon_core.environment:checking '/home/emmanuel/Chess-Bot-ROS2/install/chessbot_bringup/lib/pkgconfig/chessbot_bringup.pc'
[28.006s] Level 1:colcon.colcon_core.environment:checking '/home/emmanuel/Chess-Bot-ROS2/install/chessbot_bringup/lib/python3.10/site-packages'
[28.006s] Level 1:colcon.colcon_core.environment:checking '/home/emmanuel/Chess-Bot-ROS2/install/chessbot_bringup/bin'
[28.006s] INFO:colcon.colcon_core.shell:Creating package script '/home/emmanuel/Chess-Bot-ROS2/install/chessbot_bringup/share/chessbot_bringup/package.ps1'
[28.007s] INFO:colcon.colcon_core.shell:Creating package descriptor '/home/emmanuel/Chess-Bot-ROS2/install/chessbot_bringup/share/chessbot_bringup/package.dsv'
[28.008s] INFO:colcon.colcon_core.shell:Creating package script '/home/emmanuel/Chess-Bot-ROS2/install/chessbot_bringup/share/chessbot_bringup/package.sh'
[28.008s] INFO:colcon.colcon_core.shell:Creating package script '/home/emmanuel/Chess-Bot-ROS2/install/chessbot_bringup/share/chessbot_bringup/package.bash'
[28.009s] INFO:colcon.colcon_core.shell:Creating package script '/home/emmanuel/Chess-Bot-ROS2/install/chessbot_bringup/share/chessbot_bringup/package.zsh'
[28.010s] Level 1:colcon.colcon_core.environment:create_file_with_runtime_dependencies(/home/emmanuel/Chess-Bot-ROS2/install/chessbot_bringup/share/colcon-core/packages/chessbot_bringup)
[28.010s] DEBUG:colcon.colcon_parallel_executor.executor.parallel:closing loop
[28.010s] DEBUG:colcon.colcon_parallel_executor.executor.parallel:loop closed
[28.011s] DEBUG:colcon.colcon_parallel_executor.executor.parallel:run_until_complete finished with '0'
[28.011s] DEBUG:colcon.colcon_core.event_reactor:joining thread
[28.017s] INFO:colcon.colcon_core.plugin_system:Skipping extension 'colcon_notification.desktop_notification.terminal_notifier': Not used on non-Darwin systems
[28.017s] INFO:colcon.colcon_core.plugin_system:Skipping extension 'colcon_notification.desktop_notification.win32': Not used on non-Windows systems
[28.017s] INFO:colcon.colcon_notification.desktop_notification:Sending desktop notification using 'notify2'
[28.032s] DEBUG:colcon.colcon_core.event_reactor:joined thread
[28.033s] INFO:colcon.colcon_core.shell:Creating prefix script '/home/emmanuel/Chess-Bot-ROS2/install/local_setup.ps1'
[28.034s] INFO:colcon.colcon_core.shell:Creating prefix util module '/home/emmanuel/Chess-Bot-ROS2/install/_local_setup_util_ps1.py'
[28.036s] INFO:colcon.colcon_core.shell:Creating prefix chain script '/home/emmanuel/Chess-Bot-ROS2/install/setup.ps1'
[28.037s] INFO:colcon.colcon_core.shell:Creating prefix script '/home/emmanuel/Chess-Bot-ROS2/install/local_setup.sh'
[28.037s] INFO:colcon.colcon_core.shell:Creating prefix util module '/home/emmanuel/Chess-Bot-ROS2/install/_local_setup_util_sh.py'
[28.038s] INFO:colcon.colcon_core.shell:Creating prefix chain script '/home/emmanuel/Chess-Bot-ROS2/install/setup.sh'
[28.039s] INFO:colcon.colcon_core.shell:Creating prefix script '/home/emmanuel/Chess-Bot-ROS2/install/local_setup.bash'
[28.049s] INFO:colcon.colcon_core.shell:Creating prefix chain script '/home/emmanuel/Chess-Bot-ROS2/install/setup.bash'
[28.051s] INFO:colcon.colcon_core.shell:Creating prefix script '/home/emmanuel/Chess-Bot-ROS2/install/local_setup.zsh'
[28.052s] INFO:colcon.colcon_core.shell:Creating prefix chain script '/home/emmanuel/Chess-Bot-ROS2/install/setup.zsh'
