[0.030s] Invoking command in '/home/emmanuel/Chess-Bot-ROS2/build/chessbot_controller': CMAKE_PREFIX_PATH=${CMAKE_PREFIX_PATH}:/opt/ros/humble /usr/bin/cmake --build /home/emmanuel/Chess-Bot-ROS2/build/chessbot_controller -- -j4 -l4
[0.078s] -- Found ament_cmake: 1.3.9 (/opt/ros/humble/share/ament_cmake/cmake)
[0.355s] -- Override CMake install command with custom implementation using symlinks instead of copying resources
[0.367s] -- Found hardware_interface: 2.41.0 (/opt/ros/humble/share/hardware_interface/cmake)
[0.410s] -- Found rosidl_generator_c: 3.1.5 (/opt/ros/humble/share/rosidl_generator_c/cmake)
[0.416s] -- Found rosidl_adapter: 3.1.5 (/opt/ros/humble/share/rosidl_adapter/cmake)
[0.425s] -- Found rosidl_generator_cpp: 3.1.5 (/opt/ros/humble/share/rosidl_generator_cpp/cmake)
[0.439s] -- Using all available rosidl_typesupport_c: rosidl_typesupport_fastrtps_c;rosidl_typesupport_introspection_c
[0.459s] -- Using all available rosidl_typesupport_cpp: rosidl_typesupport_fastrtps_cpp;rosidl_typesupport_introspection_cpp
[1.233s] -- Found rmw_implementation_cmake: 6.1.2 (/opt/ros/humble/share/rmw_implementation_cmake/cmake)
[1.235s] -- Found rmw_cyclonedds_cpp: 1.3.4 (/opt/ros/humble/share/rmw_cyclonedds_cpp/cmake)
[1.271s] -- Using RMW implementation 'rmw_cyclonedds_cpp' as default
[1.465s] -- Found rclpy: 3.3.13 (/opt/ros/humble/share/rclpy/cmake)
[1.705s] -- Configuring done
[1.743s] -- Generating done
[1.745s] -- Build files have been written to: /home/emmanuel/Chess-Bot-ROS2/build/chessbot_controller
[1.777s] [35m[1mConsolidate compiler generated dependencies of target slider_control[0m
[1.784s] [35m[1mConsolidate compiler generated dependencies of target chessbot_controller[0m
[1.808s] [ 50%] Built target slider_control
[1.809s] [ 50%] Built target ament_cmake_python_symlink_chessbot_controller
[1.814s] [100%] Built target chessbot_controller
[2.136s] running egg_info
[2.138s] writing chessbot_controller.egg-info/PKG-INFO
[2.138s] writing dependency_links to chessbot_controller.egg-info/dependency_links.txt
[2.138s] writing top-level names to chessbot_controller.egg-info/top_level.txt
[2.141s] reading manifest file 'chessbot_controller.egg-info/SOURCES.txt'
[2.142s] writing manifest file 'chessbot_controller.egg-info/SOURCES.txt'
[2.175s] [100%] Built target ament_cmake_python_build_chessbot_controller_egg
[2.188s] Invoked command in '/home/emmanuel/Chess-Bot-ROS2/build/chessbot_controller' returned '0': CMAKE_PREFIX_PATH=${CMAKE_PREFIX_PATH}:/opt/ros/humble /usr/bin/cmake --build /home/emmanuel/Chess-Bot-ROS2/build/chessbot_controller -- -j4 -l4
[2.220s] Invoking command in '/home/emmanuel/Chess-Bot-ROS2/build/chessbot_controller': CMAKE_PREFIX_PATH=${CMAKE_PREFIX_PATH}:/opt/ros/humble /usr/bin/cmake --install /home/emmanuel/Chess-Bot-ROS2/build/chessbot_controller
[2.229s] -- Install configuration: ""
[2.229s] -- Execute custom install script
[2.230s] -- Up-to-date symlink: /home/emmanuel/Chess-Bot-ROS2/install/chessbot_controller/share/chessbot_controller/environment/pythonpath.sh
[2.231s] -- Up-to-date symlink: /home/emmanuel/Chess-Bot-ROS2/install/chessbot_controller/share/chessbot_controller/environment/pythonpath.dsv
[2.231s] -- Up-to-date symlink: /home/emmanuel/Chess-Bot-ROS2/install/chessbot_controller/local/lib/python3.10/dist-packages/chessbot_controller-0.0.0-py3.10.egg-info/PKG-INFO
[2.231s] -- Up-to-date symlink: /home/emmanuel/Chess-Bot-ROS2/install/chessbot_controller/local/lib/python3.10/dist-packages/chessbot_controller-0.0.0-py3.10.egg-info/SOURCES.txt
[2.232s] -- Up-to-date symlink: /home/emmanuel/Chess-Bot-ROS2/install/chessbot_controller/local/lib/python3.10/dist-packages/chessbot_controller-0.0.0-py3.10.egg-info/dependency_links.txt
[2.232s] -- Up-to-date symlink: /home/emmanuel/Chess-Bot-ROS2/install/chessbot_controller/local/lib/python3.10/dist-packages/chessbot_controller-0.0.0-py3.10.egg-info/top_level.txt
[2.233s] -- Up-to-date symlink: /home/emmanuel/Chess-Bot-ROS2/install/chessbot_controller/local/lib/python3.10/dist-packages/chessbot_controller/__init__.py
[2.233s] -- Up-to-date symlink: /home/emmanuel/Chess-Bot-ROS2/install/chessbot_controller/local/lib/python3.10/dist-packages/chessbot_controller/slider.py
[2.233s] -- Up-to-date symlink: /home/emmanuel/Chess-Bot-ROS2/install/chessbot_controller/lib/chessbot_controller/slider_control
[2.233s] -- Up-to-date symlink: /home/emmanuel/Chess-Bot-ROS2/install/chessbot_controller/lib/chessbot_controller/slider.py
[2.234s] -- Up-to-date symlink: /home/emmanuel/Chess-Bot-ROS2/install/chessbot_controller/share/chessbot_controller//arm_controller.xml
[2.234s] -- Up-to-date symlink: /home/emmanuel/Chess-Bot-ROS2/install/chessbot_controller/lib/libchessbot_controller.so
[2.235s] -- Up-to-date symlink: /home/emmanuel/Chess-Bot-ROS2/install/chessbot_controller/include/chessbot_controller/arm_interface.hpp
[2.235s] -- Up-to-date symlink: /home/emmanuel/Chess-Bot-ROS2/install/chessbot_controller/include/chessbot_controller/visibility_control.h
[2.235s] -- Up-to-date symlink: /home/emmanuel/Chess-Bot-ROS2/install/chessbot_controller/share/chessbot_controller/config/arm_controllers.yaml
[2.236s] -- Up-to-date symlink: /home/emmanuel/Chess-Bot-ROS2/install/chessbot_controller/share/chessbot_controller/launch/controller.launch.py
[2.236s] -- Up-to-date symlink: /home/emmanuel/Chess-Bot-ROS2/install/chessbot_controller/share/chessbot_controller/launch/joint_slide.launch.py
[2.236s] -- Up-to-date symlink: /home/emmanuel/Chess-Bot-ROS2/install/chessbot_controller/share/chessbot_controller/environment/library_path.sh
[2.236s] -- Up-to-date symlink: /home/emmanuel/Chess-Bot-ROS2/install/chessbot_controller/share/chessbot_controller/environment/library_path.dsv
[2.237s] -- Up-to-date symlink: /home/emmanuel/Chess-Bot-ROS2/install/chessbot_controller/share/ament_index/resource_index/package_run_dependencies/chessbot_controller
[2.237s] -- Up-to-date symlink: /home/emmanuel/Chess-Bot-ROS2/install/chessbot_controller/share/ament_index/resource_index/parent_prefix_path/chessbot_controller
[2.237s] -- Up-to-date symlink: /home/emmanuel/Chess-Bot-ROS2/install/chessbot_controller/share/chessbot_controller/environment/ament_prefix_path.sh
[2.237s] -- Up-to-date symlink: /home/emmanuel/Chess-Bot-ROS2/install/chessbot_controller/share/chessbot_controller/environment/ament_prefix_path.dsv
[2.238s] -- Up-to-date symlink: /home/emmanuel/Chess-Bot-ROS2/install/chessbot_controller/share/chessbot_controller/environment/path.sh
[2.238s] -- Up-to-date symlink: /home/emmanuel/Chess-Bot-ROS2/install/chessbot_controller/share/chessbot_controller/environment/path.dsv
[2.238s] -- Up-to-date symlink: /home/emmanuel/Chess-Bot-ROS2/install/chessbot_controller/share/chessbot_controller/local_setup.bash
[2.238s] -- Up-to-date symlink: /home/emmanuel/Chess-Bot-ROS2/install/chessbot_controller/share/chessbot_controller/local_setup.sh
[2.238s] -- Up-to-date symlink: /home/emmanuel/Chess-Bot-ROS2/install/chessbot_controller/share/chessbot_controller/local_setup.zsh
[2.239s] -- Up-to-date symlink: /home/emmanuel/Chess-Bot-ROS2/install/chessbot_controller/share/chessbot_controller/local_setup.dsv
[2.239s] -- Symlinking: /home/emmanuel/Chess-Bot-ROS2/install/chessbot_controller/share/chessbot_controller/package.dsv
[2.249s] -- Up-to-date symlink: /home/emmanuel/Chess-Bot-ROS2/install/chessbot_controller/share/ament_index/resource_index/packages/chessbot_controller
[2.250s] -- Up-to-date symlink: /home/emmanuel/Chess-Bot-ROS2/install/chessbot_controller/share/ament_index/resource_index/hardware_interface__pluginlib__plugin/chessbot_controller
[2.250s] -- Up-to-date symlink: /home/emmanuel/Chess-Bot-ROS2/install/chessbot_controller/share/chessbot_controller/cmake/ament_cmake_export_include_directories-extras.cmake
[2.250s] -- Up-to-date symlink: /home/emmanuel/Chess-Bot-ROS2/install/chessbot_controller/share/chessbot_controller/cmake/ament_cmake_export_libraries-extras.cmake
[2.250s] -- Up-to-date symlink: /home/emmanuel/Chess-Bot-ROS2/install/chessbot_controller/share/chessbot_controller/cmake/ament_cmake_export_dependencies-extras.cmake
[2.251s] -- Up-to-date symlink: /home/emmanuel/Chess-Bot-ROS2/install/chessbot_controller/share/chessbot_controller/cmake/chessbot_controllerConfig.cmake
[2.251s] -- Up-to-date symlink: /home/emmanuel/Chess-Bot-ROS2/install/chessbot_controller/share/chessbot_controller/cmake/chessbot_controllerConfig-version.cmake
[2.251s] -- Up-to-date symlink: /home/emmanuel/Chess-Bot-ROS2/install/chessbot_controller/share/chessbot_controller/package.xml
[2.285s] Listing '/home/emmanuel/Chess-Bot-ROS2/install/chessbot_controller/local/lib/python3.10/dist-packages/chessbot_controller'...
[2.293s] Invoked command in '/home/emmanuel/Chess-Bot-ROS2/build/chessbot_controller' returned '0': CMAKE_PREFIX_PATH=${CMAKE_PREFIX_PATH}:/opt/ros/humble /usr/bin/cmake --install /home/emmanuel/Chess-Bot-ROS2/build/chessbot_controller
