[0.423s] Invoking command in '/home/emmanuel/Chess-Bot-ROS2/build/chessbot_controller': CMAKE_PREFIX_PATH=${CMAKE_PREFIX_PATH}:/opt/ros/humble /usr/bin/cmake --build /home/emmanuel/Chess-Bot-ROS2/build/chessbot_controller -- -j4 -l4
[0.542s] [ 50%] Built target slider_control
[0.549s] [100%] Built target chessbot_controller
[0.560s] [100%] Built target ament_cmake_python_symlink_chessbot_controller
[1.049s] running egg_info
[1.050s] writing chessbot_controller.egg-info/PKG-INFO
[1.050s] writing dependency_links to chessbot_controller.egg-info/dependency_links.txt
[1.050s] writing top-level names to chessbot_controller.egg-info/top_level.txt
[1.053s] reading manifest file 'chessbot_controller.egg-info/SOURCES.txt'
[1.054s] writing manifest file 'chessbot_controller.egg-info/SOURCES.txt'
[1.091s] [100%] Built target ament_cmake_python_build_chessbot_controller_egg
[1.104s] Invoked command in '/home/emmanuel/Chess-Bot-ROS2/build/chessbot_controller' returned '0': CMAKE_PREFIX_PATH=${CMAKE_PREFIX_PATH}:/opt/ros/humble /usr/bin/cmake --build /home/emmanuel/Chess-Bot-ROS2/build/chessbot_controller -- -j4 -l4
[1.140s] Invoking command in '/home/emmanuel/Chess-Bot-ROS2/build/chessbot_controller': CMAKE_PREFIX_PATH=${CMAKE_PREFIX_PATH}:/opt/ros/humble /usr/bin/cmake --install /home/emmanuel/Chess-Bot-ROS2/build/chessbot_controller
[1.150s] -- Install configuration: ""
[1.151s] -- Execute custom install script
[1.151s] -- Up-to-date symlink: /home/emmanuel/Chess-Bot-ROS2/install/chessbot_controller/share/chessbot_controller/environment/pythonpath.sh
[1.151s] -- Up-to-date symlink: /home/emmanuel/Chess-Bot-ROS2/install/chessbot_controller/share/chessbot_controller/environment/pythonpath.dsv
[1.152s] -- Up-to-date symlink: /home/emmanuel/Chess-Bot-ROS2/install/chessbot_controller/local/lib/python3.10/dist-packages/chessbot_controller-0.0.0-py3.10.egg-info/PKG-INFO
[1.152s] -- Up-to-date symlink: /home/emmanuel/Chess-Bot-ROS2/install/chessbot_controller/local/lib/python3.10/dist-packages/chessbot_controller-0.0.0-py3.10.egg-info/SOURCES.txt
[1.153s] -- Up-to-date symlink: /home/emmanuel/Chess-Bot-ROS2/install/chessbot_controller/local/lib/python3.10/dist-packages/chessbot_controller-0.0.0-py3.10.egg-info/dependency_links.txt
[1.153s] -- Up-to-date symlink: /home/emmanuel/Chess-Bot-ROS2/install/chessbot_controller/local/lib/python3.10/dist-packages/chessbot_controller-0.0.0-py3.10.egg-info/top_level.txt
[1.153s] -- Up-to-date symlink: /home/emmanuel/Chess-Bot-ROS2/install/chessbot_controller/local/lib/python3.10/dist-packages/chessbot_controller/__init__.py
[1.153s] -- Up-to-date symlink: /home/emmanuel/Chess-Bot-ROS2/install/chessbot_controller/local/lib/python3.10/dist-packages/chessbot_controller/move_joint_user.py
[1.153s] -- Up-to-date symlink: /home/emmanuel/Chess-Bot-ROS2/install/chessbot_controller/local/lib/python3.10/dist-packages/chessbot_controller/slider.py
[1.154s] -- Up-to-date symlink: /home/emmanuel/Chess-Bot-ROS2/install/chessbot_controller/lib/chessbot_controller/slider_control
[1.154s] -- Up-to-date symlink: /home/emmanuel/Chess-Bot-ROS2/install/chessbot_controller/lib/chessbot_controller/slider.py
[1.154s] -- Up-to-date symlink: /home/emmanuel/Chess-Bot-ROS2/install/chessbot_controller/lib/chessbot_controller/move_joint_user.py
[1.154s] -- Up-to-date symlink: /home/emmanuel/Chess-Bot-ROS2/install/chessbot_controller/share/chessbot_controller//arm_controller.xml
[1.155s] -- Up-to-date symlink: /home/emmanuel/Chess-Bot-ROS2/install/chessbot_controller/lib/libchessbot_controller.so
[1.155s] -- Up-to-date symlink: /home/emmanuel/Chess-Bot-ROS2/install/chessbot_controller/include1/chessbot_controller/arm_interface.hpp
[1.155s] -- Up-to-date symlink: /home/emmanuel/Chess-Bot-ROS2/install/chessbot_controller/include1/chessbot_controller/visibility_control.h
[1.156s] -- Up-to-date symlink: /home/emmanuel/Chess-Bot-ROS2/install/chessbot_controller/share/chessbot_controller/config/arm_controllers.yaml
[1.156s] -- Up-to-date symlink: /home/emmanuel/Chess-Bot-ROS2/install/chessbot_controller/share/chessbot_controller/launch/controller.launch.py
[1.156s] -- Up-to-date symlink: /home/emmanuel/Chess-Bot-ROS2/install/chessbot_controller/share/chessbot_controller/launch/joint_slide.launch.py
[1.156s] -- Up-to-date symlink: /home/emmanuel/Chess-Bot-ROS2/install/chessbot_controller/share/chessbot_controller/environment/library_path.sh
[1.157s] -- Up-to-date symlink: /home/emmanuel/Chess-Bot-ROS2/install/chessbot_controller/share/chessbot_controller/environment/library_path.dsv
[1.157s] -- Up-to-date symlink: /home/emmanuel/Chess-Bot-ROS2/install/chessbot_controller/share/ament_index/resource_index/package_run_dependencies/chessbot_controller
[1.157s] -- Up-to-date symlink: /home/emmanuel/Chess-Bot-ROS2/install/chessbot_controller/share/ament_index/resource_index/parent_prefix_path/chessbot_controller
[1.157s] -- Up-to-date symlink: /home/emmanuel/Chess-Bot-ROS2/install/chessbot_controller/share/chessbot_controller/environment/ament_prefix_path.sh
[1.158s] -- Up-to-date symlink: /home/emmanuel/Chess-Bot-ROS2/install/chessbot_controller/share/chessbot_controller/environment/ament_prefix_path.dsv
[1.158s] -- Up-to-date symlink: /home/emmanuel/Chess-Bot-ROS2/install/chessbot_controller/share/chessbot_controller/environment/path.sh
[1.158s] -- Up-to-date symlink: /home/emmanuel/Chess-Bot-ROS2/install/chessbot_controller/share/chessbot_controller/environment/path.dsv
[1.158s] -- Up-to-date symlink: /home/emmanuel/Chess-Bot-ROS2/install/chessbot_controller/share/chessbot_controller/local_setup.bash
[1.159s] -- Up-to-date symlink: /home/emmanuel/Chess-Bot-ROS2/install/chessbot_controller/share/chessbot_controller/local_setup.sh
[1.159s] -- Up-to-date symlink: /home/emmanuel/Chess-Bot-ROS2/install/chessbot_controller/share/chessbot_controller/local_setup.zsh
[1.159s] -- Up-to-date symlink: /home/emmanuel/Chess-Bot-ROS2/install/chessbot_controller/share/chessbot_controller/local_setup.dsv
[1.159s] -- Symlinking: /home/emmanuel/Chess-Bot-ROS2/install/chessbot_controller/share/chessbot_controller/package.dsv
[1.169s] -- Up-to-date symlink: /home/emmanuel/Chess-Bot-ROS2/install/chessbot_controller/share/ament_index/resource_index/packages/chessbot_controller
[1.170s] -- Up-to-date symlink: /home/emmanuel/Chess-Bot-ROS2/install/chessbot_controller/share/ament_index/resource_index/hardware_interface__pluginlib__plugin/chessbot_controller
[1.170s] -- Up-to-date symlink: /home/emmanuel/Chess-Bot-ROS2/install/chessbot_controller/share/chessbot_controller/cmake/ament_cmake_export_include_directories-extras.cmake
[1.171s] -- Up-to-date symlink: /home/emmanuel/Chess-Bot-ROS2/install/chessbot_controller/share/chessbot_controller/cmake/ament_cmake_export_libraries-extras.cmake
[1.171s] -- Up-to-date symlink: /home/emmanuel/Chess-Bot-ROS2/install/chessbot_controller/share/chessbot_controller/cmake/ament_cmake_export_dependencies-extras.cmake
[1.171s] -- Up-to-date symlink: /home/emmanuel/Chess-Bot-ROS2/install/chessbot_controller/share/chessbot_controller/cmake/chessbot_controllerConfig.cmake
[1.172s] -- Up-to-date symlink: /home/emmanuel/Chess-Bot-ROS2/install/chessbot_controller/share/chessbot_controller/cmake/chessbot_controllerConfig-version.cmake
[1.172s] -- Up-to-date symlink: /home/emmanuel/Chess-Bot-ROS2/install/chessbot_controller/share/chessbot_controller/package.xml
[1.212s] Listing '/home/emmanuel/Chess-Bot-ROS2/install/chessbot_controller/local/lib/python3.10/dist-packages/chessbot_controller'...
[1.212s] Compiling '/home/emmanuel/Chess-Bot-ROS2/install/chessbot_controller/local/lib/python3.10/dist-packages/chessbot_controller/move_joint_user.py'...
[1.220s] Invoked command in '/home/emmanuel/Chess-Bot-ROS2/build/chessbot_controller' returned '0': CMAKE_PREFIX_PATH=${CMAKE_PREFIX_PATH}:/opt/ros/humble /usr/bin/cmake --install /home/emmanuel/Chess-Bot-ROS2/build/chessbot_controller
