[0.031s] Invoking command in '/home/emmanuel/Chess-Bot-ROS2/build/chessbot_controller': CMAKE_PREFIX_PATH=${CMAKE_PREFIX_PATH}:/opt/ros/humble /usr/bin/cmake --build /home/emmanuel/Chess-Bot-ROS2/build/chessbot_controller -- -j4 -l4
[0.103s] -- Found ament_cmake: 1.3.9 (/opt/ros/humble/share/ament_cmake/cmake)
[0.386s] -- Override CMake install command with custom implementation using symlinks instead of copying resources
[0.398s] -- Found hardware_interface: 2.41.0 (/opt/ros/humble/share/hardware_interface/cmake)
[0.434s] -- Found rosidl_generator_c: 3.1.5 (/opt/ros/humble/share/rosidl_generator_c/cmake)
[0.437s] -- Found rosidl_adapter: 3.1.5 (/opt/ros/humble/share/rosidl_adapter/cmake)
[0.444s] -- Found rosidl_generator_cpp: 3.1.5 (/opt/ros/humble/share/rosidl_generator_cpp/cmake)
[0.458s] -- Using all available rosidl_typesupport_c: rosidl_typesupport_fastrtps_c;rosidl_typesupport_introspection_c
[0.478s] -- Using all available rosidl_typesupport_cpp: rosidl_typesupport_fastrtps_cpp;rosidl_typesupport_introspection_cpp
[1.273s] -- Found rmw_implementation_cmake: 6.1.2 (/opt/ros/humble/share/rmw_implementation_cmake/cmake)
[1.274s] -- Found rmw_cyclonedds_cpp: 1.3.4 (/opt/ros/humble/share/rmw_cyclonedds_cpp/cmake)
[1.311s] -- Using RMW implementation 'rmw_cyclonedds_cpp' as default
[1.514s] -- Found rclpy: 3.3.13 (/opt/ros/humble/share/rclpy/cmake)
[1.596s] [31mCMake Error at /opt/ros/humble/share/ament_cmake_python/cmake/ament_python_install_package.cmake:66 (message):
[1.596s]   ament_python_install_package() the Python package folder
[1.597s]   '/home/emmanuel/Chess-Bot-ROS2/src/chessbot_controller/chessbot_controller'
[1.597s]   doesn't contain an '__init__.py' file
[1.597s] Call Stack (most recent call first):
[1.597s]   /opt/ros/humble/share/ament_cmake_python/cmake/ament_python_install_package.cmake:39 (_ament_cmake_python_install_package)
[1.597s]   CMakeLists.txt:25 (ament_python_install_package)
[1.597s] 
[1.597s] [0m
[1.598s] -- Configuring incomplete, errors occurred!
[1.598s] See also "/home/emmanuel/Chess-Bot-ROS2/build/chessbot_controller/CMakeFiles/CMakeOutput.log".
[1.606s] gmake: *** [Makefile:336: cmake_check_build_system] Error 1
[1.608s] Invoked command in '/home/emmanuel/Chess-Bot-ROS2/build/chessbot_controller' returned '2': CMAKE_PREFIX_PATH=${CMAKE_PREFIX_PATH}:/opt/ros/humble /usr/bin/cmake --build /home/emmanuel/Chess-Bot-ROS2/build/chessbot_controller -- -j4 -l4
