[0.052s] Invoking command in '/home/emmanuel/Chess-Bot-ROS2/build/chessbot_description': CMAKE_PREFIX_PATH=/opt/ros/humble /usr/bin/cmake /home/emmanuel/Chess-Bot-ROS2/src/chessbot_description -DCMAKE_INSTALL_PREFIX=/home/emmanuel/Chess-Bot-ROS2/install/chessbot_description
[1.370s] -- The C compiler identification is GNU 11.4.0
[2.219s] -- The CXX compiler identification is GNU 11.4.0
[2.377s] -- Detecting C compiler ABI info
[2.630s] -- Detecting C compiler ABI info - done
[2.638s] -- Check for working C compiler: /usr/bin/cc - skipped
[2.639s] -- Detecting C compile features
[2.654s] -- Detecting C compile features - done
[2.691s] -- Detecting CXX compiler ABI info
[2.859s] -- Detecting CXX compiler ABI info - done
[2.868s] -- Check for working CXX compiler: /usr/bin/c++ - skipped
[2.868s] -- Detecting CXX compile features
[2.869s] -- Detecting CXX compile features - done
[2.999s] -- Found ament_cmake: 1.3.9 (/opt/ros/humble/share/ament_cmake/cmake)
[3.353s] -- Found Python3: /usr/bin/python3 (found version "3.10.12") found components: Interpreter 
[3.661s] -- Found ament_lint_auto: 0.12.11 (/opt/ros/humble/share/ament_lint_auto/cmake)
[3.888s] -- Added test 'lint_cmake' to check CMake code style
[3.893s] -- Added test 'xmllint' to check XML markup files
[3.899s] -- Configuring done
[3.910s] -- Generating done
[3.914s] -- Build files have been written to: /home/emmanuel/Chess-Bot-ROS2/build/chessbot_description
[3.925s] Invoked command in '/home/emmanuel/Chess-Bot-ROS2/build/chessbot_description' returned '0': CMAKE_PREFIX_PATH=/opt/ros/humble /usr/bin/cmake /home/emmanuel/Chess-Bot-ROS2/src/chessbot_description -DCMAKE_INSTALL_PREFIX=/home/emmanuel/Chess-Bot-ROS2/install/chessbot_description
[3.930s] Invoking command in '/home/emmanuel/Chess-Bot-ROS2/build/chessbot_description': CMAKE_PREFIX_PATH=/opt/ros/humble /usr/bin/cmake --build /home/emmanuel/Chess-Bot-ROS2/build/chessbot_description -- -j4 -l4
[3.972s] Invoked command in '/home/emmanuel/Chess-Bot-ROS2/build/chessbot_description' returned '0': CMAKE_PREFIX_PATH=/opt/ros/humble /usr/bin/cmake --build /home/emmanuel/Chess-Bot-ROS2/build/chessbot_description -- -j4 -l4
[4.007s] Invoking command in '/home/emmanuel/Chess-Bot-ROS2/build/chessbot_description': CMAKE_PREFIX_PATH=/opt/ros/humble /usr/bin/cmake --install /home/emmanuel/Chess-Bot-ROS2/build/chessbot_description
[4.015s] -- Install configuration: ""
[4.015s] -- Installing: /home/emmanuel/Chess-Bot-ROS2/install/chessbot_description/share/ament_index/resource_index/package_run_dependencies/chessbot_description
[4.015s] -- Installing: /home/emmanuel/Chess-Bot-ROS2/install/chessbot_description/share/ament_index/resource_index/parent_prefix_path/chessbot_description
[4.016s] -- Installing: /home/emmanuel/Chess-Bot-ROS2/install/chessbot_description/share/chessbot_description/environment/ament_prefix_path.sh
[4.016s] -- Installing: /home/emmanuel/Chess-Bot-ROS2/install/chessbot_description/share/chessbot_description/environment/ament_prefix_path.dsv
[4.016s] -- Installing: /home/emmanuel/Chess-Bot-ROS2/install/chessbot_description/share/chessbot_description/environment/path.sh
[4.017s] -- Installing: /home/emmanuel/Chess-Bot-ROS2/install/chessbot_description/share/chessbot_description/environment/path.dsv
[4.017s] -- Installing: /home/emmanuel/Chess-Bot-ROS2/install/chessbot_description/share/chessbot_description/local_setup.bash
[4.017s] -- Installing: /home/emmanuel/Chess-Bot-ROS2/install/chessbot_description/share/chessbot_description/local_setup.sh
[4.017s] -- Installing: /home/emmanuel/Chess-Bot-ROS2/install/chessbot_description/share/chessbot_description/local_setup.zsh
[4.017s] -- Installing: /home/emmanuel/Chess-Bot-ROS2/install/chessbot_description/share/chessbot_description/local_setup.dsv
[4.018s] -- Installing: /home/emmanuel/Chess-Bot-ROS2/install/chessbot_description/share/chessbot_description/package.dsv
[4.018s] -- Installing: /home/emmanuel/Chess-Bot-ROS2/install/chessbot_description/share/ament_index/resource_index/packages/chessbot_description
[4.018s] -- Installing: /home/emmanuel/Chess-Bot-ROS2/install/chessbot_description/share/chessbot_description/cmake/chessbot_descriptionConfig.cmake
[4.019s] -- Installing: /home/emmanuel/Chess-Bot-ROS2/install/chessbot_description/share/chessbot_description/cmake/chessbot_descriptionConfig-version.cmake
[4.019s] -- Installing: /home/emmanuel/Chess-Bot-ROS2/install/chessbot_description/share/chessbot_description/package.xml
[4.021s] Invoked command in '/home/emmanuel/Chess-Bot-ROS2/build/chessbot_description' returned '0': CMAKE_PREFIX_PATH=/opt/ros/humble /usr/bin/cmake --install /home/emmanuel/Chess-Bot-ROS2/build/chessbot_description
