[0.038s] Invoking command in '/home/emmanuel/Chess-Bot-ROS2/build/moveit': AMENT_PREFIX_PATH=/home/emmanuel/Chess-Bot-ROS2/install/chessbot_description:${AMENT_PREFIX_PATH} CMAKE_PREFIX_PATH=/home/emmanuel/Chess-Bot-ROS2/install/chessbot_description:/opt/ros/humble /usr/bin/cmake --build /home/emmanuel/Chess-Bot-ROS2/build/moveit -- -j4 -l4
[0.087s] Invoked command in '/home/emmanuel/Chess-Bot-ROS2/build/moveit' returned '0': AMENT_PREFIX_PATH=/home/emmanuel/Chess-Bot-ROS2/install/chessbot_description:${AMENT_PREFIX_PATH} CMAKE_PREFIX_PATH=/home/emmanuel/Chess-Bot-ROS2/install/chessbot_description:/opt/ros/humble /usr/bin/cmake --build /home/emmanuel/Chess-Bot-ROS2/build/moveit -- -j4 -l4
[0.112s] Invoking command in '/home/emmanuel/Chess-Bot-ROS2/build/moveit': AMENT_PREFIX_PATH=/home/emmanuel/Chess-Bot-ROS2/install/chessbot_description:${AMENT_PREFIX_PATH} CMAKE_PREFIX_PATH=/home/emmanuel/Chess-Bot-ROS2/install/chessbot_description:/opt/ros/humble /usr/bin/cmake --install /home/emmanuel/Chess-Bot-ROS2/build/moveit
[0.122s] -- Install configuration: ""
[0.123s] -- Execute custom install script
[0.123s] -- Up-to-date symlink: /home/emmanuel/Chess-Bot-ROS2/install/moveit/share/ament_index/resource_index/package_run_dependencies/moveit
[0.123s] -- Up-to-date symlink: /home/emmanuel/Chess-Bot-ROS2/install/moveit/share/ament_index/resource_index/parent_prefix_path/moveit
[0.124s] -- Up-to-date symlink: /home/emmanuel/Chess-Bot-ROS2/install/moveit/share/moveit/environment/ament_prefix_path.sh
[0.124s] -- Up-to-date symlink: /home/emmanuel/Chess-Bot-ROS2/install/moveit/share/moveit/environment/ament_prefix_path.dsv
[0.126s] -- Up-to-date symlink: /home/emmanuel/Chess-Bot-ROS2/install/moveit/share/moveit/environment/path.sh
[0.126s] -- Up-to-date symlink: /home/emmanuel/Chess-Bot-ROS2/install/moveit/share/moveit/environment/path.dsv
[0.126s] -- Up-to-date symlink: /home/emmanuel/Chess-Bot-ROS2/install/moveit/share/moveit/local_setup.bash
[0.126s] -- Up-to-date symlink: /home/emmanuel/Chess-Bot-ROS2/install/moveit/share/moveit/local_setup.sh
[0.126s] -- Up-to-date symlink: /home/emmanuel/Chess-Bot-ROS2/install/moveit/share/moveit/local_setup.zsh
[0.126s] -- Up-to-date symlink: /home/emmanuel/Chess-Bot-ROS2/install/moveit/share/moveit/local_setup.dsv
[0.127s] -- Symlinking: /home/emmanuel/Chess-Bot-ROS2/install/moveit/share/moveit/package.dsv
[0.142s] -- Up-to-date symlink: /home/emmanuel/Chess-Bot-ROS2/install/moveit/share/ament_index/resource_index/packages/moveit
[0.143s] -- Up-to-date symlink: /home/emmanuel/Chess-Bot-ROS2/install/moveit/share/moveit/cmake/moveitConfig.cmake
[0.143s] -- Up-to-date symlink: /home/emmanuel/Chess-Bot-ROS2/install/moveit/share/moveit/cmake/moveitConfig-version.cmake
[0.143s] -- Up-to-date symlink: /home/emmanuel/Chess-Bot-ROS2/install/moveit/share/moveit/package.xml
[0.143s] -- Up-to-date symlink: /home/emmanuel/Chess-Bot-ROS2/install/moveit/share/moveit/launch/demo.launch.py
[0.143s] -- Up-to-date symlink: /home/emmanuel/Chess-Bot-ROS2/install/moveit/share/moveit/launch/move_group.launch.py
[0.144s] -- Up-to-date symlink: /home/emmanuel/Chess-Bot-ROS2/install/moveit/share/moveit/launch/moveit_rviz.launch.py
[0.144s] -- Up-to-date symlink: /home/emmanuel/Chess-Bot-ROS2/install/moveit/share/moveit/launch/rsp.launch.py
[0.144s] -- Up-to-date symlink: /home/emmanuel/Chess-Bot-ROS2/install/moveit/share/moveit/launch/setup_assistant.launch.py
[0.144s] -- Up-to-date symlink: /home/emmanuel/Chess-Bot-ROS2/install/moveit/share/moveit/launch/spawn_controllers.launch.py
[0.144s] -- Up-to-date symlink: /home/emmanuel/Chess-Bot-ROS2/install/moveit/share/moveit/launch/static_virtual_joint_tfs.launch.py
[0.145s] -- Up-to-date symlink: /home/emmanuel/Chess-Bot-ROS2/install/moveit/share/moveit/launch/warehouse_db.launch.py
[0.145s] -- Up-to-date symlink: /home/emmanuel/Chess-Bot-ROS2/install/moveit/share/moveit/config/arm.ros2_control.xacro
[0.145s] -- Up-to-date symlink: /home/emmanuel/Chess-Bot-ROS2/install/moveit/share/moveit/.setup_assistant
[0.148s] Invoked command in '/home/emmanuel/Chess-Bot-ROS2/build/moveit' returned '0': AMENT_PREFIX_PATH=/home/emmanuel/Chess-Bot-ROS2/install/chessbot_description:${AMENT_PREFIX_PATH} CMAKE_PREFIX_PATH=/home/emmanuel/Chess-Bot-ROS2/install/chessbot_description:/opt/ros/humble /usr/bin/cmake --install /home/emmanuel/Chess-Bot-ROS2/build/moveit
