[0.031s] Invoking command in '/home/emmanuel/Chess-Bot-ROS2/build/chessbot_description': CMAKE_PREFIX_PATH=${CMAKE_PREFIX_PATH}:/opt/ros/humble /usr/bin/cmake --build /home/emmanuel/Chess-Bot-ROS2/build/chessbot_description -- -j4 -l4
[0.111s] Invoked command in '/home/emmanuel/Chess-Bot-ROS2/build/chessbot_description' returned '0': CMAKE_PREFIX_PATH=${CMAKE_PREFIX_PATH}:/opt/ros/humble /usr/bin/cmake --build /home/emmanuel/Chess-Bot-ROS2/build/chessbot_description -- -j4 -l4
[0.223s] Invoking command in '/home/emmanuel/Chess-Bot-ROS2/build/chessbot_description': CMAKE_PREFIX_PATH=${CMAKE_PREFIX_PATH}:/opt/ros/humble /usr/bin/cmake --install /home/emmanuel/Chess-Bot-ROS2/build/chessbot_description
[0.237s] -- Install configuration: ""
[0.239s] -- Execute custom install script
[0.239s] -- Up-to-date symlink: /home/emmanuel/Chess-Bot-ROS2/install/chessbot_description/share/chessbot_description/launch/display.launch.xml
[0.239s] -- Up-to-date symlink: /home/emmanuel/Chess-Bot-ROS2/install/chessbot_description/share/chessbot_description/launch/gazebo_sim.launch.py
[0.239s] -- Up-to-date symlink: /home/emmanuel/Chess-Bot-ROS2/install/chessbot_description/share/chessbot_description/urdf/arm_core.urdf.xacro
[0.240s] -- Up-to-date symlink: /home/emmanuel/Chess-Bot-ROS2/install/chessbot_description/share/chessbot_description/urdf/arm_gazebo.urdf.xacro
[0.240s] -- Up-to-date symlink: /home/emmanuel/Chess-Bot-ROS2/install/chessbot_description/share/chessbot_description/urdf/arm_inertia.urdf.xacro
[0.240s] -- Up-to-date symlink: /home/emmanuel/Chess-Bot-ROS2/install/chessbot_description/share/chessbot_description/urdf/arm_ros2_control.urdf.xacro
[0.241s] -- Up-to-date symlink: /home/emmanuel/Chess-Bot-ROS2/install/chessbot_description/share/chessbot_description/urdf/main.urdf.xacro
[0.241s] -- Up-to-date symlink: /home/emmanuel/Chess-Bot-ROS2/install/chessbot_description/share/chessbot_description/meshes/left_finger.STL
[0.242s] -- Up-to-date symlink: /home/emmanuel/Chess-Bot-ROS2/install/chessbot_description/share/chessbot_description/meshes/right_finger.STL
[0.242s] -- Up-to-date symlink: /home/emmanuel/Chess-Bot-ROS2/install/chessbot_description/share/ament_index/resource_index/package_run_dependencies/chessbot_description
[0.242s] -- Up-to-date symlink: /home/emmanuel/Chess-Bot-ROS2/install/chessbot_description/share/ament_index/resource_index/parent_prefix_path/chessbot_description
[0.243s] -- Up-to-date symlink: /home/emmanuel/Chess-Bot-ROS2/install/chessbot_description/share/chessbot_description/environment/ament_prefix_path.sh
[0.243s] -- Up-to-date symlink: /home/emmanuel/Chess-Bot-ROS2/install/chessbot_description/share/chessbot_description/environment/ament_prefix_path.dsv
[0.243s] -- Up-to-date symlink: /home/emmanuel/Chess-Bot-ROS2/install/chessbot_description/share/chessbot_description/environment/path.sh
[0.244s] -- Up-to-date symlink: /home/emmanuel/Chess-Bot-ROS2/install/chessbot_description/share/chessbot_description/environment/path.dsv
[0.245s] -- Up-to-date symlink: /home/emmanuel/Chess-Bot-ROS2/install/chessbot_description/share/chessbot_description/local_setup.bash
[0.250s] -- Up-to-date symlink: /home/emmanuel/Chess-Bot-ROS2/install/chessbot_description/share/chessbot_description/local_setup.sh
[0.251s] -- Up-to-date symlink: /home/emmanuel/Chess-Bot-ROS2/install/chessbot_description/share/chessbot_description/local_setup.zsh
[0.251s] -- Up-to-date symlink: /home/emmanuel/Chess-Bot-ROS2/install/chessbot_description/share/chessbot_description/local_setup.dsv
[0.251s] -- Symlinking: /home/emmanuel/Chess-Bot-ROS2/install/chessbot_description/share/chessbot_description/package.dsv
[0.276s] -- Up-to-date symlink: /home/emmanuel/Chess-Bot-ROS2/install/chessbot_description/share/ament_index/resource_index/packages/chessbot_description
[0.276s] -- Up-to-date symlink: /home/emmanuel/Chess-Bot-ROS2/install/chessbot_description/share/chessbot_description/cmake/chessbot_descriptionConfig.cmake
[0.276s] -- Up-to-date symlink: /home/emmanuel/Chess-Bot-ROS2/install/chessbot_description/share/chessbot_description/cmake/chessbot_descriptionConfig-version.cmake
[0.277s] -- Up-to-date symlink: /home/emmanuel/Chess-Bot-ROS2/install/chessbot_description/share/chessbot_description/package.xml
[0.288s] Invoked command in '/home/emmanuel/Chess-Bot-ROS2/build/chessbot_description' returned '0': CMAKE_PREFIX_PATH=${CMAKE_PREFIX_PATH}:/opt/ros/humble /usr/bin/cmake --install /home/emmanuel/Chess-Bot-ROS2/build/chessbot_description
