[0.135s] DEBUG:colcon:Command line arguments: ['/usr/bin/colcon', 'build', '--symlink-install']
[0.135s] DEBUG:colcon:Parsed command line arguments: Namespace(log_base=None, log_level=None, verb_name='build', build_base='build', install_base='install', merge_install=False, symlink_install=True, test_result_base=None, continue_on_error=False, executor='parallel', parallel_workers=4, event_handlers=None, ignore_user_meta=False, metas=['./colcon.meta'], base_paths=['.'], packages_ignore=None, packages_ignore_regex=None, paths=None, packages_up_to=None, packages_up_to_regex=None, packages_above=None, packages_above_and_dependencies=None, packages_above_depth=None, packages_select_by_dep=None, packages_skip_by_dep=None, packages_skip_up_to=None, packages_select_build_failed=False, packages_skip_build_finished=False, packages_select_test_failures=False, packages_skip_test_passed=False, packages_select=None, packages_skip=None, packages_select_regex=None, packages_skip_regex=None, packages_start=None, packages_end=None, allow_overriding=[], cmake_args=None, cmake_target=None, cmake_target_skip_unavailable=False, cmake_clean_cache=False, cmake_clean_first=False, cmake_force_configure=False, ament_cmake_args=None, catkin_cmake_args=None, catkin_skip_building_tests=False, mixin_files=None, mixin=None, verb_parser=<colcon_mixin.mixin.mixin_argument.MixinArgumentDecorator object at 0x7c936cf3f6d0>, verb_extension=<colcon_core.verb.build.BuildVerb object at 0x7c936d047eb0>, main=<bound method BuildVerb.main of <colcon_core.verb.build.BuildVerb object at 0x7c936d047eb0>>, mixin_verb=('build',))
[0.374s] Level 1:colcon.colcon_core.package_discovery:discover_packages(colcon_meta) check parameters
[0.374s] Level 1:colcon.colcon_core.package_discovery:discover_packages(recursive) check parameters
[0.374s] Level 1:colcon.colcon_core.package_discovery:discover_packages(ignore) check parameters
[0.374s] Level 1:colcon.colcon_core.package_discovery:discover_packages(path) check parameters
[0.374s] Level 1:colcon.colcon_core.package_discovery:discover_packages(colcon_meta) discover
[0.374s] Level 1:colcon.colcon_core.package_discovery:discover_packages(recursive) discover
[0.374s] INFO:colcon.colcon_core.package_discovery:Crawling recursively for packages in '/home/emmanuel/Chess-Bot-ROS2'
[0.374s] Level 1:colcon.colcon_core.package_identification:_identify(.) by extensions ['ignore', 'ignore_ament_install']
[0.375s] Level 1:colcon.colcon_core.package_identification:_identify(.) by extension 'ignore'
[0.375s] Level 1:colcon.colcon_core.package_identification:_identify(.) by extension 'ignore_ament_install'
[0.375s] Level 1:colcon.colcon_core.package_identification:_identify(.) by extensions ['colcon_pkg']
[0.375s] Level 1:colcon.colcon_core.package_identification:_identify(.) by extension 'colcon_pkg'
[0.375s] Level 1:colcon.colcon_core.package_identification:_identify(.) by extensions ['colcon_meta']
[0.375s] Level 1:colcon.colcon_core.package_identification:_identify(.) by extension 'colcon_meta'
[0.375s] Level 1:colcon.colcon_core.package_identification:_identify(.) by extensions ['ros']
[0.375s] Level 1:colcon.colcon_core.package_identification:_identify(.) by extension 'ros'
[0.400s] Level 1:colcon.colcon_core.package_identification:_identify(.) by extensions ['cmake', 'python']
[0.400s] Level 1:colcon.colcon_core.package_identification:_identify(.) by extension 'cmake'
[0.400s] Level 1:colcon.colcon_core.package_identification:_identify(.) by extension 'python'
[0.400s] Level 1:colcon.colcon_core.package_identification:_identify(.) by extensions ['python_setup_py']
[0.400s] Level 1:colcon.colcon_core.package_identification:_identify(.) by extension 'python_setup_py'
[0.401s] Level 1:colcon.colcon_core.package_identification:_identify(build) by extensions ['ignore', 'ignore_ament_install']
[0.401s] Level 1:colcon.colcon_core.package_identification:_identify(build) by extension 'ignore'
[0.401s] Level 1:colcon.colcon_core.package_identification:_identify(build) ignored
[0.401s] Level 1:colcon.colcon_core.package_identification:_identify(install) by extensions ['ignore', 'ignore_ament_install']
[0.401s] Level 1:colcon.colcon_core.package_identification:_identify(install) by extension 'ignore'
[0.401s] Level 1:colcon.colcon_core.package_identification:_identify(install) ignored
[0.401s] Level 1:colcon.colcon_core.package_identification:_identify(log) by extensions ['ignore', 'ignore_ament_install']
[0.402s] Level 1:colcon.colcon_core.package_identification:_identify(log) by extension 'ignore'
[0.402s] Level 1:colcon.colcon_core.package_identification:_identify(log) ignored
[0.402s] Level 1:colcon.colcon_core.package_identification:_identify(src) by extensions ['ignore', 'ignore_ament_install']
[0.402s] Level 1:colcon.colcon_core.package_identification:_identify(src) by extension 'ignore'
[0.402s] Level 1:colcon.colcon_core.package_identification:_identify(src) by extension 'ignore_ament_install'
[0.402s] Level 1:colcon.colcon_core.package_identification:_identify(src) by extensions ['colcon_pkg']
[0.402s] Level 1:colcon.colcon_core.package_identification:_identify(src) by extension 'colcon_pkg'
[0.402s] Level 1:colcon.colcon_core.package_identification:_identify(src) by extensions ['colcon_meta']
[0.402s] Level 1:colcon.colcon_core.package_identification:_identify(src) by extension 'colcon_meta'
[0.402s] Level 1:colcon.colcon_core.package_identification:_identify(src) by extensions ['ros']
[0.402s] Level 1:colcon.colcon_core.package_identification:_identify(src) by extension 'ros'
[0.402s] Level 1:colcon.colcon_core.package_identification:_identify(src) by extensions ['cmake', 'python']
[0.402s] Level 1:colcon.colcon_core.package_identification:_identify(src) by extension 'cmake'
[0.402s] Level 1:colcon.colcon_core.package_identification:_identify(src) by extension 'python'
[0.402s] Level 1:colcon.colcon_core.package_identification:_identify(src) by extensions ['python_setup_py']
[0.403s] Level 1:colcon.colcon_core.package_identification:_identify(src) by extension 'python_setup_py'
[0.403s] Level 1:colcon.colcon_core.package_identification:_identify(src/chessbot_bringup) by extensions ['ignore', 'ignore_ament_install']
[0.403s] Level 1:colcon.colcon_core.package_identification:_identify(src/chessbot_bringup) by extension 'ignore'
[0.403s] Level 1:colcon.colcon_core.package_identification:_identify(src/chessbot_bringup) by extension 'ignore_ament_install'
[0.403s] Level 1:colcon.colcon_core.package_identification:_identify(src/chessbot_bringup) by extensions ['colcon_pkg']
[0.403s] Level 1:colcon.colcon_core.package_identification:_identify(src/chessbot_bringup) by extension 'colcon_pkg'
[0.403s] Level 1:colcon.colcon_core.package_identification:_identify(src/chessbot_bringup) by extensions ['colcon_meta']
[0.403s] Level 1:colcon.colcon_core.package_identification:_identify(src/chessbot_bringup) by extension 'colcon_meta'
[0.403s] Level 1:colcon.colcon_core.package_identification:_identify(src/chessbot_bringup) by extensions ['ros']
[0.403s] Level 1:colcon.colcon_core.package_identification:_identify(src/chessbot_bringup) by extension 'ros'
[0.406s] DEBUG:colcon.colcon_core.package_identification:Package 'src/chessbot_bringup' with type 'ros.ament_cmake' and name 'chessbot_bringup'
[0.406s] Level 1:colcon.colcon_core.package_identification:_identify(src/chessbot_controller) by extensions ['ignore', 'ignore_ament_install']
[0.406s] Level 1:colcon.colcon_core.package_identification:_identify(src/chessbot_controller) by extension 'ignore'
[0.407s] Level 1:colcon.colcon_core.package_identification:_identify(src/chessbot_controller) by extension 'ignore_ament_install'
[0.407s] Level 1:colcon.colcon_core.package_identification:_identify(src/chessbot_controller) by extensions ['colcon_pkg']
[0.407s] Level 1:colcon.colcon_core.package_identification:_identify(src/chessbot_controller) by extension 'colcon_pkg'
[0.407s] Level 1:colcon.colcon_core.package_identification:_identify(src/chessbot_controller) by extensions ['colcon_meta']
[0.407s] Level 1:colcon.colcon_core.package_identification:_identify(src/chessbot_controller) by extension 'colcon_meta'
[0.407s] Level 1:colcon.colcon_core.package_identification:_identify(src/chessbot_controller) by extensions ['ros']
[0.407s] Level 1:colcon.colcon_core.package_identification:_identify(src/chessbot_controller) by extension 'ros'
[0.407s] DEBUG:colcon.colcon_core.package_identification:Package 'src/chessbot_controller' with type 'ros.ament_cmake' and name 'chessbot_controller'
[0.408s] Level 1:colcon.colcon_core.package_identification:_identify(src/chessbot_description) by extensions ['ignore', 'ignore_ament_install']
[0.408s] Level 1:colcon.colcon_core.package_identification:_identify(src/chessbot_description) by extension 'ignore'
[0.408s] Level 1:colcon.colcon_core.package_identification:_identify(src/chessbot_description) by extension 'ignore_ament_install'
[0.408s] Level 1:colcon.colcon_core.package_identification:_identify(src/chessbot_description) by extensions ['colcon_pkg']
[0.408s] Level 1:colcon.colcon_core.package_identification:_identify(src/chessbot_description) by extension 'colcon_pkg'
[0.408s] Level 1:colcon.colcon_core.package_identification:_identify(src/chessbot_description) by extensions ['colcon_meta']
[0.408s] Level 1:colcon.colcon_core.package_identification:_identify(src/chessbot_description) by extension 'colcon_meta'
[0.408s] Level 1:colcon.colcon_core.package_identification:_identify(src/chessbot_description) by extensions ['ros']
[0.408s] Level 1:colcon.colcon_core.package_identification:_identify(src/chessbot_description) by extension 'ros'
[0.409s] DEBUG:colcon.colcon_core.package_identification:Package 'src/chessbot_description' with type 'ros.ament_cmake' and name 'chessbot_description'
[0.409s] Level 1:colcon.colcon_core.package_identification:_identify(src/chessbot_moveit) by extensions ['ignore', 'ignore_ament_install']
[0.409s] Level 1:colcon.colcon_core.package_identification:_identify(src/chessbot_moveit) by extension 'ignore'
[0.409s] Level 1:colcon.colcon_core.package_identification:_identify(src/chessbot_moveit) by extension 'ignore_ament_install'
[0.409s] Level 1:colcon.colcon_core.package_identification:_identify(src/chessbot_moveit) by extensions ['colcon_pkg']
[0.409s] Level 1:colcon.colcon_core.package_identification:_identify(src/chessbot_moveit) by extension 'colcon_pkg'
[0.409s] Level 1:colcon.colcon_core.package_identification:_identify(src/chessbot_moveit) by extensions ['colcon_meta']
[0.409s] Level 1:colcon.colcon_core.package_identification:_identify(src/chessbot_moveit) by extension 'colcon_meta'
[0.410s] Level 1:colcon.colcon_core.package_identification:_identify(src/chessbot_moveit) by extensions ['ros']
[0.410s] Level 1:colcon.colcon_core.package_identification:_identify(src/chessbot_moveit) by extension 'ros'
[0.410s] DEBUG:colcon.colcon_core.package_identification:Package 'src/chessbot_moveit' with type 'ros.ament_cmake' and name 'chessbot_moveit'
[0.410s] Level 1:colcon.colcon_core.package_discovery:discover_packages(recursive) using defaults
[0.410s] Level 1:colcon.colcon_core.package_discovery:discover_packages(ignore) discover
[0.410s] Level 1:colcon.colcon_core.package_discovery:discover_packages(ignore) using defaults
[0.410s] Level 1:colcon.colcon_core.package_discovery:discover_packages(path) discover
[0.410s] Level 1:colcon.colcon_core.package_discovery:discover_packages(path) using defaults
[0.433s] Level 1:colcon.colcon_core.package_discovery:discover_packages(prefix_path) check parameters
[0.433s] Level 1:colcon.colcon_core.package_discovery:discover_packages(prefix_path) discover
[0.437s] DEBUG:colcon.colcon_installed_package_information.package_discovery:Found 409 installed packages in /opt/ros/humble
[0.440s] Level 1:colcon.colcon_core.package_discovery:discover_packages(prefix_path) using defaults
[0.504s] Level 5:colcon.colcon_core.verb:set package 'chessbot_bringup' build argument 'cmake_args' from command line to 'None'
[0.504s] Level 5:colcon.colcon_core.verb:set package 'chessbot_bringup' build argument 'cmake_target' from command line to 'None'
[0.504s] Level 5:colcon.colcon_core.verb:set package 'chessbot_bringup' build argument 'cmake_target_skip_unavailable' from command line to 'False'
[0.504s] Level 5:colcon.colcon_core.verb:set package 'chessbot_bringup' build argument 'cmake_clean_cache' from command line to 'False'
[0.504s] Level 5:colcon.colcon_core.verb:set package 'chessbot_bringup' build argument 'cmake_clean_first' from command line to 'False'
[0.504s] Level 5:colcon.colcon_core.verb:set package 'chessbot_bringup' build argument 'cmake_force_configure' from command line to 'False'
[0.504s] Level 5:colcon.colcon_core.verb:set package 'chessbot_bringup' build argument 'ament_cmake_args' from command line to 'None'
[0.504s] Level 5:colcon.colcon_core.verb:set package 'chessbot_bringup' build argument 'catkin_cmake_args' from command line to 'None'
[0.504s] Level 5:colcon.colcon_core.verb:set package 'chessbot_bringup' build argument 'catkin_skip_building_tests' from command line to 'False'
[0.504s] DEBUG:colcon.colcon_core.verb:Building package 'chessbot_bringup' with the following arguments: {'ament_cmake_args': None, 'build_base': '/home/emmanuel/Chess-Bot-ROS2/build/chessbot_bringup', 'catkin_cmake_args': None, 'catkin_skip_building_tests': False, 'cmake_args': None, 'cmake_clean_cache': False, 'cmake_clean_first': False, 'cmake_force_configure': False, 'cmake_target': None, 'cmake_target_skip_unavailable': False, 'install_base': '/home/emmanuel/Chess-Bot-ROS2/install/chessbot_bringup', 'merge_install': False, 'path': '/home/emmanuel/Chess-Bot-ROS2/src/chessbot_bringup', 'symlink_install': True, 'test_result_base': None}
[0.504s] Level 5:colcon.colcon_core.verb:set package 'chessbot_controller' build argument 'cmake_args' from command line to 'None'
[0.505s] Level 5:colcon.colcon_core.verb:set package 'chessbot_controller' build argument 'cmake_target' from command line to 'None'
[0.505s] Level 5:colcon.colcon_core.verb:set package 'chessbot_controller' build argument 'cmake_target_skip_unavailable' from command line to 'False'
[0.505s] Level 5:colcon.colcon_core.verb:set package 'chessbot_controller' build argument 'cmake_clean_cache' from command line to 'False'
[0.505s] Level 5:colcon.colcon_core.verb:set package 'chessbot_controller' build argument 'cmake_clean_first' from command line to 'False'
[0.505s] Level 5:colcon.colcon_core.verb:set package 'chessbot_controller' build argument 'cmake_force_configure' from command line to 'False'
[0.505s] Level 5:colcon.colcon_core.verb:set package 'chessbot_controller' build argument 'ament_cmake_args' from command line to 'None'
[0.505s] Level 5:colcon.colcon_core.verb:set package 'chessbot_controller' build argument 'catkin_cmake_args' from command line to 'None'
[0.505s] Level 5:colcon.colcon_core.verb:set package 'chessbot_controller' build argument 'catkin_skip_building_tests' from command line to 'False'
[0.505s] DEBUG:colcon.colcon_core.verb:Building package 'chessbot_controller' with the following arguments: {'ament_cmake_args': None, 'build_base': '/home/emmanuel/Chess-Bot-ROS2/build/chessbot_controller', 'catkin_cmake_args': None, 'catkin_skip_building_tests': False, 'cmake_args': None, 'cmake_clean_cache': False, 'cmake_clean_first': False, 'cmake_force_configure': False, 'cmake_target': None, 'cmake_target_skip_unavailable': False, 'install_base': '/home/emmanuel/Chess-Bot-ROS2/install/chessbot_controller', 'merge_install': False, 'path': '/home/emmanuel/Chess-Bot-ROS2/src/chessbot_controller', 'symlink_install': True, 'test_result_base': None}
[0.505s] Level 5:colcon.colcon_core.verb:set package 'chessbot_description' build argument 'cmake_args' from command line to 'None'
[0.505s] Level 5:colcon.colcon_core.verb:set package 'chessbot_description' build argument 'cmake_target' from command line to 'None'
[0.505s] Level 5:colcon.colcon_core.verb:set package 'chessbot_description' build argument 'cmake_target_skip_unavailable' from command line to 'False'
[0.505s] Level 5:colcon.colcon_core.verb:set package 'chessbot_description' build argument 'cmake_clean_cache' from command line to 'False'
[0.505s] Level 5:colcon.colcon_core.verb:set package 'chessbot_description' build argument 'cmake_clean_first' from command line to 'False'
[0.505s] Level 5:colcon.colcon_core.verb:set package 'chessbot_description' build argument 'cmake_force_configure' from command line to 'False'
[0.506s] Level 5:colcon.colcon_core.verb:set package 'chessbot_description' build argument 'ament_cmake_args' from command line to 'None'
[0.506s] Level 5:colcon.colcon_core.verb:set package 'chessbot_description' build argument 'catkin_cmake_args' from command line to 'None'
[0.506s] Level 5:colcon.colcon_core.verb:set package 'chessbot_description' build argument 'catkin_skip_building_tests' from command line to 'False'
[0.506s] DEBUG:colcon.colcon_core.verb:Building package 'chessbot_description' with the following arguments: {'ament_cmake_args': None, 'build_base': '/home/emmanuel/Chess-Bot-ROS2/build/chessbot_description', 'catkin_cmake_args': None, 'catkin_skip_building_tests': False, 'cmake_args': None, 'cmake_clean_cache': False, 'cmake_clean_first': False, 'cmake_force_configure': False, 'cmake_target': None, 'cmake_target_skip_unavailable': False, 'install_base': '/home/emmanuel/Chess-Bot-ROS2/install/chessbot_description', 'merge_install': False, 'path': '/home/emmanuel/Chess-Bot-ROS2/src/chessbot_description', 'symlink_install': True, 'test_result_base': None}
[0.506s] Level 5:colcon.colcon_core.verb:set package 'chessbot_moveit' build argument 'cmake_args' from command line to 'None'
[0.506s] Level 5:colcon.colcon_core.verb:set package 'chessbot_moveit' build argument 'cmake_target' from command line to 'None'
[0.506s] Level 5:colcon.colcon_core.verb:set package 'chessbot_moveit' build argument 'cmake_target_skip_unavailable' from command line to 'False'
[0.506s] Level 5:colcon.colcon_core.verb:set package 'chessbot_moveit' build argument 'cmake_clean_cache' from command line to 'False'
[0.506s] Level 5:colcon.colcon_core.verb:set package 'chessbot_moveit' build argument 'cmake_clean_first' from command line to 'False'
[0.506s] Level 5:colcon.colcon_core.verb:set package 'chessbot_moveit' build argument 'cmake_force_configure' from command line to 'False'
[0.506s] Level 5:colcon.colcon_core.verb:set package 'chessbot_moveit' build argument 'ament_cmake_args' from command line to 'None'
[0.506s] Level 5:colcon.colcon_core.verb:set package 'chessbot_moveit' build argument 'catkin_cmake_args' from command line to 'None'
[0.506s] Level 5:colcon.colcon_core.verb:set package 'chessbot_moveit' build argument 'catkin_skip_building_tests' from command line to 'False'
[0.506s] DEBUG:colcon.colcon_core.verb:Building package 'chessbot_moveit' with the following arguments: {'ament_cmake_args': None, 'build_base': '/home/emmanuel/Chess-Bot-ROS2/build/chessbot_moveit', 'catkin_cmake_args': None, 'catkin_skip_building_tests': False, 'cmake_args': None, 'cmake_clean_cache': False, 'cmake_clean_first': False, 'cmake_force_configure': False, 'cmake_target': None, 'cmake_target_skip_unavailable': False, 'install_base': '/home/emmanuel/Chess-Bot-ROS2/install/chessbot_moveit', 'merge_install': False, 'path': '/home/emmanuel/Chess-Bot-ROS2/src/chessbot_moveit', 'symlink_install': True, 'test_result_base': None}
[0.507s] INFO:colcon.colcon_core.executor:Executing jobs using 'parallel' executor
[0.508s] DEBUG:colcon.colcon_parallel_executor.executor.parallel:run_until_complete
[0.508s] INFO:colcon.colcon_ros.task.ament_cmake.build:Building ROS package in '/home/emmanuel/Chess-Bot-ROS2/src/chessbot_bringup' with build type 'ament_cmake'
[0.508s] INFO:colcon.colcon_cmake.task.cmake.build:Building CMake package in '/home/emmanuel/Chess-Bot-ROS2/src/chessbot_bringup'
[0.511s] INFO:colcon.colcon_core.plugin_system:Skipping extension 'colcon_core.shell.bat': Not used on non-Windows systems
[0.511s] INFO:colcon.colcon_core.shell:Skip shell extension 'powershell' for command environment: Not usable outside of PowerShell
[0.511s] DEBUG:colcon.colcon_core.shell:Skip shell extension 'dsv' for command environment
[0.515s] INFO:colcon.colcon_ros.task.ament_cmake.build:Building ROS package in '/home/emmanuel/Chess-Bot-ROS2/src/chessbot_controller' with build type 'ament_cmake'
[0.515s] INFO:colcon.colcon_cmake.task.cmake.build:Building CMake package in '/home/emmanuel/Chess-Bot-ROS2/src/chessbot_controller'
[0.515s] INFO:colcon.colcon_core.shell:Skip shell extension 'powershell' for command environment: Not usable outside of PowerShell
[0.516s] DEBUG:colcon.colcon_core.shell:Skip shell extension 'dsv' for command environment
[0.519s] INFO:colcon.colcon_ros.task.ament_cmake.build:Building ROS package in '/home/emmanuel/Chess-Bot-ROS2/src/chessbot_description' with build type 'ament_cmake'
[0.519s] INFO:colcon.colcon_cmake.task.cmake.build:Building CMake package in '/home/emmanuel/Chess-Bot-ROS2/src/chessbot_description'
[0.520s] INFO:colcon.colcon_core.shell:Skip shell extension 'powershell' for command environment: Not usable outside of PowerShell
[0.520s] DEBUG:colcon.colcon_core.shell:Skip shell extension 'dsv' for command environment
[0.526s] INFO:colcon.colcon_ros.task.ament_cmake.build:Building ROS package in '/home/emmanuel/Chess-Bot-ROS2/src/chessbot_moveit' with build type 'ament_cmake'
[0.526s] INFO:colcon.colcon_cmake.task.cmake.build:Building CMake package in '/home/emmanuel/Chess-Bot-ROS2/src/chessbot_moveit'
[0.527s] INFO:colcon.colcon_core.shell:Skip shell extension 'powershell' for command environment: Not usable outside of PowerShell
[0.527s] DEBUG:colcon.colcon_core.shell:Skip shell extension 'dsv' for command environment
[0.541s] DEBUG:colcon.colcon_core.event_handler.log_command:Invoking command in '/home/emmanuel/Chess-Bot-ROS2/build/chessbot_bringup': CMAKE_PREFIX_PATH=/opt/ros/humble /usr/bin/cmake --build /home/emmanuel/Chess-Bot-ROS2/build/chessbot_bringup -- -j4 -l4
[0.544s] DEBUG:colcon.colcon_core.event_handler.log_command:Invoking command in '/home/emmanuel/Chess-Bot-ROS2/build/chessbot_controller': CMAKE_PREFIX_PATH=/opt/ros/humble /usr/bin/cmake --build /home/emmanuel/Chess-Bot-ROS2/build/chessbot_controller -- -j4 -l4
[0.551s] DEBUG:colcon.colcon_core.event_handler.log_command:Invoking command in '/home/emmanuel/Chess-Bot-ROS2/build/chessbot_description': CMAKE_PREFIX_PATH=/opt/ros/humble /usr/bin/cmake --build /home/emmanuel/Chess-Bot-ROS2/build/chessbot_description -- -j4 -l4
[0.560s] DEBUG:colcon.colcon_core.event_handler.log_command:Invoking command in '/home/emmanuel/Chess-Bot-ROS2/build/chessbot_moveit': CMAKE_PREFIX_PATH=/opt/ros/humble /usr/bin/cmake --build /home/emmanuel/Chess-Bot-ROS2/build/chessbot_moveit -- -j4 -l4
[0.626s] DEBUG:colcon.colcon_core.event_handler.log_command:Invoked command in '/home/emmanuel/Chess-Bot-ROS2/build/chessbot_description' returned '0': CMAKE_PREFIX_PATH=/opt/ros/humble /usr/bin/cmake --build /home/emmanuel/Chess-Bot-ROS2/build/chessbot_description -- -j4 -l4
[0.648s] DEBUG:colcon.colcon_core.event_handler.log_command:Invoked command in '/home/emmanuel/Chess-Bot-ROS2/build/chessbot_moveit' returned '0': CMAKE_PREFIX_PATH=/opt/ros/humble /usr/bin/cmake --build /home/emmanuel/Chess-Bot-ROS2/build/chessbot_moveit -- -j4 -l4
[0.712s] DEBUG:colcon.colcon_core.event_handler.log_command:Invoking command in '/home/emmanuel/Chess-Bot-ROS2/build/chessbot_description': CMAKE_PREFIX_PATH=/opt/ros/humble /usr/bin/cmake --install /home/emmanuel/Chess-Bot-ROS2/build/chessbot_description
[0.722s] DEBUG:colcon.colcon_core.event_handler.log_command:Invoking command in '/home/emmanuel/Chess-Bot-ROS2/build/chessbot_moveit': CMAKE_PREFIX_PATH=/opt/ros/humble /usr/bin/cmake --install /home/emmanuel/Chess-Bot-ROS2/build/chessbot_moveit
[0.778s] Level 1:colcon.colcon_core.environment:create_environment_scripts_only(chessbot_moveit)
[0.780s] DEBUG:colcon.colcon_core.event_handler.log_command:Invoked command in '/home/emmanuel/Chess-Bot-ROS2/build/chessbot_moveit' returned '0': CMAKE_PREFIX_PATH=/opt/ros/humble /usr/bin/cmake --install /home/emmanuel/Chess-Bot-ROS2/build/chessbot_moveit
[0.783s] Level 1:colcon.colcon_core.environment:checking '/home/emmanuel/Chess-Bot-ROS2/install/chessbot_moveit' for CMake module files
[0.785s] Level 1:colcon.colcon_core.environment:checking '/home/emmanuel/Chess-Bot-ROS2/install/chessbot_moveit' for CMake config files
[0.785s] Level 1:colcon.colcon_core.shell:create_environment_hook('chessbot_moveit', 'cmake_prefix_path')
[0.786s] INFO:colcon.colcon_core.shell:Creating environment hook '/home/emmanuel/Chess-Bot-ROS2/install/chessbot_moveit/share/chessbot_moveit/hook/cmake_prefix_path.ps1'
[0.787s] INFO:colcon.colcon_core.shell:Creating environment descriptor '/home/emmanuel/Chess-Bot-ROS2/install/chessbot_moveit/share/chessbot_moveit/hook/cmake_prefix_path.dsv'
[0.788s] INFO:colcon.colcon_core.shell:Creating environment hook '/home/emmanuel/Chess-Bot-ROS2/install/chessbot_moveit/share/chessbot_moveit/hook/cmake_prefix_path.sh'
[0.789s] Level 1:colcon.colcon_core.environment:checking '/home/emmanuel/Chess-Bot-ROS2/install/chessbot_moveit/bin'
[0.789s] Level 1:colcon.colcon_core.environment:checking '/home/emmanuel/Chess-Bot-ROS2/install/chessbot_moveit/lib/pkgconfig/chessbot_moveit.pc'
[0.790s] Level 1:colcon.colcon_core.environment:checking '/home/emmanuel/Chess-Bot-ROS2/install/chessbot_moveit/lib/python3.10/site-packages'
[0.791s] Level 1:colcon.colcon_core.environment:checking '/home/emmanuel/Chess-Bot-ROS2/install/chessbot_moveit/bin'
[0.791s] INFO:colcon.colcon_core.shell:Creating package script '/home/emmanuel/Chess-Bot-ROS2/install/chessbot_moveit/share/chessbot_moveit/package.ps1'
[0.793s] INFO:colcon.colcon_core.shell:Creating package descriptor '/home/emmanuel/Chess-Bot-ROS2/install/chessbot_moveit/share/chessbot_moveit/package.dsv'
[0.794s] INFO:colcon.colcon_core.shell:Creating package script '/home/emmanuel/Chess-Bot-ROS2/install/chessbot_moveit/share/chessbot_moveit/package.sh'
[0.796s] INFO:colcon.colcon_core.shell:Creating package script '/home/emmanuel/Chess-Bot-ROS2/install/chessbot_moveit/share/chessbot_moveit/package.bash'
[0.797s] INFO:colcon.colcon_core.shell:Creating package script '/home/emmanuel/Chess-Bot-ROS2/install/chessbot_moveit/share/chessbot_moveit/package.zsh'
[0.799s] Level 1:colcon.colcon_core.environment:create_file_with_runtime_dependencies(/home/emmanuel/Chess-Bot-ROS2/install/chessbot_moveit/share/colcon-core/packages/chessbot_moveit)
[0.801s] Level 1:colcon.colcon_core.environment:create_environment_scripts_only(chessbot_description)
[0.802s] Level 1:colcon.colcon_core.environment:checking '/home/emmanuel/Chess-Bot-ROS2/install/chessbot_description' for CMake module files
[0.804s] DEBUG:colcon.colcon_core.event_handler.log_command:Invoked command in '/home/emmanuel/Chess-Bot-ROS2/build/chessbot_description' returned '0': CMAKE_PREFIX_PATH=/opt/ros/humble /usr/bin/cmake --install /home/emmanuel/Chess-Bot-ROS2/build/chessbot_description
[0.804s] Level 1:colcon.colcon_core.environment:checking '/home/emmanuel/Chess-Bot-ROS2/install/chessbot_description' for CMake config files
[0.804s] Level 1:colcon.colcon_core.shell:create_environment_hook('chessbot_description', 'cmake_prefix_path')
[0.805s] INFO:colcon.colcon_core.shell:Creating environment hook '/home/emmanuel/Chess-Bot-ROS2/install/chessbot_description/share/chessbot_description/hook/cmake_prefix_path.ps1'
[0.806s] INFO:colcon.colcon_core.shell:Creating environment descriptor '/home/emmanuel/Chess-Bot-ROS2/install/chessbot_description/share/chessbot_description/hook/cmake_prefix_path.dsv'
[0.806s] INFO:colcon.colcon_core.shell:Creating environment hook '/home/emmanuel/Chess-Bot-ROS2/install/chessbot_description/share/chessbot_description/hook/cmake_prefix_path.sh'
[0.807s] Level 1:colcon.colcon_core.environment:checking '/home/emmanuel/Chess-Bot-ROS2/install/chessbot_description/bin'
[0.808s] Level 1:colcon.colcon_core.environment:checking '/home/emmanuel/Chess-Bot-ROS2/install/chessbot_description/lib/pkgconfig/chessbot_description.pc'
[0.808s] Level 1:colcon.colcon_core.environment:checking '/home/emmanuel/Chess-Bot-ROS2/install/chessbot_description/lib/python3.10/site-packages'
[0.809s] Level 1:colcon.colcon_core.environment:checking '/home/emmanuel/Chess-Bot-ROS2/install/chessbot_description/bin'
[0.809s] INFO:colcon.colcon_core.shell:Creating package script '/home/emmanuel/Chess-Bot-ROS2/install/chessbot_description/share/chessbot_description/package.ps1'
[0.810s] INFO:colcon.colcon_core.shell:Creating package descriptor '/home/emmanuel/Chess-Bot-ROS2/install/chessbot_description/share/chessbot_description/package.dsv'
[0.811s] INFO:colcon.colcon_core.shell:Creating package script '/home/emmanuel/Chess-Bot-ROS2/install/chessbot_description/share/chessbot_description/package.sh'
[0.812s] INFO:colcon.colcon_core.shell:Creating package script '/home/emmanuel/Chess-Bot-ROS2/install/chessbot_description/share/chessbot_description/package.bash'
[0.813s] INFO:colcon.colcon_core.shell:Creating package script '/home/emmanuel/Chess-Bot-ROS2/install/chessbot_description/share/chessbot_description/package.zsh'
[0.813s] Level 1:colcon.colcon_core.environment:create_file_with_runtime_dependencies(/home/emmanuel/Chess-Bot-ROS2/install/chessbot_description/share/colcon-core/packages/chessbot_description)
[0.845s] Level 1:colcon.colcon_core.environment:create_environment_scripts_only(chessbot_moveit)
[0.845s] Level 1:colcon.colcon_core.environment:checking '/home/emmanuel/Chess-Bot-ROS2/install/chessbot_moveit' for CMake module files
[0.847s] Level 1:colcon.colcon_core.environment:checking '/home/emmanuel/Chess-Bot-ROS2/install/chessbot_moveit' for CMake config files
[0.847s] Level 1:colcon.colcon_core.shell:create_environment_hook('chessbot_moveit', 'cmake_prefix_path')
[0.848s] INFO:colcon.colcon_core.shell:Creating environment hook '/home/emmanuel/Chess-Bot-ROS2/install/chessbot_moveit/share/chessbot_moveit/hook/cmake_prefix_path.ps1'
[0.849s] INFO:colcon.colcon_core.shell:Creating environment descriptor '/home/emmanuel/Chess-Bot-ROS2/install/chessbot_moveit/share/chessbot_moveit/hook/cmake_prefix_path.dsv'
[0.849s] INFO:colcon.colcon_core.shell:Creating environment hook '/home/emmanuel/Chess-Bot-ROS2/install/chessbot_moveit/share/chessbot_moveit/hook/cmake_prefix_path.sh'
[0.850s] Level 1:colcon.colcon_core.environment:checking '/home/emmanuel/Chess-Bot-ROS2/install/chessbot_moveit/bin'
[0.851s] Level 1:colcon.colcon_core.environment:checking '/home/emmanuel/Chess-Bot-ROS2/install/chessbot_moveit/lib/pkgconfig/chessbot_moveit.pc'
[0.851s] Level 1:colcon.colcon_core.environment:checking '/home/emmanuel/Chess-Bot-ROS2/install/chessbot_moveit/lib/python3.10/site-packages'
[0.852s] Level 1:colcon.colcon_core.environment:checking '/home/emmanuel/Chess-Bot-ROS2/install/chessbot_moveit/bin'
[0.853s] INFO:colcon.colcon_core.shell:Creating package script '/home/emmanuel/Chess-Bot-ROS2/install/chessbot_moveit/share/chessbot_moveit/package.ps1'
[0.854s] INFO:colcon.colcon_core.shell:Creating package descriptor '/home/emmanuel/Chess-Bot-ROS2/install/chessbot_moveit/share/chessbot_moveit/package.dsv'
[0.855s] INFO:colcon.colcon_core.shell:Creating package script '/home/emmanuel/Chess-Bot-ROS2/install/chessbot_moveit/share/chessbot_moveit/package.sh'
[0.856s] INFO:colcon.colcon_core.shell:Creating package script '/home/emmanuel/Chess-Bot-ROS2/install/chessbot_moveit/share/chessbot_moveit/package.bash'
[0.857s] INFO:colcon.colcon_core.shell:Creating package script '/home/emmanuel/Chess-Bot-ROS2/install/chessbot_moveit/share/chessbot_moveit/package.zsh'
[0.857s] Level 1:colcon.colcon_core.environment:create_file_with_runtime_dependencies(/home/emmanuel/Chess-Bot-ROS2/install/chessbot_moveit/share/colcon-core/packages/chessbot_moveit)
[0.864s] Level 1:colcon.colcon_core.environment:create_environment_scripts_only(chessbot_description)
[0.864s] Level 1:colcon.colcon_core.environment:checking '/home/emmanuel/Chess-Bot-ROS2/install/chessbot_description' for CMake module files
[0.865s] Level 1:colcon.colcon_core.environment:checking '/home/emmanuel/Chess-Bot-ROS2/install/chessbot_description' for CMake config files
[0.866s] Level 1:colcon.colcon_core.shell:create_environment_hook('chessbot_description', 'cmake_prefix_path')
[0.867s] INFO:colcon.colcon_core.shell:Creating environment hook '/home/emmanuel/Chess-Bot-ROS2/install/chessbot_description/share/chessbot_description/hook/cmake_prefix_path.ps1'
[0.868s] INFO:colcon.colcon_core.shell:Creating environment descriptor '/home/emmanuel/Chess-Bot-ROS2/install/chessbot_description/share/chessbot_description/hook/cmake_prefix_path.dsv'
[0.869s] INFO:colcon.colcon_core.shell:Creating environment hook '/home/emmanuel/Chess-Bot-ROS2/install/chessbot_description/share/chessbot_description/hook/cmake_prefix_path.sh'
[0.870s] Level 1:colcon.colcon_core.environment:checking '/home/emmanuel/Chess-Bot-ROS2/install/chessbot_description/bin'
[0.871s] Level 1:colcon.colcon_core.environment:checking '/home/emmanuel/Chess-Bot-ROS2/install/chessbot_description/lib/pkgconfig/chessbot_description.pc'
[0.871s] Level 1:colcon.colcon_core.environment:checking '/home/emmanuel/Chess-Bot-ROS2/install/chessbot_description/lib/python3.10/site-packages'
[0.872s] Level 1:colcon.colcon_core.environment:checking '/home/emmanuel/Chess-Bot-ROS2/install/chessbot_description/bin'
[0.872s] INFO:colcon.colcon_core.shell:Creating package script '/home/emmanuel/Chess-Bot-ROS2/install/chessbot_description/share/chessbot_description/package.ps1'
[0.874s] INFO:colcon.colcon_core.shell:Creating package descriptor '/home/emmanuel/Chess-Bot-ROS2/install/chessbot_description/share/chessbot_description/package.dsv'
[0.875s] INFO:colcon.colcon_core.shell:Creating package script '/home/emmanuel/Chess-Bot-ROS2/install/chessbot_description/share/chessbot_description/package.sh'
[0.875s] INFO:colcon.colcon_core.shell:Creating package script '/home/emmanuel/Chess-Bot-ROS2/install/chessbot_description/share/chessbot_description/package.bash'
[0.876s] INFO:colcon.colcon_core.shell:Creating package script '/home/emmanuel/Chess-Bot-ROS2/install/chessbot_description/share/chessbot_description/package.zsh'
[0.877s] Level 1:colcon.colcon_core.environment:create_file_with_runtime_dependencies(/home/emmanuel/Chess-Bot-ROS2/install/chessbot_description/share/colcon-core/packages/chessbot_description)
[1.233s] DEBUG:colcon.colcon_core.event_handler.log_command:Invoked command in '/home/emmanuel/Chess-Bot-ROS2/build/chessbot_controller' returned '0': CMAKE_PREFIX_PATH=/opt/ros/humble /usr/bin/cmake --build /home/emmanuel/Chess-Bot-ROS2/build/chessbot_controller -- -j4 -l4
[1.272s] DEBUG:colcon.colcon_core.event_handler.log_command:Invoking command in '/home/emmanuel/Chess-Bot-ROS2/build/chessbot_controller': CMAKE_PREFIX_PATH=/opt/ros/humble /usr/bin/cmake --install /home/emmanuel/Chess-Bot-ROS2/build/chessbot_controller
[1.362s] Level 1:colcon.colcon_core.environment:create_environment_scripts_only(chessbot_controller)
[1.363s] Level 1:colcon.colcon_core.environment:checking '/home/emmanuel/Chess-Bot-ROS2/install/chessbot_controller' for CMake module files
[1.365s] Level 1:colcon.colcon_core.environment:checking '/home/emmanuel/Chess-Bot-ROS2/install/chessbot_controller' for CMake config files
[1.366s] Level 1:colcon.colcon_core.shell:create_environment_hook('chessbot_controller', 'cmake_prefix_path')
[1.366s] INFO:colcon.colcon_core.shell:Creating environment hook '/home/emmanuel/Chess-Bot-ROS2/install/chessbot_controller/share/chessbot_controller/hook/cmake_prefix_path.ps1'
[1.364s] DEBUG:colcon.colcon_core.event_handler.log_command:Invoked command in '/home/emmanuel/Chess-Bot-ROS2/build/chessbot_controller' returned '0': CMAKE_PREFIX_PATH=/opt/ros/humble /usr/bin/cmake --install /home/emmanuel/Chess-Bot-ROS2/build/chessbot_controller
[1.367s] INFO:colcon.colcon_core.shell:Creating environment descriptor '/home/emmanuel/Chess-Bot-ROS2/install/chessbot_controller/share/chessbot_controller/hook/cmake_prefix_path.dsv'
[1.368s] INFO:colcon.colcon_core.shell:Creating environment hook '/home/emmanuel/Chess-Bot-ROS2/install/chessbot_controller/share/chessbot_controller/hook/cmake_prefix_path.sh'
[1.369s] Level 1:colcon.colcon_core.environment:checking '/home/emmanuel/Chess-Bot-ROS2/install/chessbot_controller/lib'
[1.369s] Level 1:colcon.colcon_core.shell:create_environment_hook('chessbot_controller', 'ld_library_path_lib')
[1.370s] INFO:colcon.colcon_core.shell:Creating environment hook '/home/emmanuel/Chess-Bot-ROS2/install/chessbot_controller/share/chessbot_controller/hook/ld_library_path_lib.ps1'
[1.370s] INFO:colcon.colcon_core.shell:Creating environment descriptor '/home/emmanuel/Chess-Bot-ROS2/install/chessbot_controller/share/chessbot_controller/hook/ld_library_path_lib.dsv'
[1.371s] INFO:colcon.colcon_core.shell:Creating environment hook '/home/emmanuel/Chess-Bot-ROS2/install/chessbot_controller/share/chessbot_controller/hook/ld_library_path_lib.sh'
[1.372s] Level 1:colcon.colcon_core.environment:checking '/home/emmanuel/Chess-Bot-ROS2/install/chessbot_controller/bin'
[1.372s] Level 1:colcon.colcon_core.environment:checking '/home/emmanuel/Chess-Bot-ROS2/install/chessbot_controller/lib/pkgconfig/chessbot_controller.pc'
[1.372s] Level 1:colcon.colcon_core.environment:checking '/home/emmanuel/Chess-Bot-ROS2/install/chessbot_controller/lib/python3.10/site-packages'
[1.373s] Level 1:colcon.colcon_core.environment:checking '/home/emmanuel/Chess-Bot-ROS2/install/chessbot_controller/bin'
[1.374s] INFO:colcon.colcon_core.shell:Creating package script '/home/emmanuel/Chess-Bot-ROS2/install/chessbot_controller/share/chessbot_controller/package.ps1'
[1.374s] INFO:colcon.colcon_core.shell:Creating package descriptor '/home/emmanuel/Chess-Bot-ROS2/install/chessbot_controller/share/chessbot_controller/package.dsv'
[1.375s] INFO:colcon.colcon_core.shell:Creating package script '/home/emmanuel/Chess-Bot-ROS2/install/chessbot_controller/share/chessbot_controller/package.sh'
[1.376s] INFO:colcon.colcon_core.shell:Creating package script '/home/emmanuel/Chess-Bot-ROS2/install/chessbot_controller/share/chessbot_controller/package.bash'
[1.377s] INFO:colcon.colcon_core.shell:Creating package script '/home/emmanuel/Chess-Bot-ROS2/install/chessbot_controller/share/chessbot_controller/package.zsh'
[1.377s] Level 1:colcon.colcon_core.environment:create_file_with_runtime_dependencies(/home/emmanuel/Chess-Bot-ROS2/install/chessbot_controller/share/colcon-core/packages/chessbot_controller)
[1.414s] Level 1:colcon.colcon_core.environment:create_environment_scripts_only(chessbot_controller)
[1.415s] Level 1:colcon.colcon_core.environment:checking '/home/emmanuel/Chess-Bot-ROS2/install/chessbot_controller' for CMake module files
[1.416s] Level 1:colcon.colcon_core.environment:checking '/home/emmanuel/Chess-Bot-ROS2/install/chessbot_controller' for CMake config files
[1.417s] Level 1:colcon.colcon_core.shell:create_environment_hook('chessbot_controller', 'cmake_prefix_path')
[1.417s] INFO:colcon.colcon_core.shell:Creating environment hook '/home/emmanuel/Chess-Bot-ROS2/install/chessbot_controller/share/chessbot_controller/hook/cmake_prefix_path.ps1'
[1.419s] INFO:colcon.colcon_core.shell:Creating environment descriptor '/home/emmanuel/Chess-Bot-ROS2/install/chessbot_controller/share/chessbot_controller/hook/cmake_prefix_path.dsv'
[1.420s] INFO:colcon.colcon_core.shell:Creating environment hook '/home/emmanuel/Chess-Bot-ROS2/install/chessbot_controller/share/chessbot_controller/hook/cmake_prefix_path.sh'
[1.421s] Level 1:colcon.colcon_core.environment:checking '/home/emmanuel/Chess-Bot-ROS2/install/chessbot_controller/lib'
[1.421s] Level 1:colcon.colcon_core.shell:create_environment_hook('chessbot_controller', 'ld_library_path_lib')
[1.421s] INFO:colcon.colcon_core.shell:Creating environment hook '/home/emmanuel/Chess-Bot-ROS2/install/chessbot_controller/share/chessbot_controller/hook/ld_library_path_lib.ps1'
[1.422s] INFO:colcon.colcon_core.shell:Creating environment descriptor '/home/emmanuel/Chess-Bot-ROS2/install/chessbot_controller/share/chessbot_controller/hook/ld_library_path_lib.dsv'
[1.422s] INFO:colcon.colcon_core.shell:Creating environment hook '/home/emmanuel/Chess-Bot-ROS2/install/chessbot_controller/share/chessbot_controller/hook/ld_library_path_lib.sh'
[1.423s] Level 1:colcon.colcon_core.environment:checking '/home/emmanuel/Chess-Bot-ROS2/install/chessbot_controller/bin'
[1.423s] Level 1:colcon.colcon_core.environment:checking '/home/emmanuel/Chess-Bot-ROS2/install/chessbot_controller/lib/pkgconfig/chessbot_controller.pc'
[1.424s] Level 1:colcon.colcon_core.environment:checking '/home/emmanuel/Chess-Bot-ROS2/install/chessbot_controller/lib/python3.10/site-packages'
[1.424s] Level 1:colcon.colcon_core.environment:checking '/home/emmanuel/Chess-Bot-ROS2/install/chessbot_controller/bin'
[1.425s] INFO:colcon.colcon_core.shell:Creating package script '/home/emmanuel/Chess-Bot-ROS2/install/chessbot_controller/share/chessbot_controller/package.ps1'
[1.425s] INFO:colcon.colcon_core.shell:Creating package descriptor '/home/emmanuel/Chess-Bot-ROS2/install/chessbot_controller/share/chessbot_controller/package.dsv'
[1.426s] INFO:colcon.colcon_core.shell:Creating package script '/home/emmanuel/Chess-Bot-ROS2/install/chessbot_controller/share/chessbot_controller/package.sh'
[1.428s] INFO:colcon.colcon_core.shell:Creating package script '/home/emmanuel/Chess-Bot-ROS2/install/chessbot_controller/share/chessbot_controller/package.bash'
[1.428s] INFO:colcon.colcon_core.shell:Creating package script '/home/emmanuel/Chess-Bot-ROS2/install/chessbot_controller/share/chessbot_controller/package.zsh'
[1.429s] Level 1:colcon.colcon_core.environment:create_file_with_runtime_dependencies(/home/emmanuel/Chess-Bot-ROS2/install/chessbot_controller/share/colcon-core/packages/chessbot_controller)
[19.239s] DEBUG:colcon.colcon_core.event_handler.log_command:Invoked command in '/home/emmanuel/Chess-Bot-ROS2/build/chessbot_bringup' returned '0': CMAKE_PREFIX_PATH=/opt/ros/humble /usr/bin/cmake --build /home/emmanuel/Chess-Bot-ROS2/build/chessbot_bringup -- -j4 -l4
[19.274s] DEBUG:colcon.colcon_core.event_handler.log_command:Invoking command in '/home/emmanuel/Chess-Bot-ROS2/build/chessbot_bringup': CMAKE_PREFIX_PATH=/opt/ros/humble /usr/bin/cmake --install /home/emmanuel/Chess-Bot-ROS2/build/chessbot_bringup
[19.310s] Level 1:colcon.colcon_core.environment:create_environment_scripts_only(chessbot_bringup)
[19.310s] Level 1:colcon.colcon_core.environment:checking '/home/emmanuel/Chess-Bot-ROS2/install/chessbot_bringup' for CMake module files
[19.311s] DEBUG:colcon.colcon_core.event_handler.log_command:Invoked command in '/home/emmanuel/Chess-Bot-ROS2/build/chessbot_bringup' returned '0': CMAKE_PREFIX_PATH=/opt/ros/humble /usr/bin/cmake --install /home/emmanuel/Chess-Bot-ROS2/build/chessbot_bringup
[19.311s] Level 1:colcon.colcon_core.environment:checking '/home/emmanuel/Chess-Bot-ROS2/install/chessbot_bringup' for CMake config files
[19.312s] Level 1:colcon.colcon_core.shell:create_environment_hook('chessbot_bringup', 'cmake_prefix_path')
[19.312s] INFO:colcon.colcon_core.shell:Creating environment hook '/home/emmanuel/Chess-Bot-ROS2/install/chessbot_bringup/share/chessbot_bringup/hook/cmake_prefix_path.ps1'
[19.313s] INFO:colcon.colcon_core.shell:Creating environment descriptor '/home/emmanuel/Chess-Bot-ROS2/install/chessbot_bringup/share/chessbot_bringup/hook/cmake_prefix_path.dsv'
[19.314s] INFO:colcon.colcon_core.shell:Creating environment hook '/home/emmanuel/Chess-Bot-ROS2/install/chessbot_bringup/share/chessbot_bringup/hook/cmake_prefix_path.sh'
[19.315s] Level 1:colcon.colcon_core.environment:checking '/home/emmanuel/Chess-Bot-ROS2/install/chessbot_bringup/lib'
[19.315s] Level 1:colcon.colcon_core.environment:checking '/home/emmanuel/Chess-Bot-ROS2/install/chessbot_bringup/bin'
[19.315s] Level 1:colcon.colcon_core.environment:checking '/home/emmanuel/Chess-Bot-ROS2/install/chessbot_bringup/lib/pkgconfig/chessbot_bringup.pc'
[19.315s] Level 1:colcon.colcon_core.environment:checking '/home/emmanuel/Chess-Bot-ROS2/install/chessbot_bringup/lib/python3.10/site-packages'
[19.316s] Level 1:colcon.colcon_core.environment:checking '/home/emmanuel/Chess-Bot-ROS2/install/chessbot_bringup/bin'
[19.316s] INFO:colcon.colcon_core.shell:Creating package script '/home/emmanuel/Chess-Bot-ROS2/install/chessbot_bringup/share/chessbot_bringup/package.ps1'
[19.317s] INFO:colcon.colcon_core.shell:Creating package descriptor '/home/emmanuel/Chess-Bot-ROS2/install/chessbot_bringup/share/chessbot_bringup/package.dsv'
[19.318s] INFO:colcon.colcon_core.shell:Creating package script '/home/emmanuel/Chess-Bot-ROS2/install/chessbot_bringup/share/chessbot_bringup/package.sh'
[19.318s] INFO:colcon.colcon_core.shell:Creating package script '/home/emmanuel/Chess-Bot-ROS2/install/chessbot_bringup/share/chessbot_bringup/package.bash'
[19.319s] INFO:colcon.colcon_core.shell:Creating package script '/home/emmanuel/Chess-Bot-ROS2/install/chessbot_bringup/share/chessbot_bringup/package.zsh'
[19.319s] Level 1:colcon.colcon_core.environment:create_file_with_runtime_dependencies(/home/emmanuel/Chess-Bot-ROS2/install/chessbot_bringup/share/colcon-core/packages/chessbot_bringup)
[19.351s] Level 1:colcon.colcon_core.environment:create_environment_scripts_only(chessbot_bringup)
[19.352s] Level 1:colcon.colcon_core.environment:checking '/home/emmanuel/Chess-Bot-ROS2/install/chessbot_bringup' for CMake module files
[19.352s] Level 1:colcon.colcon_core.environment:checking '/home/emmanuel/Chess-Bot-ROS2/install/chessbot_bringup' for CMake config files
[19.353s] Level 1:colcon.colcon_core.shell:create_environment_hook('chessbot_bringup', 'cmake_prefix_path')
[19.353s] INFO:colcon.colcon_core.shell:Creating environment hook '/home/emmanuel/Chess-Bot-ROS2/install/chessbot_bringup/share/chessbot_bringup/hook/cmake_prefix_path.ps1'
[19.353s] INFO:colcon.colcon_core.shell:Creating environment descriptor '/home/emmanuel/Chess-Bot-ROS2/install/chessbot_bringup/share/chessbot_bringup/hook/cmake_prefix_path.dsv'
[19.354s] INFO:colcon.colcon_core.shell:Creating environment hook '/home/emmanuel/Chess-Bot-ROS2/install/chessbot_bringup/share/chessbot_bringup/hook/cmake_prefix_path.sh'
[19.354s] Level 1:colcon.colcon_core.environment:checking '/home/emmanuel/Chess-Bot-ROS2/install/chessbot_bringup/lib'
[19.355s] Level 1:colcon.colcon_core.environment:checking '/home/emmanuel/Chess-Bot-ROS2/install/chessbot_bringup/bin'
[19.355s] Level 1:colcon.colcon_core.environment:checking '/home/emmanuel/Chess-Bot-ROS2/install/chessbot_bringup/lib/pkgconfig/chessbot_bringup.pc'
[19.355s] Level 1:colcon.colcon_core.environment:checking '/home/emmanuel/Chess-Bot-ROS2/install/chessbot_bringup/lib/python3.10/site-packages'
[19.355s] Level 1:colcon.colcon_core.environment:checking '/home/emmanuel/Chess-Bot-ROS2/install/chessbot_bringup/bin'
[19.356s] INFO:colcon.colcon_core.shell:Creating package script '/home/emmanuel/Chess-Bot-ROS2/install/chessbot_bringup/share/chessbot_bringup/package.ps1'
[19.356s] INFO:colcon.colcon_core.shell:Creating package descriptor '/home/emmanuel/Chess-Bot-ROS2/install/chessbot_bringup/share/chessbot_bringup/package.dsv'
[19.357s] INFO:colcon.colcon_core.shell:Creating package script '/home/emmanuel/Chess-Bot-ROS2/install/chessbot_bringup/share/chessbot_bringup/package.sh'
[19.357s] INFO:colcon.colcon_core.shell:Creating package script '/home/emmanuel/Chess-Bot-ROS2/install/chessbot_bringup/share/chessbot_bringup/package.bash'
[19.358s] INFO:colcon.colcon_core.shell:Creating package script '/home/emmanuel/Chess-Bot-ROS2/install/chessbot_bringup/share/chessbot_bringup/package.zsh'
[19.358s] Level 1:colcon.colcon_core.environment:create_file_with_runtime_dependencies(/home/emmanuel/Chess-Bot-ROS2/install/chessbot_bringup/share/colcon-core/packages/chessbot_bringup)
[19.359s] DEBUG:colcon.colcon_parallel_executor.executor.parallel:closing loop
[19.359s] DEBUG:colcon.colcon_parallel_executor.executor.parallel:loop closed
[19.359s] DEBUG:colcon.colcon_parallel_executor.executor.parallel:run_until_complete finished with '0'
[19.359s] DEBUG:colcon.colcon_core.event_reactor:joining thread
[19.366s] INFO:colcon.colcon_core.plugin_system:Skipping extension 'colcon_notification.desktop_notification.terminal_notifier': Not used on non-Darwin systems
[19.367s] INFO:colcon.colcon_core.plugin_system:Skipping extension 'colcon_notification.desktop_notification.win32': Not used on non-Windows systems
[19.367s] INFO:colcon.colcon_notification.desktop_notification:Sending desktop notification using 'notify2'
[19.381s] DEBUG:colcon.colcon_core.event_reactor:joined thread
[19.382s] INFO:colcon.colcon_core.shell:Creating prefix script '/home/emmanuel/Chess-Bot-ROS2/install/local_setup.ps1'
[19.383s] INFO:colcon.colcon_core.shell:Creating prefix util module '/home/emmanuel/Chess-Bot-ROS2/install/_local_setup_util_ps1.py'
[19.385s] INFO:colcon.colcon_core.shell:Creating prefix chain script '/home/emmanuel/Chess-Bot-ROS2/install/setup.ps1'
[19.387s] INFO:colcon.colcon_core.shell:Creating prefix script '/home/emmanuel/Chess-Bot-ROS2/install/local_setup.sh'
[19.387s] INFO:colcon.colcon_core.shell:Creating prefix util module '/home/emmanuel/Chess-Bot-ROS2/install/_local_setup_util_sh.py'
[19.388s] INFO:colcon.colcon_core.shell:Creating prefix chain script '/home/emmanuel/Chess-Bot-ROS2/install/setup.sh'
[19.389s] INFO:colcon.colcon_core.shell:Creating prefix script '/home/emmanuel/Chess-Bot-ROS2/install/local_setup.bash'
[19.407s] INFO:colcon.colcon_core.shell:Creating prefix chain script '/home/emmanuel/Chess-Bot-ROS2/install/setup.bash'
[19.409s] INFO:colcon.colcon_core.shell:Creating prefix script '/home/emmanuel/Chess-Bot-ROS2/install/local_setup.zsh'
[19.409s] INFO:colcon.colcon_core.shell:Creating prefix chain script '/home/emmanuel/Chess-Bot-ROS2/install/setup.zsh'
