[0.081s] Invoking command in '/home/emmanuel/Chess-Bot-ROS2/build/chessbot_controller': CMAKE_PREFIX_PATH=/opt/ros/humble /usr/bin/cmake --build /home/emmanuel/Chess-Bot-ROS2/build/chessbot_controller -- -j4 -l4
[1.236s] [  0%] Built target ament_cmake_python_symlink_chessbot_controller
[1.278s] [ 50%] Built target slider_control
[1.339s] [100%] Built target chessbot_controller
[1.973s] running egg_info
[1.976s] writing chessbot_controller.egg-info/PKG-INFO
[1.976s] writing dependency_links to chessbot_controller.egg-info/dependency_links.txt
[1.976s] writing top-level names to chessbot_controller.egg-info/top_level.txt
[2.030s] reading manifest file 'chessbot_controller.egg-info/SOURCES.txt'
[2.031s] writing manifest file 'chessbot_controller.egg-info/SOURCES.txt'
[2.072s] [100%] Built target ament_cmake_python_build_chessbot_controller_egg
[2.123s] Invoked command in '/home/emmanuel/Chess-Bot-ROS2/build/chessbot_controller' returned '0': CMAKE_PREFIX_PATH=/opt/ros/humble /usr/bin/cmake --build /home/emmanuel/Chess-Bot-ROS2/build/chessbot_controller -- -j4 -l4
[2.177s] Invoking command in '/home/emmanuel/Chess-Bot-ROS2/build/chessbot_controller': CMAKE_PREFIX_PATH=/opt/ros/humble /usr/bin/cmake --install /home/emmanuel/Chess-Bot-ROS2/build/chessbot_controller
[2.212s] -- Install configuration: ""
[2.220s] -- Execute custom install script
[2.240s] -- Up-to-date symlink: /home/emmanuel/Chess-Bot-ROS2/install/chessbot_controller/share/chessbot_controller/environment/pythonpath.sh
[2.240s] -- Up-to-date symlink: /home/emmanuel/Chess-Bot-ROS2/install/chessbot_controller/share/chessbot_controller/environment/pythonpath.dsv
[2.241s] -- Up-to-date symlink: /home/emmanuel/Chess-Bot-ROS2/install/chessbot_controller/local/lib/python3.10/dist-packages/chessbot_controller-0.0.0-py3.10.egg-info/PKG-INFO
[2.242s] -- Up-to-date symlink: /home/emmanuel/Chess-Bot-ROS2/install/chessbot_controller/local/lib/python3.10/dist-packages/chessbot_controller-0.0.0-py3.10.egg-info/SOURCES.txt
[2.242s] -- Up-to-date symlink: /home/emmanuel/Chess-Bot-ROS2/install/chessbot_controller/local/lib/python3.10/dist-packages/chessbot_controller-0.0.0-py3.10.egg-info/dependency_links.txt
[2.242s] -- Up-to-date symlink: /home/emmanuel/Chess-Bot-ROS2/install/chessbot_controller/local/lib/python3.10/dist-packages/chessbot_controller-0.0.0-py3.10.egg-info/top_level.txt
[2.243s] -- Up-to-date symlink: /home/emmanuel/Chess-Bot-ROS2/install/chessbot_controller/local/lib/python3.10/dist-packages/chessbot_controller/__init__.py
[2.243s] -- Up-to-date symlink: /home/emmanuel/Chess-Bot-ROS2/install/chessbot_controller/local/lib/python3.10/dist-packages/chessbot_controller/slider.py
[2.276s] -- Up-to-date symlink: /home/emmanuel/Chess-Bot-ROS2/install/chessbot_controller/lib/chessbot_controller/slider_control
[2.277s] -- Up-to-date symlink: /home/emmanuel/Chess-Bot-ROS2/install/chessbot_controller/lib/chessbot_controller/slider.py
[2.277s] -- Up-to-date symlink: /home/emmanuel/Chess-Bot-ROS2/install/chessbot_controller/share/chessbot_controller//arm_controller.xml
[2.316s] -- Up-to-date symlink: /home/emmanuel/Chess-Bot-ROS2/install/chessbot_controller/lib/libchessbot_controller.so
[2.317s] -- Up-to-date symlink: /home/emmanuel/Chess-Bot-ROS2/install/chessbot_controller/include/chessbot_controller/arm_interface.hpp
[2.317s] -- Up-to-date symlink: /home/emmanuel/Chess-Bot-ROS2/install/chessbot_controller/include/chessbot_controller/visibility_control.h
[2.318s] -- Up-to-date symlink: /home/emmanuel/Chess-Bot-ROS2/install/chessbot_controller/share/chessbot_controller/config/arm_controllers.yaml
[2.319s] -- Up-to-date symlink: /home/emmanuel/Chess-Bot-ROS2/install/chessbot_controller/share/chessbot_controller/launch/controller.launch.py
[2.334s] -- Up-to-date symlink: /home/emmanuel/Chess-Bot-ROS2/install/chessbot_controller/share/chessbot_controller/environment/library_path.sh
[2.334s] -- Up-to-date symlink: /home/emmanuel/Chess-Bot-ROS2/install/chessbot_controller/share/chessbot_controller/environment/library_path.dsv
[2.348s] -- Up-to-date symlink: /home/emmanuel/Chess-Bot-ROS2/install/chessbot_controller/share/ament_index/resource_index/package_run_dependencies/chessbot_controller
[2.356s] -- Up-to-date symlink: /home/emmanuel/Chess-Bot-ROS2/install/chessbot_controller/share/ament_index/resource_index/parent_prefix_path/chessbot_controller
[2.366s] -- Up-to-date symlink: /home/emmanuel/Chess-Bot-ROS2/install/chessbot_controller/share/chessbot_controller/environment/ament_prefix_path.sh
[2.367s] -- Up-to-date symlink: /home/emmanuel/Chess-Bot-ROS2/install/chessbot_controller/share/chessbot_controller/environment/ament_prefix_path.dsv
[2.368s] -- Up-to-date symlink: /home/emmanuel/Chess-Bot-ROS2/install/chessbot_controller/share/chessbot_controller/environment/path.sh
[2.369s] -- Up-to-date symlink: /home/emmanuel/Chess-Bot-ROS2/install/chessbot_controller/share/chessbot_controller/environment/path.dsv
[2.371s] -- Up-to-date symlink: /home/emmanuel/Chess-Bot-ROS2/install/chessbot_controller/share/chessbot_controller/local_setup.bash
[2.379s] -- Up-to-date symlink: /home/emmanuel/Chess-Bot-ROS2/install/chessbot_controller/share/chessbot_controller/local_setup.sh
[2.379s] -- Up-to-date symlink: /home/emmanuel/Chess-Bot-ROS2/install/chessbot_controller/share/chessbot_controller/local_setup.zsh
[2.379s] -- Up-to-date symlink: /home/emmanuel/Chess-Bot-ROS2/install/chessbot_controller/share/chessbot_controller/local_setup.dsv
[2.380s] -- Symlinking: /home/emmanuel/Chess-Bot-ROS2/install/chessbot_controller/share/chessbot_controller/package.dsv
[2.395s] -- Up-to-date symlink: /home/emmanuel/Chess-Bot-ROS2/install/chessbot_controller/share/ament_index/resource_index/packages/chessbot_controller
[2.395s] -- Up-to-date symlink: /home/emmanuel/Chess-Bot-ROS2/install/chessbot_controller/share/ament_index/resource_index/hardware_interface__pluginlib__plugin/chessbot_controller
[2.395s] -- Up-to-date symlink: /home/emmanuel/Chess-Bot-ROS2/install/chessbot_controller/share/chessbot_controller/cmake/ament_cmake_export_include_directories-extras.cmake
[2.396s] -- Up-to-date symlink: /home/emmanuel/Chess-Bot-ROS2/install/chessbot_controller/share/chessbot_controller/cmake/ament_cmake_export_libraries-extras.cmake
[2.396s] -- Up-to-date symlink: /home/emmanuel/Chess-Bot-ROS2/install/chessbot_controller/share/chessbot_controller/cmake/ament_cmake_export_dependencies-extras.cmake
[2.396s] -- Up-to-date symlink: /home/emmanuel/Chess-Bot-ROS2/install/chessbot_controller/share/chessbot_controller/cmake/chessbot_controllerConfig.cmake
[2.396s] -- Up-to-date symlink: /home/emmanuel/Chess-Bot-ROS2/install/chessbot_controller/share/chessbot_controller/cmake/chessbot_controllerConfig-version.cmake
[2.397s] -- Up-to-date symlink: /home/emmanuel/Chess-Bot-ROS2/install/chessbot_controller/share/chessbot_controller/package.xml
[2.477s] Listing '/home/emmanuel/Chess-Bot-ROS2/install/chessbot_controller/local/lib/python3.10/dist-packages/chessbot_controller'...
[2.487s] Invoked command in '/home/emmanuel/Chess-Bot-ROS2/build/chessbot_controller' returned '0': CMAKE_PREFIX_PATH=/opt/ros/humble /usr/bin/cmake --install /home/emmanuel/Chess-Bot-ROS2/build/chessbot_controller
