[0.131s] DEBUG:colcon:Command line arguments: ['/usr/bin/colcon', 'build', '--symlink-install']
[0.131s] DEBUG:colcon:Parsed command line arguments: Namespace(log_base=None, log_level=None, verb_name='build', build_base='build', install_base='install', merge_install=False, symlink_install=True, test_result_base=None, continue_on_error=False, executor='parallel', parallel_workers=4, event_handlers=None, ignore_user_meta=False, metas=['./colcon.meta'], base_paths=['.'], packages_ignore=None, packages_ignore_regex=None, paths=None, packages_up_to=None, packages_up_to_regex=None, packages_above=None, packages_above_and_dependencies=None, packages_above_depth=None, packages_select_by_dep=None, packages_skip_by_dep=None, packages_skip_up_to=None, packages_select_build_failed=False, packages_skip_build_finished=False, packages_select_test_failures=False, packages_skip_test_passed=False, packages_select=None, packages_skip=None, packages_select_regex=None, packages_skip_regex=None, packages_start=None, packages_end=None, allow_overriding=[], cmake_args=None, cmake_target=None, cmake_target_skip_unavailable=False, cmake_clean_cache=False, cmake_clean_first=False, cmake_force_configure=False, ament_cmake_args=None, catkin_cmake_args=None, catkin_skip_building_tests=False, mixin_files=None, mixin=None, verb_parser=<colcon_mixin.mixin.mixin_argument.MixinArgumentDecorator object at 0x79d95ce3f6d0>, verb_extension=<colcon_core.verb.build.BuildVerb object at 0x79d95cf47eb0>, main=<bound method BuildVerb.main of <colcon_core.verb.build.BuildVerb object at 0x79d95cf47eb0>>, mixin_verb=('build',))
[0.361s] Level 1:colcon.colcon_core.package_discovery:discover_packages(colcon_meta) check parameters
[0.361s] Level 1:colcon.colcon_core.package_discovery:discover_packages(recursive) check parameters
[0.361s] Level 1:colcon.colcon_core.package_discovery:discover_packages(ignore) check parameters
[0.361s] Level 1:colcon.colcon_core.package_discovery:discover_packages(path) check parameters
[0.361s] Level 1:colcon.colcon_core.package_discovery:discover_packages(colcon_meta) discover
[0.362s] Level 1:colcon.colcon_core.package_discovery:discover_packages(recursive) discover
[0.362s] INFO:colcon.colcon_core.package_discovery:Crawling recursively for packages in '/home/emmanuel/Chess-Bot-ROS2'
[0.362s] Level 1:colcon.colcon_core.package_identification:_identify(.) by extensions ['ignore', 'ignore_ament_install']
[0.362s] Level 1:colcon.colcon_core.package_identification:_identify(.) by extension 'ignore'
[0.362s] Level 1:colcon.colcon_core.package_identification:_identify(.) by extension 'ignore_ament_install'
[0.362s] Level 1:colcon.colcon_core.package_identification:_identify(.) by extensions ['colcon_pkg']
[0.362s] Level 1:colcon.colcon_core.package_identification:_identify(.) by extension 'colcon_pkg'
[0.362s] Level 1:colcon.colcon_core.package_identification:_identify(.) by extensions ['colcon_meta']
[0.362s] Level 1:colcon.colcon_core.package_identification:_identify(.) by extension 'colcon_meta'
[0.363s] Level 1:colcon.colcon_core.package_identification:_identify(.) by extensions ['ros']
[0.363s] Level 1:colcon.colcon_core.package_identification:_identify(.) by extension 'ros'
[0.389s] Level 1:colcon.colcon_core.package_identification:_identify(.) by extensions ['cmake', 'python']
[0.389s] Level 1:colcon.colcon_core.package_identification:_identify(.) by extension 'cmake'
[0.389s] Level 1:colcon.colcon_core.package_identification:_identify(.) by extension 'python'
[0.389s] Level 1:colcon.colcon_core.package_identification:_identify(.) by extensions ['python_setup_py']
[0.389s] Level 1:colcon.colcon_core.package_identification:_identify(.) by extension 'python_setup_py'
[0.389s] Level 1:colcon.colcon_core.package_identification:_identify(build) by extensions ['ignore', 'ignore_ament_install']
[0.389s] Level 1:colcon.colcon_core.package_identification:_identify(build) by extension 'ignore'
[0.390s] Level 1:colcon.colcon_core.package_identification:_identify(build) ignored
[0.390s] Level 1:colcon.colcon_core.package_identification:_identify(install) by extensions ['ignore', 'ignore_ament_install']
[0.390s] Level 1:colcon.colcon_core.package_identification:_identify(install) by extension 'ignore'
[0.390s] Level 1:colcon.colcon_core.package_identification:_identify(install) ignored
[0.390s] Level 1:colcon.colcon_core.package_identification:_identify(log) by extensions ['ignore', 'ignore_ament_install']
[0.390s] Level 1:colcon.colcon_core.package_identification:_identify(log) by extension 'ignore'
[0.391s] Level 1:colcon.colcon_core.package_identification:_identify(log) ignored
[0.391s] Level 1:colcon.colcon_core.package_identification:_identify(src) by extensions ['ignore', 'ignore_ament_install']
[0.391s] Level 1:colcon.colcon_core.package_identification:_identify(src) by extension 'ignore'
[0.391s] Level 1:colcon.colcon_core.package_identification:_identify(src) by extension 'ignore_ament_install'
[0.391s] Level 1:colcon.colcon_core.package_identification:_identify(src) by extensions ['colcon_pkg']
[0.391s] Level 1:colcon.colcon_core.package_identification:_identify(src) by extension 'colcon_pkg'
[0.391s] Level 1:colcon.colcon_core.package_identification:_identify(src) by extensions ['colcon_meta']
[0.391s] Level 1:colcon.colcon_core.package_identification:_identify(src) by extension 'colcon_meta'
[0.391s] Level 1:colcon.colcon_core.package_identification:_identify(src) by extensions ['ros']
[0.391s] Level 1:colcon.colcon_core.package_identification:_identify(src) by extension 'ros'
[0.391s] Level 1:colcon.colcon_core.package_identification:_identify(src) by extensions ['cmake', 'python']
[0.391s] Level 1:colcon.colcon_core.package_identification:_identify(src) by extension 'cmake'
[0.391s] Level 1:colcon.colcon_core.package_identification:_identify(src) by extension 'python'
[0.392s] Level 1:colcon.colcon_core.package_identification:_identify(src) by extensions ['python_setup_py']
[0.392s] Level 1:colcon.colcon_core.package_identification:_identify(src) by extension 'python_setup_py'
[0.392s] Level 1:colcon.colcon_core.package_identification:_identify(src/chessbot_controller) by extensions ['ignore', 'ignore_ament_install']
[0.392s] Level 1:colcon.colcon_core.package_identification:_identify(src/chessbot_controller) by extension 'ignore'
[0.392s] Level 1:colcon.colcon_core.package_identification:_identify(src/chessbot_controller) by extension 'ignore_ament_install'
[0.392s] Level 1:colcon.colcon_core.package_identification:_identify(src/chessbot_controller) by extensions ['colcon_pkg']
[0.392s] Level 1:colcon.colcon_core.package_identification:_identify(src/chessbot_controller) by extension 'colcon_pkg'
[0.392s] Level 1:colcon.colcon_core.package_identification:_identify(src/chessbot_controller) by extensions ['colcon_meta']
[0.392s] Level 1:colcon.colcon_core.package_identification:_identify(src/chessbot_controller) by extension 'colcon_meta'
[0.392s] Level 1:colcon.colcon_core.package_identification:_identify(src/chessbot_controller) by extensions ['ros']
[0.392s] Level 1:colcon.colcon_core.package_identification:_identify(src/chessbot_controller) by extension 'ros'
[0.396s] DEBUG:colcon.colcon_core.package_identification:Package 'src/chessbot_controller' with type 'ros.ament_cmake' and name 'chessbot_controller'
[0.396s] Level 1:colcon.colcon_core.package_identification:_identify(src/chessbot_description) by extensions ['ignore', 'ignore_ament_install']
[0.396s] Level 1:colcon.colcon_core.package_identification:_identify(src/chessbot_description) by extension 'ignore'
[0.396s] Level 1:colcon.colcon_core.package_identification:_identify(src/chessbot_description) by extension 'ignore_ament_install'
[0.396s] Level 1:colcon.colcon_core.package_identification:_identify(src/chessbot_description) by extensions ['colcon_pkg']
[0.396s] Level 1:colcon.colcon_core.package_identification:_identify(src/chessbot_description) by extension 'colcon_pkg'
[0.396s] Level 1:colcon.colcon_core.package_identification:_identify(src/chessbot_description) by extensions ['colcon_meta']
[0.396s] Level 1:colcon.colcon_core.package_identification:_identify(src/chessbot_description) by extension 'colcon_meta'
[0.396s] Level 1:colcon.colcon_core.package_identification:_identify(src/chessbot_description) by extensions ['ros']
[0.396s] Level 1:colcon.colcon_core.package_identification:_identify(src/chessbot_description) by extension 'ros'
[0.397s] DEBUG:colcon.colcon_core.package_identification:Package 'src/chessbot_description' with type 'ros.ament_cmake' and name 'chessbot_description'
[0.397s] Level 1:colcon.colcon_core.package_discovery:discover_packages(recursive) using defaults
[0.397s] Level 1:colcon.colcon_core.package_discovery:discover_packages(ignore) discover
[0.397s] Level 1:colcon.colcon_core.package_discovery:discover_packages(ignore) using defaults
[0.397s] Level 1:colcon.colcon_core.package_discovery:discover_packages(path) discover
[0.397s] Level 1:colcon.colcon_core.package_discovery:discover_packages(path) using defaults
[0.420s] Level 1:colcon.colcon_core.package_discovery:discover_packages(prefix_path) check parameters
[0.420s] Level 1:colcon.colcon_core.package_discovery:discover_packages(prefix_path) discover
[0.423s] DEBUG:colcon.colcon_installed_package_information.package_discovery:Found 409 installed packages in /opt/ros/humble
[0.427s] Level 1:colcon.colcon_core.package_discovery:discover_packages(prefix_path) using defaults
[0.488s] Level 5:colcon.colcon_core.verb:set package 'chessbot_controller' build argument 'cmake_args' from command line to 'None'
[0.488s] Level 5:colcon.colcon_core.verb:set package 'chessbot_controller' build argument 'cmake_target' from command line to 'None'
[0.488s] Level 5:colcon.colcon_core.verb:set package 'chessbot_controller' build argument 'cmake_target_skip_unavailable' from command line to 'False'
[0.488s] Level 5:colcon.colcon_core.verb:set package 'chessbot_controller' build argument 'cmake_clean_cache' from command line to 'False'
[0.488s] Level 5:colcon.colcon_core.verb:set package 'chessbot_controller' build argument 'cmake_clean_first' from command line to 'False'
[0.488s] Level 5:colcon.colcon_core.verb:set package 'chessbot_controller' build argument 'cmake_force_configure' from command line to 'False'
[0.488s] Level 5:colcon.colcon_core.verb:set package 'chessbot_controller' build argument 'ament_cmake_args' from command line to 'None'
[0.488s] Level 5:colcon.colcon_core.verb:set package 'chessbot_controller' build argument 'catkin_cmake_args' from command line to 'None'
[0.488s] Level 5:colcon.colcon_core.verb:set package 'chessbot_controller' build argument 'catkin_skip_building_tests' from command line to 'False'
[0.488s] DEBUG:colcon.colcon_core.verb:Building package 'chessbot_controller' with the following arguments: {'ament_cmake_args': None, 'build_base': '/home/emmanuel/Chess-Bot-ROS2/build/chessbot_controller', 'catkin_cmake_args': None, 'catkin_skip_building_tests': False, 'cmake_args': None, 'cmake_clean_cache': False, 'cmake_clean_first': False, 'cmake_force_configure': False, 'cmake_target': None, 'cmake_target_skip_unavailable': False, 'install_base': '/home/emmanuel/Chess-Bot-ROS2/install/chessbot_controller', 'merge_install': False, 'path': '/home/emmanuel/Chess-Bot-ROS2/src/chessbot_controller', 'symlink_install': True, 'test_result_base': None}
[0.489s] Level 5:colcon.colcon_core.verb:set package 'chessbot_description' build argument 'cmake_args' from command line to 'None'
[0.489s] Level 5:colcon.colcon_core.verb:set package 'chessbot_description' build argument 'cmake_target' from command line to 'None'
[0.489s] Level 5:colcon.colcon_core.verb:set package 'chessbot_description' build argument 'cmake_target_skip_unavailable' from command line to 'False'
[0.489s] Level 5:colcon.colcon_core.verb:set package 'chessbot_description' build argument 'cmake_clean_cache' from command line to 'False'
[0.489s] Level 5:colcon.colcon_core.verb:set package 'chessbot_description' build argument 'cmake_clean_first' from command line to 'False'
[0.489s] Level 5:colcon.colcon_core.verb:set package 'chessbot_description' build argument 'cmake_force_configure' from command line to 'False'
[0.489s] Level 5:colcon.colcon_core.verb:set package 'chessbot_description' build argument 'ament_cmake_args' from command line to 'None'
[0.489s] Level 5:colcon.colcon_core.verb:set package 'chessbot_description' build argument 'catkin_cmake_args' from command line to 'None'
[0.489s] Level 5:colcon.colcon_core.verb:set package 'chessbot_description' build argument 'catkin_skip_building_tests' from command line to 'False'
[0.489s] DEBUG:colcon.colcon_core.verb:Building package 'chessbot_description' with the following arguments: {'ament_cmake_args': None, 'build_base': '/home/emmanuel/Chess-Bot-ROS2/build/chessbot_description', 'catkin_cmake_args': None, 'catkin_skip_building_tests': False, 'cmake_args': None, 'cmake_clean_cache': False, 'cmake_clean_first': False, 'cmake_force_configure': False, 'cmake_target': None, 'cmake_target_skip_unavailable': False, 'install_base': '/home/emmanuel/Chess-Bot-ROS2/install/chessbot_description', 'merge_install': False, 'path': '/home/emmanuel/Chess-Bot-ROS2/src/chessbot_description', 'symlink_install': True, 'test_result_base': None}
[0.489s] INFO:colcon.colcon_core.executor:Executing jobs using 'parallel' executor
[0.490s] DEBUG:colcon.colcon_parallel_executor.executor.parallel:run_until_complete
[0.491s] INFO:colcon.colcon_ros.task.ament_cmake.build:Building ROS package in '/home/emmanuel/Chess-Bot-ROS2/src/chessbot_controller' with build type 'ament_cmake'
[0.491s] INFO:colcon.colcon_cmake.task.cmake.build:Building CMake package in '/home/emmanuel/Chess-Bot-ROS2/src/chessbot_controller'
[0.494s] INFO:colcon.colcon_core.plugin_system:Skipping extension 'colcon_core.shell.bat': Not used on non-Windows systems
[0.494s] INFO:colcon.colcon_core.shell:Skip shell extension 'powershell' for command environment: Not usable outside of PowerShell
[0.494s] DEBUG:colcon.colcon_core.shell:Skip shell extension 'dsv' for command environment
[0.498s] INFO:colcon.colcon_ros.task.ament_cmake.build:Building ROS package in '/home/emmanuel/Chess-Bot-ROS2/src/chessbot_description' with build type 'ament_cmake'
[0.498s] INFO:colcon.colcon_cmake.task.cmake.build:Building CMake package in '/home/emmanuel/Chess-Bot-ROS2/src/chessbot_description'
[0.499s] INFO:colcon.colcon_core.shell:Skip shell extension 'powershell' for command environment: Not usable outside of PowerShell
[0.499s] DEBUG:colcon.colcon_core.shell:Skip shell extension 'dsv' for command environment
[0.510s] DEBUG:colcon.colcon_core.event_handler.log_command:Invoking command in '/home/emmanuel/Chess-Bot-ROS2/build/chessbot_controller': CMAKE_PREFIX_PATH=/opt/ros/humble /usr/bin/cmake --build /home/emmanuel/Chess-Bot-ROS2/build/chessbot_controller -- -j4 -l4
[0.514s] DEBUG:colcon.colcon_core.event_handler.log_command:Invoking command in '/home/emmanuel/Chess-Bot-ROS2/build/chessbot_description': CMAKE_PREFIX_PATH=/opt/ros/humble /usr/bin/cmake --build /home/emmanuel/Chess-Bot-ROS2/build/chessbot_description -- -j4 -l4
[0.569s] DEBUG:colcon.colcon_core.event_handler.log_command:Invoked command in '/home/emmanuel/Chess-Bot-ROS2/build/chessbot_description' returned '0': CMAKE_PREFIX_PATH=/opt/ros/humble /usr/bin/cmake --build /home/emmanuel/Chess-Bot-ROS2/build/chessbot_description -- -j4 -l4
[0.618s] DEBUG:colcon.colcon_core.event_handler.log_command:Invoking command in '/home/emmanuel/Chess-Bot-ROS2/build/chessbot_description': CMAKE_PREFIX_PATH=/opt/ros/humble /usr/bin/cmake --install /home/emmanuel/Chess-Bot-ROS2/build/chessbot_description
[0.667s] Level 1:colcon.colcon_core.environment:create_environment_scripts_only(chessbot_description)
[0.668s] DEBUG:colcon.colcon_core.event_handler.log_command:Invoked command in '/home/emmanuel/Chess-Bot-ROS2/build/chessbot_description' returned '0': CMAKE_PREFIX_PATH=/opt/ros/humble /usr/bin/cmake --install /home/emmanuel/Chess-Bot-ROS2/build/chessbot_description
[0.672s] Level 1:colcon.colcon_core.environment:checking '/home/emmanuel/Chess-Bot-ROS2/install/chessbot_description' for CMake module files
[0.673s] Level 1:colcon.colcon_core.environment:checking '/home/emmanuel/Chess-Bot-ROS2/install/chessbot_description' for CMake config files
[0.674s] Level 1:colcon.colcon_core.shell:create_environment_hook('chessbot_description', 'cmake_prefix_path')
[0.674s] INFO:colcon.colcon_core.shell:Creating environment hook '/home/emmanuel/Chess-Bot-ROS2/install/chessbot_description/share/chessbot_description/hook/cmake_prefix_path.ps1'
[0.676s] INFO:colcon.colcon_core.shell:Creating environment descriptor '/home/emmanuel/Chess-Bot-ROS2/install/chessbot_description/share/chessbot_description/hook/cmake_prefix_path.dsv'
[0.676s] INFO:colcon.colcon_core.shell:Creating environment hook '/home/emmanuel/Chess-Bot-ROS2/install/chessbot_description/share/chessbot_description/hook/cmake_prefix_path.sh'
[0.678s] Level 1:colcon.colcon_core.environment:checking '/home/emmanuel/Chess-Bot-ROS2/install/chessbot_description/bin'
[0.678s] Level 1:colcon.colcon_core.environment:checking '/home/emmanuel/Chess-Bot-ROS2/install/chessbot_description/lib/pkgconfig/chessbot_description.pc'
[0.679s] Level 1:colcon.colcon_core.environment:checking '/home/emmanuel/Chess-Bot-ROS2/install/chessbot_description/lib/python3.10/site-packages'
[0.679s] Level 1:colcon.colcon_core.environment:checking '/home/emmanuel/Chess-Bot-ROS2/install/chessbot_description/bin'
[0.680s] INFO:colcon.colcon_core.shell:Creating package script '/home/emmanuel/Chess-Bot-ROS2/install/chessbot_description/share/chessbot_description/package.ps1'
[0.681s] INFO:colcon.colcon_core.shell:Creating package descriptor '/home/emmanuel/Chess-Bot-ROS2/install/chessbot_description/share/chessbot_description/package.dsv'
[0.682s] INFO:colcon.colcon_core.shell:Creating package script '/home/emmanuel/Chess-Bot-ROS2/install/chessbot_description/share/chessbot_description/package.sh'
[0.684s] INFO:colcon.colcon_core.shell:Creating package script '/home/emmanuel/Chess-Bot-ROS2/install/chessbot_description/share/chessbot_description/package.bash'
[0.685s] INFO:colcon.colcon_core.shell:Creating package script '/home/emmanuel/Chess-Bot-ROS2/install/chessbot_description/share/chessbot_description/package.zsh'
[0.687s] Level 1:colcon.colcon_core.environment:create_file_with_runtime_dependencies(/home/emmanuel/Chess-Bot-ROS2/install/chessbot_description/share/colcon-core/packages/chessbot_description)
[0.725s] Level 1:colcon.colcon_core.environment:create_environment_scripts_only(chessbot_description)
[0.726s] Level 1:colcon.colcon_core.environment:checking '/home/emmanuel/Chess-Bot-ROS2/install/chessbot_description' for CMake module files
[0.727s] Level 1:colcon.colcon_core.environment:checking '/home/emmanuel/Chess-Bot-ROS2/install/chessbot_description' for CMake config files
[0.727s] Level 1:colcon.colcon_core.shell:create_environment_hook('chessbot_description', 'cmake_prefix_path')
[0.728s] INFO:colcon.colcon_core.shell:Creating environment hook '/home/emmanuel/Chess-Bot-ROS2/install/chessbot_description/share/chessbot_description/hook/cmake_prefix_path.ps1'
[0.729s] INFO:colcon.colcon_core.shell:Creating environment descriptor '/home/emmanuel/Chess-Bot-ROS2/install/chessbot_description/share/chessbot_description/hook/cmake_prefix_path.dsv'
[0.729s] INFO:colcon.colcon_core.shell:Creating environment hook '/home/emmanuel/Chess-Bot-ROS2/install/chessbot_description/share/chessbot_description/hook/cmake_prefix_path.sh'
[0.730s] Level 1:colcon.colcon_core.environment:checking '/home/emmanuel/Chess-Bot-ROS2/install/chessbot_description/bin'
[0.731s] Level 1:colcon.colcon_core.environment:checking '/home/emmanuel/Chess-Bot-ROS2/install/chessbot_description/lib/pkgconfig/chessbot_description.pc'
[0.731s] Level 1:colcon.colcon_core.environment:checking '/home/emmanuel/Chess-Bot-ROS2/install/chessbot_description/lib/python3.10/site-packages'
[0.732s] Level 1:colcon.colcon_core.environment:checking '/home/emmanuel/Chess-Bot-ROS2/install/chessbot_description/bin'
[0.732s] INFO:colcon.colcon_core.shell:Creating package script '/home/emmanuel/Chess-Bot-ROS2/install/chessbot_description/share/chessbot_description/package.ps1'
[0.733s] INFO:colcon.colcon_core.shell:Creating package descriptor '/home/emmanuel/Chess-Bot-ROS2/install/chessbot_description/share/chessbot_description/package.dsv'
[0.734s] INFO:colcon.colcon_core.shell:Creating package script '/home/emmanuel/Chess-Bot-ROS2/install/chessbot_description/share/chessbot_description/package.sh'
[0.735s] INFO:colcon.colcon_core.shell:Creating package script '/home/emmanuel/Chess-Bot-ROS2/install/chessbot_description/share/chessbot_description/package.bash'
[0.736s] INFO:colcon.colcon_core.shell:Creating package script '/home/emmanuel/Chess-Bot-ROS2/install/chessbot_description/share/chessbot_description/package.zsh'
[0.736s] Level 1:colcon.colcon_core.environment:create_file_with_runtime_dependencies(/home/emmanuel/Chess-Bot-ROS2/install/chessbot_description/share/colcon-core/packages/chessbot_description)
[5.638s] DEBUG:colcon.colcon_core.event_handler.log_command:Invoked command in '/home/emmanuel/Chess-Bot-ROS2/build/chessbot_controller' returned '0': CMAKE_PREFIX_PATH=/opt/ros/humble /usr/bin/cmake --build /home/emmanuel/Chess-Bot-ROS2/build/chessbot_controller -- -j4 -l4
[5.673s] DEBUG:colcon.colcon_core.event_handler.log_command:Invoking command in '/home/emmanuel/Chess-Bot-ROS2/build/chessbot_controller': CMAKE_PREFIX_PATH=/opt/ros/humble /usr/bin/cmake --install /home/emmanuel/Chess-Bot-ROS2/build/chessbot_controller
[6.272s] Level 1:colcon.colcon_core.environment:create_environment_scripts_only(chessbot_controller)
[6.272s] Level 1:colcon.colcon_core.environment:checking '/home/emmanuel/Chess-Bot-ROS2/install/chessbot_controller' for CMake module files
[6.273s] DEBUG:colcon.colcon_core.event_handler.log_command:Invoked command in '/home/emmanuel/Chess-Bot-ROS2/build/chessbot_controller' returned '0': CMAKE_PREFIX_PATH=/opt/ros/humble /usr/bin/cmake --install /home/emmanuel/Chess-Bot-ROS2/build/chessbot_controller
[6.274s] Level 1:colcon.colcon_core.environment:checking '/home/emmanuel/Chess-Bot-ROS2/install/chessbot_controller' for CMake config files
[6.275s] Level 1:colcon.colcon_core.shell:create_environment_hook('chessbot_controller', 'cmake_prefix_path')
[6.275s] INFO:colcon.colcon_core.shell:Creating environment hook '/home/emmanuel/Chess-Bot-ROS2/install/chessbot_controller/share/chessbot_controller/hook/cmake_prefix_path.ps1'
[6.276s] INFO:colcon.colcon_core.shell:Creating environment descriptor '/home/emmanuel/Chess-Bot-ROS2/install/chessbot_controller/share/chessbot_controller/hook/cmake_prefix_path.dsv'
[6.277s] INFO:colcon.colcon_core.shell:Creating environment hook '/home/emmanuel/Chess-Bot-ROS2/install/chessbot_controller/share/chessbot_controller/hook/cmake_prefix_path.sh'
[6.278s] Level 1:colcon.colcon_core.environment:checking '/home/emmanuel/Chess-Bot-ROS2/install/chessbot_controller/lib'
[6.278s] Level 1:colcon.colcon_core.shell:create_environment_hook('chessbot_controller', 'ld_library_path_lib')
[6.279s] INFO:colcon.colcon_core.shell:Creating environment hook '/home/emmanuel/Chess-Bot-ROS2/install/chessbot_controller/share/chessbot_controller/hook/ld_library_path_lib.ps1'
[6.279s] INFO:colcon.colcon_core.shell:Creating environment descriptor '/home/emmanuel/Chess-Bot-ROS2/install/chessbot_controller/share/chessbot_controller/hook/ld_library_path_lib.dsv'
[6.280s] INFO:colcon.colcon_core.shell:Creating environment hook '/home/emmanuel/Chess-Bot-ROS2/install/chessbot_controller/share/chessbot_controller/hook/ld_library_path_lib.sh'
[6.280s] Level 1:colcon.colcon_core.environment:checking '/home/emmanuel/Chess-Bot-ROS2/install/chessbot_controller/bin'
[6.281s] Level 1:colcon.colcon_core.environment:checking '/home/emmanuel/Chess-Bot-ROS2/install/chessbot_controller/lib/pkgconfig/chessbot_controller.pc'
[6.281s] Level 1:colcon.colcon_core.environment:checking '/home/emmanuel/Chess-Bot-ROS2/install/chessbot_controller/lib/python3.10/site-packages'
[6.281s] Level 1:colcon.colcon_core.environment:checking '/home/emmanuel/Chess-Bot-ROS2/install/chessbot_controller/bin'
[6.282s] INFO:colcon.colcon_core.shell:Creating package script '/home/emmanuel/Chess-Bot-ROS2/install/chessbot_controller/share/chessbot_controller/package.ps1'
[6.283s] INFO:colcon.colcon_core.shell:Creating package descriptor '/home/emmanuel/Chess-Bot-ROS2/install/chessbot_controller/share/chessbot_controller/package.dsv'
[6.284s] INFO:colcon.colcon_core.shell:Creating package script '/home/emmanuel/Chess-Bot-ROS2/install/chessbot_controller/share/chessbot_controller/package.sh'
[6.285s] INFO:colcon.colcon_core.shell:Creating package script '/home/emmanuel/Chess-Bot-ROS2/install/chessbot_controller/share/chessbot_controller/package.bash'
[6.286s] INFO:colcon.colcon_core.shell:Creating package script '/home/emmanuel/Chess-Bot-ROS2/install/chessbot_controller/share/chessbot_controller/package.zsh'
[6.287s] Level 1:colcon.colcon_core.environment:create_file_with_runtime_dependencies(/home/emmanuel/Chess-Bot-ROS2/install/chessbot_controller/share/colcon-core/packages/chessbot_controller)
[6.320s] Level 1:colcon.colcon_core.environment:create_environment_scripts_only(chessbot_controller)
[6.320s] Level 1:colcon.colcon_core.environment:checking '/home/emmanuel/Chess-Bot-ROS2/install/chessbot_controller' for CMake module files
[6.321s] Level 1:colcon.colcon_core.environment:checking '/home/emmanuel/Chess-Bot-ROS2/install/chessbot_controller' for CMake config files
[6.321s] Level 1:colcon.colcon_core.shell:create_environment_hook('chessbot_controller', 'cmake_prefix_path')
[6.321s] INFO:colcon.colcon_core.shell:Creating environment hook '/home/emmanuel/Chess-Bot-ROS2/install/chessbot_controller/share/chessbot_controller/hook/cmake_prefix_path.ps1'
[6.322s] INFO:colcon.colcon_core.shell:Creating environment descriptor '/home/emmanuel/Chess-Bot-ROS2/install/chessbot_controller/share/chessbot_controller/hook/cmake_prefix_path.dsv'
[6.322s] INFO:colcon.colcon_core.shell:Creating environment hook '/home/emmanuel/Chess-Bot-ROS2/install/chessbot_controller/share/chessbot_controller/hook/cmake_prefix_path.sh'
[6.323s] Level 1:colcon.colcon_core.environment:checking '/home/emmanuel/Chess-Bot-ROS2/install/chessbot_controller/lib'
[6.323s] Level 1:colcon.colcon_core.shell:create_environment_hook('chessbot_controller', 'ld_library_path_lib')
[6.324s] INFO:colcon.colcon_core.shell:Creating environment hook '/home/emmanuel/Chess-Bot-ROS2/install/chessbot_controller/share/chessbot_controller/hook/ld_library_path_lib.ps1'
[6.324s] INFO:colcon.colcon_core.shell:Creating environment descriptor '/home/emmanuel/Chess-Bot-ROS2/install/chessbot_controller/share/chessbot_controller/hook/ld_library_path_lib.dsv'
[6.324s] INFO:colcon.colcon_core.shell:Creating environment hook '/home/emmanuel/Chess-Bot-ROS2/install/chessbot_controller/share/chessbot_controller/hook/ld_library_path_lib.sh'
[6.325s] Level 1:colcon.colcon_core.environment:checking '/home/emmanuel/Chess-Bot-ROS2/install/chessbot_controller/bin'
[6.325s] Level 1:colcon.colcon_core.environment:checking '/home/emmanuel/Chess-Bot-ROS2/install/chessbot_controller/lib/pkgconfig/chessbot_controller.pc'
[6.325s] Level 1:colcon.colcon_core.environment:checking '/home/emmanuel/Chess-Bot-ROS2/install/chessbot_controller/lib/python3.10/site-packages'
[6.325s] Level 1:colcon.colcon_core.environment:checking '/home/emmanuel/Chess-Bot-ROS2/install/chessbot_controller/bin'
[6.326s] INFO:colcon.colcon_core.shell:Creating package script '/home/emmanuel/Chess-Bot-ROS2/install/chessbot_controller/share/chessbot_controller/package.ps1'
[6.326s] INFO:colcon.colcon_core.shell:Creating package descriptor '/home/emmanuel/Chess-Bot-ROS2/install/chessbot_controller/share/chessbot_controller/package.dsv'
[6.327s] INFO:colcon.colcon_core.shell:Creating package script '/home/emmanuel/Chess-Bot-ROS2/install/chessbot_controller/share/chessbot_controller/package.sh'
[6.328s] INFO:colcon.colcon_core.shell:Creating package script '/home/emmanuel/Chess-Bot-ROS2/install/chessbot_controller/share/chessbot_controller/package.bash'
[6.328s] INFO:colcon.colcon_core.shell:Creating package script '/home/emmanuel/Chess-Bot-ROS2/install/chessbot_controller/share/chessbot_controller/package.zsh'
[6.329s] Level 1:colcon.colcon_core.environment:create_file_with_runtime_dependencies(/home/emmanuel/Chess-Bot-ROS2/install/chessbot_controller/share/colcon-core/packages/chessbot_controller)
[6.329s] DEBUG:colcon.colcon_parallel_executor.executor.parallel:closing loop
[6.329s] DEBUG:colcon.colcon_parallel_executor.executor.parallel:loop closed
[6.329s] DEBUG:colcon.colcon_parallel_executor.executor.parallel:run_until_complete finished with '0'
[6.330s] DEBUG:colcon.colcon_core.event_reactor:joining thread
[6.356s] INFO:colcon.colcon_core.plugin_system:Skipping extension 'colcon_notification.desktop_notification.terminal_notifier': Not used on non-Darwin systems
[6.356s] INFO:colcon.colcon_core.plugin_system:Skipping extension 'colcon_notification.desktop_notification.win32': Not used on non-Windows systems
[6.356s] INFO:colcon.colcon_notification.desktop_notification:Sending desktop notification using 'notify2'
[6.402s] DEBUG:colcon.colcon_core.event_reactor:joined thread
[6.403s] INFO:colcon.colcon_core.shell:Creating prefix script '/home/emmanuel/Chess-Bot-ROS2/install/local_setup.ps1'
[6.404s] INFO:colcon.colcon_core.shell:Creating prefix util module '/home/emmanuel/Chess-Bot-ROS2/install/_local_setup_util_ps1.py'
[6.407s] INFO:colcon.colcon_core.shell:Creating prefix chain script '/home/emmanuel/Chess-Bot-ROS2/install/setup.ps1'
[6.408s] INFO:colcon.colcon_core.shell:Creating prefix script '/home/emmanuel/Chess-Bot-ROS2/install/local_setup.sh'
[6.409s] INFO:colcon.colcon_core.shell:Creating prefix util module '/home/emmanuel/Chess-Bot-ROS2/install/_local_setup_util_sh.py'
[6.410s] INFO:colcon.colcon_core.shell:Creating prefix chain script '/home/emmanuel/Chess-Bot-ROS2/install/setup.sh'
[6.411s] INFO:colcon.colcon_core.shell:Creating prefix script '/home/emmanuel/Chess-Bot-ROS2/install/local_setup.bash'
[6.421s] INFO:colcon.colcon_core.shell:Creating prefix chain script '/home/emmanuel/Chess-Bot-ROS2/install/setup.bash'
[6.422s] INFO:colcon.colcon_core.shell:Creating prefix script '/home/emmanuel/Chess-Bot-ROS2/install/local_setup.zsh'
[6.423s] INFO:colcon.colcon_core.shell:Creating prefix chain script '/home/emmanuel/Chess-Bot-ROS2/install/setup.zsh'
