[0.038s] Invoking command in '/home/emmanuel/Chess-Bot-ROS2/build/chessbot_controller': CMAKE_PREFIX_PATH=/opt/ros/humble /usr/bin/cmake --build /home/emmanuel/Chess-Bot-ROS2/build/chessbot_controller -- -j4 -l4
[0.092s] [35m[1mConsolidate compiler generated dependencies of target slider_control[0m
[0.115s] [ 25%] [32mBuilding CXX object CMakeFiles/chessbot_controller.dir/src/arm_interface.cpp.o[0m
[0.133s] [ 75%] Built target ament_cmake_python_symlink_chessbot_controller
[0.136s] [ 75%] Built target slider_control
[0.502s] In file included from [01m[K/home/emmanuel/Chess-Bot-ROS2/src/chessbot_controller/src/arm_interface.cpp:1[m[K:
[0.502s] [01m[K/home/emmanuel/Chess-Bot-ROS2/src/chessbot_controller/include/chessbot_controller/arm_interface.hpp:11:10:[m[K [01;31m[Kfatal error: [m[Karm_controller/visibility_control.h: No such file or directory
[0.502s]    11 | #include [01;31m[K"arm_controller/visibility_control.h"[m[K
[0.502s]       |          [01;31m[K^~~~~~~~~~~~~~~~~~~~~~~~~~~~~~~~~~~~~[m[K
[0.502s] compilation terminated.
[0.505s] gmake[2]: *** [CMakeFiles/chessbot_controller.dir/build.make:76: CMakeFiles/chessbot_controller.dir/src/arm_interface.cpp.o] Error 1
[0.505s] gmake[1]: *** [CMakeFiles/Makefile2:220: CMakeFiles/chessbot_controller.dir/all] Error 2
[0.505s] gmake[1]: *** Waiting for unfinished jobs....
[0.524s] running egg_info
[0.525s] writing chessbot_controller.egg-info/PKG-INFO
[0.526s] writing dependency_links to chessbot_controller.egg-info/dependency_links.txt
[0.527s] writing top-level names to chessbot_controller.egg-info/top_level.txt
[0.530s] reading manifest file 'chessbot_controller.egg-info/SOURCES.txt'
[0.531s] writing manifest file 'chessbot_controller.egg-info/SOURCES.txt'
[0.567s] [ 75%] Built target ament_cmake_python_build_chessbot_controller_egg
[0.569s] gmake: *** [Makefile:146: all] Error 2
[0.571s] Invoked command in '/home/emmanuel/Chess-Bot-ROS2/build/chessbot_controller' returned '2': CMAKE_PREFIX_PATH=/opt/ros/humble /usr/bin/cmake --build /home/emmanuel/Chess-Bot-ROS2/build/chessbot_controller -- -j4 -l4
