[0.049s] Invoking command in '/home/emmanuel/Chess-Bot-ROS2/build/chessbot_moveit': CMAKE_PREFIX_PATH=/opt/ros/humble /usr/bin/cmake --build /home/emmanuel/Chess-Bot-ROS2/build/chessbot_moveit -- -j4 -l4
[0.172s] Invoked command in '/home/emmanuel/Chess-Bot-ROS2/build/chessbot_moveit' returned '0': CMAKE_PREFIX_PATH=/opt/ros/humble /usr/bin/cmake --build /home/emmanuel/Chess-Bot-ROS2/build/chessbot_moveit -- -j4 -l4
[0.286s] Invoking command in '/home/emmanuel/Chess-Bot-ROS2/build/chessbot_moveit': CMAKE_PREFIX_PATH=/opt/ros/humble /usr/bin/cmake --install /home/emmanuel/Chess-Bot-ROS2/build/chessbot_moveit
[0.301s] -- Install configuration: ""
[0.302s] -- Execute custom install script
[0.302s] -- Up-to-date symlink: /home/emmanuel/Chess-Bot-ROS2/install/chessbot_moveit/share/chessbot_moveit/launch/moveit.launch.py
[0.304s] -- Up-to-date symlink: /home/emmanuel/Chess-Bot-ROS2/install/chessbot_moveit/share/chessbot_moveit/config/arm.srdf
[0.305s] -- Up-to-date symlink: /home/emmanuel/Chess-Bot-ROS2/install/chessbot_moveit/share/chessbot_moveit/config/initial_positions.yaml
[0.307s] -- Up-to-date symlink: /home/emmanuel/Chess-Bot-ROS2/install/chessbot_moveit/share/chessbot_moveit/config/joint_limits.yaml
[0.308s] -- Up-to-date symlink: /home/emmanuel/Chess-Bot-ROS2/install/chessbot_moveit/share/chessbot_moveit/config/kinematics.yaml
[0.318s] -- Up-to-date symlink: /home/emmanuel/Chess-Bot-ROS2/install/chessbot_moveit/share/chessbot_moveit/config/moveit.rviz
[0.319s] -- Up-to-date symlink: /home/emmanuel/Chess-Bot-ROS2/install/chessbot_moveit/share/chessbot_moveit/config/moveit_controllers.yaml
[0.320s] -- Up-to-date symlink: /home/emmanuel/Chess-Bot-ROS2/install/chessbot_moveit/share/chessbot_moveit/config/pilz_cartesian_limits.yaml
[0.320s] -- Up-to-date symlink: /home/emmanuel/Chess-Bot-ROS2/install/chessbot_moveit/share/ament_index/resource_index/package_run_dependencies/chessbot_moveit
[0.321s] -- Up-to-date symlink: /home/emmanuel/Chess-Bot-ROS2/install/chessbot_moveit/share/ament_index/resource_index/parent_prefix_path/chessbot_moveit
[0.324s] -- Up-to-date symlink: /home/emmanuel/Chess-Bot-ROS2/install/chessbot_moveit/share/chessbot_moveit/environment/ament_prefix_path.sh
[0.335s] -- Up-to-date symlink: /home/emmanuel/Chess-Bot-ROS2/install/chessbot_moveit/share/chessbot_moveit/environment/ament_prefix_path.dsv
[0.335s] -- Up-to-date symlink: /home/emmanuel/Chess-Bot-ROS2/install/chessbot_moveit/share/chessbot_moveit/environment/path.sh
[0.335s] -- Up-to-date symlink: /home/emmanuel/Chess-Bot-ROS2/install/chessbot_moveit/share/chessbot_moveit/environment/path.dsv
[0.336s] -- Up-to-date symlink: /home/emmanuel/Chess-Bot-ROS2/install/chessbot_moveit/share/chessbot_moveit/local_setup.bash
[0.336s] -- Up-to-date symlink: /home/emmanuel/Chess-Bot-ROS2/install/chessbot_moveit/share/chessbot_moveit/local_setup.sh
[0.336s] -- Up-to-date symlink: /home/emmanuel/Chess-Bot-ROS2/install/chessbot_moveit/share/chessbot_moveit/local_setup.zsh
[0.336s] -- Up-to-date symlink: /home/emmanuel/Chess-Bot-ROS2/install/chessbot_moveit/share/chessbot_moveit/local_setup.dsv
[0.336s] -- Symlinking: /home/emmanuel/Chess-Bot-ROS2/install/chessbot_moveit/share/chessbot_moveit/package.dsv
[0.373s] -- Up-to-date symlink: /home/emmanuel/Chess-Bot-ROS2/install/chessbot_moveit/share/ament_index/resource_index/packages/chessbot_moveit
[0.374s] -- Up-to-date symlink: /home/emmanuel/Chess-Bot-ROS2/install/chessbot_moveit/share/chessbot_moveit/cmake/chessbot_moveitConfig.cmake
[0.375s] -- Up-to-date symlink: /home/emmanuel/Chess-Bot-ROS2/install/chessbot_moveit/share/chessbot_moveit/cmake/chessbot_moveitConfig-version.cmake
[0.376s] -- Up-to-date symlink: /home/emmanuel/Chess-Bot-ROS2/install/chessbot_moveit/share/chessbot_moveit/package.xml
[0.381s] Invoked command in '/home/emmanuel/Chess-Bot-ROS2/build/chessbot_moveit' returned '0': CMAKE_PREFIX_PATH=/opt/ros/humble /usr/bin/cmake --install /home/emmanuel/Chess-Bot-ROS2/build/chessbot_moveit
