[0.134s] DEBUG:colcon:Command line arguments: ['/usr/bin/colcon', 'build', '--symlink-install']
[0.135s] DEBUG:colcon:Parsed command line arguments: Namespace(log_base=None, log_level=None, verb_name='build', build_base='build', install_base='install', merge_install=False, symlink_install=True, test_result_base=None, continue_on_error=False, executor='parallel', parallel_workers=4, event_handlers=None, ignore_user_meta=False, metas=['./colcon.meta'], base_paths=['.'], packages_ignore=None, packages_ignore_regex=None, paths=None, packages_up_to=None, packages_up_to_regex=None, packages_above=None, packages_above_and_dependencies=None, packages_above_depth=None, packages_select_by_dep=None, packages_skip_by_dep=None, packages_skip_up_to=None, packages_select_build_failed=False, packages_skip_build_finished=False, packages_select_test_failures=False, packages_skip_test_passed=False, packages_select=None, packages_skip=None, packages_select_regex=None, packages_skip_regex=None, packages_start=None, packages_end=None, allow_overriding=[], cmake_args=None, cmake_target=None, cmake_target_skip_unavailable=False, cmake_clean_cache=False, cmake_clean_first=False, cmake_force_configure=False, ament_cmake_args=None, catkin_cmake_args=None, catkin_skip_building_tests=False, mixin_files=None, mixin=None, verb_parser=<colcon_mixin.mixin.mixin_argument.MixinArgumentDecorator object at 0x7c537dd536d0>, verb_extension=<colcon_core.verb.build.BuildVerb object at 0x7c537de5beb0>, main=<bound method BuildVerb.main of <colcon_core.verb.build.BuildVerb object at 0x7c537de5beb0>>, mixin_verb=('build',))
[0.367s] Level 1:colcon.colcon_core.package_discovery:discover_packages(colcon_meta) check parameters
[0.368s] Level 1:colcon.colcon_core.package_discovery:discover_packages(recursive) check parameters
[0.368s] Level 1:colcon.colcon_core.package_discovery:discover_packages(ignore) check parameters
[0.368s] Level 1:colcon.colcon_core.package_discovery:discover_packages(path) check parameters
[0.368s] Level 1:colcon.colcon_core.package_discovery:discover_packages(colcon_meta) discover
[0.368s] Level 1:colcon.colcon_core.package_discovery:discover_packages(recursive) discover
[0.368s] INFO:colcon.colcon_core.package_discovery:Crawling recursively for packages in '/home/emmanuel/Chess-Bot-ROS2'
[0.368s] Level 1:colcon.colcon_core.package_identification:_identify(.) by extensions ['ignore', 'ignore_ament_install']
[0.368s] Level 1:colcon.colcon_core.package_identification:_identify(.) by extension 'ignore'
[0.368s] Level 1:colcon.colcon_core.package_identification:_identify(.) by extension 'ignore_ament_install'
[0.368s] Level 1:colcon.colcon_core.package_identification:_identify(.) by extensions ['colcon_pkg']
[0.368s] Level 1:colcon.colcon_core.package_identification:_identify(.) by extension 'colcon_pkg'
[0.368s] Level 1:colcon.colcon_core.package_identification:_identify(.) by extensions ['colcon_meta']
[0.368s] Level 1:colcon.colcon_core.package_identification:_identify(.) by extension 'colcon_meta'
[0.368s] Level 1:colcon.colcon_core.package_identification:_identify(.) by extensions ['ros']
[0.368s] Level 1:colcon.colcon_core.package_identification:_identify(.) by extension 'ros'
[0.394s] Level 1:colcon.colcon_core.package_identification:_identify(.) by extensions ['cmake', 'python']
[0.395s] Level 1:colcon.colcon_core.package_identification:_identify(.) by extension 'cmake'
[0.395s] Level 1:colcon.colcon_core.package_identification:_identify(.) by extension 'python'
[0.395s] Level 1:colcon.colcon_core.package_identification:_identify(.) by extensions ['python_setup_py']
[0.395s] Level 1:colcon.colcon_core.package_identification:_identify(.) by extension 'python_setup_py'
[0.395s] Level 1:colcon.colcon_core.package_identification:_identify(build) by extensions ['ignore', 'ignore_ament_install']
[0.395s] Level 1:colcon.colcon_core.package_identification:_identify(build) by extension 'ignore'
[0.395s] Level 1:colcon.colcon_core.package_identification:_identify(build) ignored
[0.395s] Level 1:colcon.colcon_core.package_identification:_identify(install) by extensions ['ignore', 'ignore_ament_install']
[0.395s] Level 1:colcon.colcon_core.package_identification:_identify(install) by extension 'ignore'
[0.395s] Level 1:colcon.colcon_core.package_identification:_identify(install) ignored
[0.396s] Level 1:colcon.colcon_core.package_identification:_identify(log) by extensions ['ignore', 'ignore_ament_install']
[0.396s] Level 1:colcon.colcon_core.package_identification:_identify(log) by extension 'ignore'
[0.396s] Level 1:colcon.colcon_core.package_identification:_identify(log) ignored
[0.396s] Level 1:colcon.colcon_core.package_identification:_identify(src) by extensions ['ignore', 'ignore_ament_install']
[0.396s] Level 1:colcon.colcon_core.package_identification:_identify(src) by extension 'ignore'
[0.396s] Level 1:colcon.colcon_core.package_identification:_identify(src) by extension 'ignore_ament_install'
[0.396s] Level 1:colcon.colcon_core.package_identification:_identify(src) by extensions ['colcon_pkg']
[0.396s] Level 1:colcon.colcon_core.package_identification:_identify(src) by extension 'colcon_pkg'
[0.396s] Level 1:colcon.colcon_core.package_identification:_identify(src) by extensions ['colcon_meta']
[0.396s] Level 1:colcon.colcon_core.package_identification:_identify(src) by extension 'colcon_meta'
[0.396s] Level 1:colcon.colcon_core.package_identification:_identify(src) by extensions ['ros']
[0.396s] Level 1:colcon.colcon_core.package_identification:_identify(src) by extension 'ros'
[0.397s] Level 1:colcon.colcon_core.package_identification:_identify(src) by extensions ['cmake', 'python']
[0.397s] Level 1:colcon.colcon_core.package_identification:_identify(src) by extension 'cmake'
[0.397s] Level 1:colcon.colcon_core.package_identification:_identify(src) by extension 'python'
[0.397s] Level 1:colcon.colcon_core.package_identification:_identify(src) by extensions ['python_setup_py']
[0.397s] Level 1:colcon.colcon_core.package_identification:_identify(src) by extension 'python_setup_py'
[0.397s] Level 1:colcon.colcon_core.package_identification:_identify(src/chessbot_controller) by extensions ['ignore', 'ignore_ament_install']
[0.397s] Level 1:colcon.colcon_core.package_identification:_identify(src/chessbot_controller) by extension 'ignore'
[0.397s] Level 1:colcon.colcon_core.package_identification:_identify(src/chessbot_controller) by extension 'ignore_ament_install'
[0.397s] Level 1:colcon.colcon_core.package_identification:_identify(src/chessbot_controller) by extensions ['colcon_pkg']
[0.397s] Level 1:colcon.colcon_core.package_identification:_identify(src/chessbot_controller) by extension 'colcon_pkg'
[0.397s] Level 1:colcon.colcon_core.package_identification:_identify(src/chessbot_controller) by extensions ['colcon_meta']
[0.397s] Level 1:colcon.colcon_core.package_identification:_identify(src/chessbot_controller) by extension 'colcon_meta'
[0.397s] Level 1:colcon.colcon_core.package_identification:_identify(src/chessbot_controller) by extensions ['ros']
[0.397s] Level 1:colcon.colcon_core.package_identification:_identify(src/chessbot_controller) by extension 'ros'
[0.400s] DEBUG:colcon.colcon_core.package_identification:Package 'src/chessbot_controller' with type 'ros.ament_cmake' and name 'chessbot_controller'
[0.400s] Level 1:colcon.colcon_core.package_identification:_identify(src/chessbot_description) by extensions ['ignore', 'ignore_ament_install']
[0.401s] Level 1:colcon.colcon_core.package_identification:_identify(src/chessbot_description) by extension 'ignore'
[0.401s] Level 1:colcon.colcon_core.package_identification:_identify(src/chessbot_description) by extension 'ignore_ament_install'
[0.401s] Level 1:colcon.colcon_core.package_identification:_identify(src/chessbot_description) by extensions ['colcon_pkg']
[0.401s] Level 1:colcon.colcon_core.package_identification:_identify(src/chessbot_description) by extension 'colcon_pkg'
[0.401s] Level 1:colcon.colcon_core.package_identification:_identify(src/chessbot_description) by extensions ['colcon_meta']
[0.401s] Level 1:colcon.colcon_core.package_identification:_identify(src/chessbot_description) by extension 'colcon_meta'
[0.401s] Level 1:colcon.colcon_core.package_identification:_identify(src/chessbot_description) by extensions ['ros']
[0.401s] Level 1:colcon.colcon_core.package_identification:_identify(src/chessbot_description) by extension 'ros'
[0.402s] DEBUG:colcon.colcon_core.package_identification:Package 'src/chessbot_description' with type 'ros.ament_cmake' and name 'chessbot_description'
[0.402s] Level 1:colcon.colcon_core.package_discovery:discover_packages(recursive) using defaults
[0.402s] Level 1:colcon.colcon_core.package_discovery:discover_packages(ignore) discover
[0.402s] Level 1:colcon.colcon_core.package_discovery:discover_packages(ignore) using defaults
[0.402s] Level 1:colcon.colcon_core.package_discovery:discover_packages(path) discover
[0.402s] Level 1:colcon.colcon_core.package_discovery:discover_packages(path) using defaults
[0.425s] Level 1:colcon.colcon_core.package_discovery:discover_packages(prefix_path) check parameters
[0.425s] Level 1:colcon.colcon_core.package_discovery:discover_packages(prefix_path) discover
[0.428s] DEBUG:colcon.colcon_installed_package_information.package_discovery:Found 409 installed packages in /opt/ros/humble
[0.431s] Level 1:colcon.colcon_core.package_discovery:discover_packages(prefix_path) using defaults
[0.494s] Level 5:colcon.colcon_core.verb:set package 'chessbot_controller' build argument 'cmake_args' from command line to 'None'
[0.494s] Level 5:colcon.colcon_core.verb:set package 'chessbot_controller' build argument 'cmake_target' from command line to 'None'
[0.494s] Level 5:colcon.colcon_core.verb:set package 'chessbot_controller' build argument 'cmake_target_skip_unavailable' from command line to 'False'
[0.494s] Level 5:colcon.colcon_core.verb:set package 'chessbot_controller' build argument 'cmake_clean_cache' from command line to 'False'
[0.494s] Level 5:colcon.colcon_core.verb:set package 'chessbot_controller' build argument 'cmake_clean_first' from command line to 'False'
[0.494s] Level 5:colcon.colcon_core.verb:set package 'chessbot_controller' build argument 'cmake_force_configure' from command line to 'False'
[0.494s] Level 5:colcon.colcon_core.verb:set package 'chessbot_controller' build argument 'ament_cmake_args' from command line to 'None'
[0.494s] Level 5:colcon.colcon_core.verb:set package 'chessbot_controller' build argument 'catkin_cmake_args' from command line to 'None'
[0.494s] Level 5:colcon.colcon_core.verb:set package 'chessbot_controller' build argument 'catkin_skip_building_tests' from command line to 'False'
[0.494s] DEBUG:colcon.colcon_core.verb:Building package 'chessbot_controller' with the following arguments: {'ament_cmake_args': None, 'build_base': '/home/emmanuel/Chess-Bot-ROS2/build/chessbot_controller', 'catkin_cmake_args': None, 'catkin_skip_building_tests': False, 'cmake_args': None, 'cmake_clean_cache': False, 'cmake_clean_first': False, 'cmake_force_configure': False, 'cmake_target': None, 'cmake_target_skip_unavailable': False, 'install_base': '/home/emmanuel/Chess-Bot-ROS2/install/chessbot_controller', 'merge_install': False, 'path': '/home/emmanuel/Chess-Bot-ROS2/src/chessbot_controller', 'symlink_install': True, 'test_result_base': None}
[0.494s] Level 5:colcon.colcon_core.verb:set package 'chessbot_description' build argument 'cmake_args' from command line to 'None'
[0.494s] Level 5:colcon.colcon_core.verb:set package 'chessbot_description' build argument 'cmake_target' from command line to 'None'
[0.494s] Level 5:colcon.colcon_core.verb:set package 'chessbot_description' build argument 'cmake_target_skip_unavailable' from command line to 'False'
[0.494s] Level 5:colcon.colcon_core.verb:set package 'chessbot_description' build argument 'cmake_clean_cache' from command line to 'False'
[0.495s] Level 5:colcon.colcon_core.verb:set package 'chessbot_description' build argument 'cmake_clean_first' from command line to 'False'
[0.495s] Level 5:colcon.colcon_core.verb:set package 'chessbot_description' build argument 'cmake_force_configure' from command line to 'False'
[0.495s] Level 5:colcon.colcon_core.verb:set package 'chessbot_description' build argument 'ament_cmake_args' from command line to 'None'
[0.495s] Level 5:colcon.colcon_core.verb:set package 'chessbot_description' build argument 'catkin_cmake_args' from command line to 'None'
[0.495s] Level 5:colcon.colcon_core.verb:set package 'chessbot_description' build argument 'catkin_skip_building_tests' from command line to 'False'
[0.495s] DEBUG:colcon.colcon_core.verb:Building package 'chessbot_description' with the following arguments: {'ament_cmake_args': None, 'build_base': '/home/emmanuel/Chess-Bot-ROS2/build/chessbot_description', 'catkin_cmake_args': None, 'catkin_skip_building_tests': False, 'cmake_args': None, 'cmake_clean_cache': False, 'cmake_clean_first': False, 'cmake_force_configure': False, 'cmake_target': None, 'cmake_target_skip_unavailable': False, 'install_base': '/home/emmanuel/Chess-Bot-ROS2/install/chessbot_description', 'merge_install': False, 'path': '/home/emmanuel/Chess-Bot-ROS2/src/chessbot_description', 'symlink_install': True, 'test_result_base': None}
[0.495s] INFO:colcon.colcon_core.executor:Executing jobs using 'parallel' executor
[0.496s] DEBUG:colcon.colcon_parallel_executor.executor.parallel:run_until_complete
[0.496s] INFO:colcon.colcon_ros.task.ament_cmake.build:Building ROS package in '/home/emmanuel/Chess-Bot-ROS2/src/chessbot_controller' with build type 'ament_cmake'
[0.497s] INFO:colcon.colcon_cmake.task.cmake.build:Building CMake package in '/home/emmanuel/Chess-Bot-ROS2/src/chessbot_controller'
[0.499s] INFO:colcon.colcon_core.plugin_system:Skipping extension 'colcon_core.shell.bat': Not used on non-Windows systems
[0.499s] INFO:colcon.colcon_core.shell:Skip shell extension 'powershell' for command environment: Not usable outside of PowerShell
[0.499s] DEBUG:colcon.colcon_core.shell:Skip shell extension 'dsv' for command environment
[0.503s] INFO:colcon.colcon_ros.task.ament_cmake.build:Building ROS package in '/home/emmanuel/Chess-Bot-ROS2/src/chessbot_description' with build type 'ament_cmake'
[0.503s] INFO:colcon.colcon_cmake.task.cmake.build:Building CMake package in '/home/emmanuel/Chess-Bot-ROS2/src/chessbot_description'
[0.504s] INFO:colcon.colcon_core.shell:Skip shell extension 'powershell' for command environment: Not usable outside of PowerShell
[0.504s] DEBUG:colcon.colcon_core.shell:Skip shell extension 'dsv' for command environment
[0.515s] DEBUG:colcon.colcon_core.event_handler.log_command:Invoking command in '/home/emmanuel/Chess-Bot-ROS2/build/chessbot_controller': CMAKE_PREFIX_PATH=/opt/ros/humble /usr/bin/cmake --build /home/emmanuel/Chess-Bot-ROS2/build/chessbot_controller -- -j4 -l4
[0.521s] DEBUG:colcon.colcon_core.event_handler.log_command:Invoking command in '/home/emmanuel/Chess-Bot-ROS2/build/chessbot_description': CMAKE_PREFIX_PATH=/opt/ros/humble /usr/bin/cmake --build /home/emmanuel/Chess-Bot-ROS2/build/chessbot_description -- -j4 -l4
[0.574s] DEBUG:colcon.colcon_core.event_handler.log_command:Invoked command in '/home/emmanuel/Chess-Bot-ROS2/build/chessbot_description' returned '0': CMAKE_PREFIX_PATH=/opt/ros/humble /usr/bin/cmake --build /home/emmanuel/Chess-Bot-ROS2/build/chessbot_description -- -j4 -l4
[0.626s] DEBUG:colcon.colcon_core.event_handler.log_command:Invoking command in '/home/emmanuel/Chess-Bot-ROS2/build/chessbot_description': CMAKE_PREFIX_PATH=/opt/ros/humble /usr/bin/cmake --install /home/emmanuel/Chess-Bot-ROS2/build/chessbot_description
[0.661s] Level 1:colcon.colcon_core.environment:create_environment_scripts_only(chessbot_description)
[0.662s] DEBUG:colcon.colcon_core.event_handler.log_command:Invoked command in '/home/emmanuel/Chess-Bot-ROS2/build/chessbot_description' returned '0': CMAKE_PREFIX_PATH=/opt/ros/humble /usr/bin/cmake --install /home/emmanuel/Chess-Bot-ROS2/build/chessbot_description
[0.666s] Level 1:colcon.colcon_core.environment:checking '/home/emmanuel/Chess-Bot-ROS2/install/chessbot_description' for CMake module files
[0.667s] Level 1:colcon.colcon_core.environment:checking '/home/emmanuel/Chess-Bot-ROS2/install/chessbot_description' for CMake config files
[0.668s] Level 1:colcon.colcon_core.shell:create_environment_hook('chessbot_description', 'cmake_prefix_path')
[0.668s] INFO:colcon.colcon_core.shell:Creating environment hook '/home/emmanuel/Chess-Bot-ROS2/install/chessbot_description/share/chessbot_description/hook/cmake_prefix_path.ps1'
[0.669s] INFO:colcon.colcon_core.shell:Creating environment descriptor '/home/emmanuel/Chess-Bot-ROS2/install/chessbot_description/share/chessbot_description/hook/cmake_prefix_path.dsv'
[0.670s] INFO:colcon.colcon_core.shell:Creating environment hook '/home/emmanuel/Chess-Bot-ROS2/install/chessbot_description/share/chessbot_description/hook/cmake_prefix_path.sh'
[0.672s] Level 1:colcon.colcon_core.environment:checking '/home/emmanuel/Chess-Bot-ROS2/install/chessbot_description/bin'
[0.672s] Level 1:colcon.colcon_core.environment:checking '/home/emmanuel/Chess-Bot-ROS2/install/chessbot_description/lib/pkgconfig/chessbot_description.pc'
[0.672s] Level 1:colcon.colcon_core.environment:checking '/home/emmanuel/Chess-Bot-ROS2/install/chessbot_description/lib/python3.10/site-packages'
[0.673s] Level 1:colcon.colcon_core.environment:checking '/home/emmanuel/Chess-Bot-ROS2/install/chessbot_description/bin'
[0.673s] INFO:colcon.colcon_core.shell:Creating package script '/home/emmanuel/Chess-Bot-ROS2/install/chessbot_description/share/chessbot_description/package.ps1'
[0.675s] INFO:colcon.colcon_core.shell:Creating package descriptor '/home/emmanuel/Chess-Bot-ROS2/install/chessbot_description/share/chessbot_description/package.dsv'
[0.676s] INFO:colcon.colcon_core.shell:Creating package script '/home/emmanuel/Chess-Bot-ROS2/install/chessbot_description/share/chessbot_description/package.sh'
[0.677s] INFO:colcon.colcon_core.shell:Creating package script '/home/emmanuel/Chess-Bot-ROS2/install/chessbot_description/share/chessbot_description/package.bash'
[0.679s] INFO:colcon.colcon_core.shell:Creating package script '/home/emmanuel/Chess-Bot-ROS2/install/chessbot_description/share/chessbot_description/package.zsh'
[0.680s] Level 1:colcon.colcon_core.environment:create_file_with_runtime_dependencies(/home/emmanuel/Chess-Bot-ROS2/install/chessbot_description/share/colcon-core/packages/chessbot_description)
[0.705s] Level 1:colcon.colcon_core.environment:create_environment_scripts_only(chessbot_description)
[0.705s] Level 1:colcon.colcon_core.environment:checking '/home/emmanuel/Chess-Bot-ROS2/install/chessbot_description' for CMake module files
[0.707s] Level 1:colcon.colcon_core.environment:checking '/home/emmanuel/Chess-Bot-ROS2/install/chessbot_description' for CMake config files
[0.707s] Level 1:colcon.colcon_core.shell:create_environment_hook('chessbot_description', 'cmake_prefix_path')
[0.708s] INFO:colcon.colcon_core.shell:Creating environment hook '/home/emmanuel/Chess-Bot-ROS2/install/chessbot_description/share/chessbot_description/hook/cmake_prefix_path.ps1'
[0.708s] INFO:colcon.colcon_core.shell:Creating environment descriptor '/home/emmanuel/Chess-Bot-ROS2/install/chessbot_description/share/chessbot_description/hook/cmake_prefix_path.dsv'
[0.709s] INFO:colcon.colcon_core.shell:Creating environment hook '/home/emmanuel/Chess-Bot-ROS2/install/chessbot_description/share/chessbot_description/hook/cmake_prefix_path.sh'
[0.710s] Level 1:colcon.colcon_core.environment:checking '/home/emmanuel/Chess-Bot-ROS2/install/chessbot_description/bin'
[0.710s] Level 1:colcon.colcon_core.environment:checking '/home/emmanuel/Chess-Bot-ROS2/install/chessbot_description/lib/pkgconfig/chessbot_description.pc'
[0.711s] Level 1:colcon.colcon_core.environment:checking '/home/emmanuel/Chess-Bot-ROS2/install/chessbot_description/lib/python3.10/site-packages'
[0.711s] Level 1:colcon.colcon_core.environment:checking '/home/emmanuel/Chess-Bot-ROS2/install/chessbot_description/bin'
[0.712s] INFO:colcon.colcon_core.shell:Creating package script '/home/emmanuel/Chess-Bot-ROS2/install/chessbot_description/share/chessbot_description/package.ps1'
[0.713s] INFO:colcon.colcon_core.shell:Creating package descriptor '/home/emmanuel/Chess-Bot-ROS2/install/chessbot_description/share/chessbot_description/package.dsv'
[0.714s] INFO:colcon.colcon_core.shell:Creating package script '/home/emmanuel/Chess-Bot-ROS2/install/chessbot_description/share/chessbot_description/package.sh'
[0.714s] INFO:colcon.colcon_core.shell:Creating package script '/home/emmanuel/Chess-Bot-ROS2/install/chessbot_description/share/chessbot_description/package.bash'
[0.715s] INFO:colcon.colcon_core.shell:Creating package script '/home/emmanuel/Chess-Bot-ROS2/install/chessbot_description/share/chessbot_description/package.zsh'
[0.716s] Level 1:colcon.colcon_core.environment:create_file_with_runtime_dependencies(/home/emmanuel/Chess-Bot-ROS2/install/chessbot_description/share/colcon-core/packages/chessbot_description)
[1.014s] DEBUG:colcon.colcon_core.event_handler.log_command:Invoked command in '/home/emmanuel/Chess-Bot-ROS2/build/chessbot_controller' returned '0': CMAKE_PREFIX_PATH=/opt/ros/humble /usr/bin/cmake --build /home/emmanuel/Chess-Bot-ROS2/build/chessbot_controller -- -j4 -l4
[1.050s] DEBUG:colcon.colcon_core.event_handler.log_command:Invoking command in '/home/emmanuel/Chess-Bot-ROS2/build/chessbot_controller': CMAKE_PREFIX_PATH=/opt/ros/humble /usr/bin/cmake --install /home/emmanuel/Chess-Bot-ROS2/build/chessbot_controller
[1.125s] Level 1:colcon.colcon_core.environment:create_environment_scripts_only(chessbot_controller)
[1.125s] Level 1:colcon.colcon_core.environment:checking '/home/emmanuel/Chess-Bot-ROS2/install/chessbot_controller' for CMake module files
[1.126s] DEBUG:colcon.colcon_core.event_handler.log_command:Invoked command in '/home/emmanuel/Chess-Bot-ROS2/build/chessbot_controller' returned '0': CMAKE_PREFIX_PATH=/opt/ros/humble /usr/bin/cmake --install /home/emmanuel/Chess-Bot-ROS2/build/chessbot_controller
[1.127s] Level 1:colcon.colcon_core.environment:checking '/home/emmanuel/Chess-Bot-ROS2/install/chessbot_controller' for CMake config files
[1.127s] Level 1:colcon.colcon_core.shell:create_environment_hook('chessbot_controller', 'cmake_prefix_path')
[1.127s] INFO:colcon.colcon_core.shell:Creating environment hook '/home/emmanuel/Chess-Bot-ROS2/install/chessbot_controller/share/chessbot_controller/hook/cmake_prefix_path.ps1'
[1.128s] INFO:colcon.colcon_core.shell:Creating environment descriptor '/home/emmanuel/Chess-Bot-ROS2/install/chessbot_controller/share/chessbot_controller/hook/cmake_prefix_path.dsv'
[1.128s] INFO:colcon.colcon_core.shell:Creating environment hook '/home/emmanuel/Chess-Bot-ROS2/install/chessbot_controller/share/chessbot_controller/hook/cmake_prefix_path.sh'
[1.129s] Level 1:colcon.colcon_core.environment:checking '/home/emmanuel/Chess-Bot-ROS2/install/chessbot_controller/lib'
[1.129s] Level 1:colcon.colcon_core.shell:create_environment_hook('chessbot_controller', 'ld_library_path_lib')
[1.129s] INFO:colcon.colcon_core.shell:Creating environment hook '/home/emmanuel/Chess-Bot-ROS2/install/chessbot_controller/share/chessbot_controller/hook/ld_library_path_lib.ps1'
[1.130s] INFO:colcon.colcon_core.shell:Creating environment descriptor '/home/emmanuel/Chess-Bot-ROS2/install/chessbot_controller/share/chessbot_controller/hook/ld_library_path_lib.dsv'
[1.130s] INFO:colcon.colcon_core.shell:Creating environment hook '/home/emmanuel/Chess-Bot-ROS2/install/chessbot_controller/share/chessbot_controller/hook/ld_library_path_lib.sh'
[1.130s] Level 1:colcon.colcon_core.environment:checking '/home/emmanuel/Chess-Bot-ROS2/install/chessbot_controller/bin'
[1.131s] Level 1:colcon.colcon_core.environment:checking '/home/emmanuel/Chess-Bot-ROS2/install/chessbot_controller/lib/pkgconfig/chessbot_controller.pc'
[1.131s] Level 1:colcon.colcon_core.environment:checking '/home/emmanuel/Chess-Bot-ROS2/install/chessbot_controller/lib/python3.10/site-packages'
[1.131s] Level 1:colcon.colcon_core.environment:checking '/home/emmanuel/Chess-Bot-ROS2/install/chessbot_controller/bin'
[1.132s] INFO:colcon.colcon_core.shell:Creating package script '/home/emmanuel/Chess-Bot-ROS2/install/chessbot_controller/share/chessbot_controller/package.ps1'
[1.133s] INFO:colcon.colcon_core.shell:Creating package descriptor '/home/emmanuel/Chess-Bot-ROS2/install/chessbot_controller/share/chessbot_controller/package.dsv'
[1.133s] INFO:colcon.colcon_core.shell:Creating package script '/home/emmanuel/Chess-Bot-ROS2/install/chessbot_controller/share/chessbot_controller/package.sh'
[1.134s] INFO:colcon.colcon_core.shell:Creating package script '/home/emmanuel/Chess-Bot-ROS2/install/chessbot_controller/share/chessbot_controller/package.bash'
[1.134s] INFO:colcon.colcon_core.shell:Creating package script '/home/emmanuel/Chess-Bot-ROS2/install/chessbot_controller/share/chessbot_controller/package.zsh'
[1.135s] Level 1:colcon.colcon_core.environment:create_file_with_runtime_dependencies(/home/emmanuel/Chess-Bot-ROS2/install/chessbot_controller/share/colcon-core/packages/chessbot_controller)
[1.167s] Level 1:colcon.colcon_core.environment:create_environment_scripts_only(chessbot_controller)
[1.167s] Level 1:colcon.colcon_core.environment:checking '/home/emmanuel/Chess-Bot-ROS2/install/chessbot_controller' for CMake module files
[1.168s] Level 1:colcon.colcon_core.environment:checking '/home/emmanuel/Chess-Bot-ROS2/install/chessbot_controller' for CMake config files
[1.168s] Level 1:colcon.colcon_core.shell:create_environment_hook('chessbot_controller', 'cmake_prefix_path')
[1.168s] INFO:colcon.colcon_core.shell:Creating environment hook '/home/emmanuel/Chess-Bot-ROS2/install/chessbot_controller/share/chessbot_controller/hook/cmake_prefix_path.ps1'
[1.169s] INFO:colcon.colcon_core.shell:Creating environment descriptor '/home/emmanuel/Chess-Bot-ROS2/install/chessbot_controller/share/chessbot_controller/hook/cmake_prefix_path.dsv'
[1.170s] INFO:colcon.colcon_core.shell:Creating environment hook '/home/emmanuel/Chess-Bot-ROS2/install/chessbot_controller/share/chessbot_controller/hook/cmake_prefix_path.sh'
[1.170s] Level 1:colcon.colcon_core.environment:checking '/home/emmanuel/Chess-Bot-ROS2/install/chessbot_controller/lib'
[1.170s] Level 1:colcon.colcon_core.shell:create_environment_hook('chessbot_controller', 'ld_library_path_lib')
[1.171s] INFO:colcon.colcon_core.shell:Creating environment hook '/home/emmanuel/Chess-Bot-ROS2/install/chessbot_controller/share/chessbot_controller/hook/ld_library_path_lib.ps1'
[1.171s] INFO:colcon.colcon_core.shell:Creating environment descriptor '/home/emmanuel/Chess-Bot-ROS2/install/chessbot_controller/share/chessbot_controller/hook/ld_library_path_lib.dsv'
[1.172s] INFO:colcon.colcon_core.shell:Creating environment hook '/home/emmanuel/Chess-Bot-ROS2/install/chessbot_controller/share/chessbot_controller/hook/ld_library_path_lib.sh'
[1.172s] Level 1:colcon.colcon_core.environment:checking '/home/emmanuel/Chess-Bot-ROS2/install/chessbot_controller/bin'
[1.172s] Level 1:colcon.colcon_core.environment:checking '/home/emmanuel/Chess-Bot-ROS2/install/chessbot_controller/lib/pkgconfig/chessbot_controller.pc'
[1.173s] Level 1:colcon.colcon_core.environment:checking '/home/emmanuel/Chess-Bot-ROS2/install/chessbot_controller/lib/python3.10/site-packages'
[1.173s] Level 1:colcon.colcon_core.environment:checking '/home/emmanuel/Chess-Bot-ROS2/install/chessbot_controller/bin'
[1.174s] INFO:colcon.colcon_core.shell:Creating package script '/home/emmanuel/Chess-Bot-ROS2/install/chessbot_controller/share/chessbot_controller/package.ps1'
[1.174s] INFO:colcon.colcon_core.shell:Creating package descriptor '/home/emmanuel/Chess-Bot-ROS2/install/chessbot_controller/share/chessbot_controller/package.dsv'
[1.175s] INFO:colcon.colcon_core.shell:Creating package script '/home/emmanuel/Chess-Bot-ROS2/install/chessbot_controller/share/chessbot_controller/package.sh'
[1.175s] INFO:colcon.colcon_core.shell:Creating package script '/home/emmanuel/Chess-Bot-ROS2/install/chessbot_controller/share/chessbot_controller/package.bash'
[1.176s] INFO:colcon.colcon_core.shell:Creating package script '/home/emmanuel/Chess-Bot-ROS2/install/chessbot_controller/share/chessbot_controller/package.zsh'
[1.176s] Level 1:colcon.colcon_core.environment:create_file_with_runtime_dependencies(/home/emmanuel/Chess-Bot-ROS2/install/chessbot_controller/share/colcon-core/packages/chessbot_controller)
[1.177s] DEBUG:colcon.colcon_parallel_executor.executor.parallel:closing loop
[1.177s] DEBUG:colcon.colcon_parallel_executor.executor.parallel:loop closed
[1.177s] DEBUG:colcon.colcon_parallel_executor.executor.parallel:run_until_complete finished with '0'
[1.177s] DEBUG:colcon.colcon_core.event_reactor:joining thread
[1.183s] INFO:colcon.colcon_core.plugin_system:Skipping extension 'colcon_notification.desktop_notification.terminal_notifier': Not used on non-Darwin systems
[1.183s] INFO:colcon.colcon_core.plugin_system:Skipping extension 'colcon_notification.desktop_notification.win32': Not used on non-Windows systems
[1.183s] INFO:colcon.colcon_notification.desktop_notification:Sending desktop notification using 'notify2'
[1.200s] DEBUG:colcon.colcon_core.event_reactor:joined thread
[1.201s] INFO:colcon.colcon_core.shell:Creating prefix script '/home/emmanuel/Chess-Bot-ROS2/install/local_setup.ps1'
[1.202s] INFO:colcon.colcon_core.shell:Creating prefix util module '/home/emmanuel/Chess-Bot-ROS2/install/_local_setup_util_ps1.py'
[1.205s] INFO:colcon.colcon_core.shell:Creating prefix chain script '/home/emmanuel/Chess-Bot-ROS2/install/setup.ps1'
[1.207s] INFO:colcon.colcon_core.shell:Creating prefix script '/home/emmanuel/Chess-Bot-ROS2/install/local_setup.sh'
[1.208s] INFO:colcon.colcon_core.shell:Creating prefix util module '/home/emmanuel/Chess-Bot-ROS2/install/_local_setup_util_sh.py'
[1.208s] INFO:colcon.colcon_core.shell:Creating prefix chain script '/home/emmanuel/Chess-Bot-ROS2/install/setup.sh'
[1.210s] INFO:colcon.colcon_core.shell:Creating prefix script '/home/emmanuel/Chess-Bot-ROS2/install/local_setup.bash'
[1.211s] INFO:colcon.colcon_core.shell:Creating prefix chain script '/home/emmanuel/Chess-Bot-ROS2/install/setup.bash'
[1.212s] INFO:colcon.colcon_core.shell:Creating prefix script '/home/emmanuel/Chess-Bot-ROS2/install/local_setup.zsh'
[1.213s] INFO:colcon.colcon_core.shell:Creating prefix chain script '/home/emmanuel/Chess-Bot-ROS2/install/setup.zsh'
