[0.130s] Invoking command in '/home/emmanuel/Chess-Bot-ROS2/build/chessbot_bringup': CMAKE_PREFIX_PATH=${CMAKE_PREFIX_PATH}:/opt/ros/humble /usr/bin/cmake --build /home/emmanuel/Chess-Bot-ROS2/build/chessbot_bringup -- -j4 -l4
[2.856s] [ 66%] Built target add_collision
[2.857s] [ 66%] Built target goto_goal
[2.857s] [100%] Built target pick_and_place
[2.874s] Invoked command in '/home/emmanuel/Chess-Bot-ROS2/build/chessbot_bringup' returned '0': CMAKE_PREFIX_PATH=${CMAKE_PREFIX_PATH}:/opt/ros/humble /usr/bin/cmake --build /home/emmanuel/Chess-Bot-ROS2/build/chessbot_bringup -- -j4 -l4
[2.912s] Invoking command in '/home/emmanuel/Chess-Bot-ROS2/build/chessbot_bringup': CMAKE_PREFIX_PATH=${CMAKE_PREFIX_PATH}:/opt/ros/humble /usr/bin/cmake --install /home/emmanuel/Chess-Bot-ROS2/build/chessbot_bringup
[2.943s] -- Install configuration: ""
[3.015s] -- Execute custom install script
[3.016s] -- Up-to-date symlink: /home/emmanuel/Chess-Bot-ROS2/install/chessbot_bringup/share/chessbot_bringup/launch/real.launch.py
[3.016s] -- Up-to-date symlink: /home/emmanuel/Chess-Bot-ROS2/install/chessbot_bringup/share/chessbot_bringup/launch/simulation.launch.py
[3.044s] -- Up-to-date symlink: /home/emmanuel/Chess-Bot-ROS2/install/chessbot_bringup/lib/chessbot_bringup/goto_goal
[3.065s] -- Up-to-date symlink: /home/emmanuel/Chess-Bot-ROS2/install/chessbot_bringup/lib/chessbot_bringup/add_collision
[3.065s] -- Up-to-date symlink: /home/emmanuel/Chess-Bot-ROS2/install/chessbot_bringup/lib/chessbot_bringup/pick_and_place
[3.066s] -- Up-to-date symlink: /home/emmanuel/Chess-Bot-ROS2/install/chessbot_bringup/share/ament_index/resource_index/package_run_dependencies/chessbot_bringup
[3.097s] -- Up-to-date symlink: /home/emmanuel/Chess-Bot-ROS2/install/chessbot_bringup/share/ament_index/resource_index/parent_prefix_path/chessbot_bringup
[3.098s] -- Up-to-date symlink: /home/emmanuel/Chess-Bot-ROS2/install/chessbot_bringup/share/chessbot_bringup/environment/ament_prefix_path.sh
[3.099s] -- Up-to-date symlink: /home/emmanuel/Chess-Bot-ROS2/install/chessbot_bringup/share/chessbot_bringup/environment/ament_prefix_path.dsv
[3.100s] -- Up-to-date symlink: /home/emmanuel/Chess-Bot-ROS2/install/chessbot_bringup/share/chessbot_bringup/environment/path.sh
[3.100s] -- Up-to-date symlink: /home/emmanuel/Chess-Bot-ROS2/install/chessbot_bringup/share/chessbot_bringup/environment/path.dsv
[3.101s] -- Up-to-date symlink: /home/emmanuel/Chess-Bot-ROS2/install/chessbot_bringup/share/chessbot_bringup/local_setup.bash
[3.102s] -- Up-to-date symlink: /home/emmanuel/Chess-Bot-ROS2/install/chessbot_bringup/share/chessbot_bringup/local_setup.sh
[3.103s] -- Up-to-date symlink: /home/emmanuel/Chess-Bot-ROS2/install/chessbot_bringup/share/chessbot_bringup/local_setup.zsh
[3.103s] -- Up-to-date symlink: /home/emmanuel/Chess-Bot-ROS2/install/chessbot_bringup/share/chessbot_bringup/local_setup.dsv
[3.104s] -- Symlinking: /home/emmanuel/Chess-Bot-ROS2/install/chessbot_bringup/share/chessbot_bringup/package.dsv
[3.121s] -- Up-to-date symlink: /home/emmanuel/Chess-Bot-ROS2/install/chessbot_bringup/share/ament_index/resource_index/packages/chessbot_bringup
[3.121s] -- Up-to-date symlink: /home/emmanuel/Chess-Bot-ROS2/install/chessbot_bringup/share/chessbot_bringup/cmake/chessbot_bringupConfig.cmake
[3.122s] -- Up-to-date symlink: /home/emmanuel/Chess-Bot-ROS2/install/chessbot_bringup/share/chessbot_bringup/cmake/chessbot_bringupConfig-version.cmake
[3.122s] -- Up-to-date symlink: /home/emmanuel/Chess-Bot-ROS2/install/chessbot_bringup/share/chessbot_bringup/package.xml
[3.126s] Invoked command in '/home/emmanuel/Chess-Bot-ROS2/build/chessbot_bringup' returned '0': CMAKE_PREFIX_PATH=${CMAKE_PREFIX_PATH}:/opt/ros/humble /usr/bin/cmake --install /home/emmanuel/Chess-Bot-ROS2/build/chessbot_bringup
