[0.076s] Invoking command in '/home/emmanuel/Chess-Bot-ROS2/build/chessbot_bringup': CMAKE_PREFIX_PATH=${CMAKE_PREFIX_PATH}:/opt/ros/humble /usr/bin/cmake --build /home/emmanuel/Chess-Bot-ROS2/build/chessbot_bringup -- -j4 -l4
[0.485s] [ 66%] Built target pick_and_place
[0.486s] [ 66%] Built target add_collision
[0.486s] [100%] Built target goto_goal
[0.495s] Invoked command in '/home/emmanuel/Chess-Bot-ROS2/build/chessbot_bringup' returned '0': CMAKE_PREFIX_PATH=${CMAKE_PREFIX_PATH}:/opt/ros/humble /usr/bin/cmake --build /home/emmanuel/Chess-Bot-ROS2/build/chessbot_bringup -- -j4 -l4
[0.587s] Invoking command in '/home/emmanuel/Chess-Bot-ROS2/build/chessbot_bringup': CMAKE_PREFIX_PATH=${CMAKE_PREFIX_PATH}:/opt/ros/humble /usr/bin/cmake --install /home/emmanuel/Chess-Bot-ROS2/build/chessbot_bringup
[0.615s] -- Install configuration: ""
[0.615s] -- Execute custom install script
[0.615s] -- Up-to-date symlink: /home/emmanuel/Chess-Bot-ROS2/install/chessbot_bringup/share/chessbot_bringup/launch/real.launch.py
[0.615s] -- Up-to-date symlink: /home/emmanuel/Chess-Bot-ROS2/install/chessbot_bringup/share/chessbot_bringup/launch/simulation.launch.py
[0.616s] -- Up-to-date symlink: /home/emmanuel/Chess-Bot-ROS2/install/chessbot_bringup/lib/chessbot_bringup/goto_goal
[0.618s] -- Up-to-date symlink: /home/emmanuel/Chess-Bot-ROS2/install/chessbot_bringup/lib/chessbot_bringup/add_collision
[0.618s] -- Up-to-date symlink: /home/emmanuel/Chess-Bot-ROS2/install/chessbot_bringup/lib/chessbot_bringup/pick_and_place
[0.618s] -- Up-to-date symlink: /home/emmanuel/Chess-Bot-ROS2/install/chessbot_bringup/share/ament_index/resource_index/package_run_dependencies/chessbot_bringup
[0.619s] -- Up-to-date symlink: /home/emmanuel/Chess-Bot-ROS2/install/chessbot_bringup/share/ament_index/resource_index/parent_prefix_path/chessbot_bringup
[0.619s] -- Up-to-date symlink: /home/emmanuel/Chess-Bot-ROS2/install/chessbot_bringup/share/chessbot_bringup/environment/ament_prefix_path.sh
[0.619s] -- Up-to-date symlink: /home/emmanuel/Chess-Bot-ROS2/install/chessbot_bringup/share/chessbot_bringup/environment/ament_prefix_path.dsv
[0.621s] -- Up-to-date symlink: /home/emmanuel/Chess-Bot-ROS2/install/chessbot_bringup/share/chessbot_bringup/environment/path.sh
[0.621s] -- Up-to-date symlink: /home/emmanuel/Chess-Bot-ROS2/install/chessbot_bringup/share/chessbot_bringup/environment/path.dsv
[0.621s] -- Up-to-date symlink: /home/emmanuel/Chess-Bot-ROS2/install/chessbot_bringup/share/chessbot_bringup/local_setup.bash
[0.621s] -- Up-to-date symlink: /home/emmanuel/Chess-Bot-ROS2/install/chessbot_bringup/share/chessbot_bringup/local_setup.sh
[0.622s] -- Up-to-date symlink: /home/emmanuel/Chess-Bot-ROS2/install/chessbot_bringup/share/chessbot_bringup/local_setup.zsh
[0.622s] -- Up-to-date symlink: /home/emmanuel/Chess-Bot-ROS2/install/chessbot_bringup/share/chessbot_bringup/local_setup.dsv
[0.622s] -- Symlinking: /home/emmanuel/Chess-Bot-ROS2/install/chessbot_bringup/share/chessbot_bringup/package.dsv
[0.652s] -- Up-to-date symlink: /home/emmanuel/Chess-Bot-ROS2/install/chessbot_bringup/share/ament_index/resource_index/packages/chessbot_bringup
[0.652s] -- Up-to-date symlink: /home/emmanuel/Chess-Bot-ROS2/install/chessbot_bringup/share/chessbot_bringup/cmake/chessbot_bringupConfig.cmake
[0.652s] -- Up-to-date symlink: /home/emmanuel/Chess-Bot-ROS2/install/chessbot_bringup/share/chessbot_bringup/cmake/chessbot_bringupConfig-version.cmake
[0.652s] -- Up-to-date symlink: /home/emmanuel/Chess-Bot-ROS2/install/chessbot_bringup/share/chessbot_bringup/package.xml
[0.659s] Invoked command in '/home/emmanuel/Chess-Bot-ROS2/build/chessbot_bringup' returned '0': CMAKE_PREFIX_PATH=${CMAKE_PREFIX_PATH}:/opt/ros/humble /usr/bin/cmake --install /home/emmanuel/Chess-Bot-ROS2/build/chessbot_bringup
