[0.031s] Invoking command in '/home/emmanuel/Chess-Bot-ROS2/build/chessbot_moveit': CMAKE_PREFIX_PATH=/opt/ros/humble /usr/bin/cmake /home/emmanuel/Chess-Bot-ROS2/src/chessbot_moveit -DAMENT_CMAKE_SYMLINK_INSTALL=1 -DCMAKE_INSTALL_PREFIX=/home/emmanuel/Chess-Bot-ROS2/install/chessbot_moveit
[0.149s] -- The C compiler identification is GNU 11.4.0
[0.302s] -- The CXX compiler identification is GNU 11.4.0
[0.311s] -- Detecting C compiler ABI info
[0.426s] -- Detecting C compiler ABI info - done
[0.444s] -- Check for working C compiler: /usr/bin/cc - skipped
[0.444s] -- Detecting C compile features
[0.447s] -- Detecting C compile features - done
[0.450s] -- Detecting CXX compiler ABI info
[0.569s] -- Detecting CXX compiler ABI info - done
[0.590s] -- Check for working CXX compiler: /usr/bin/c++ - skipped
[0.591s] -- Detecting CXX compile features
[0.592s] -- Detecting CXX compile features - done
[0.596s] -- Found ament_cmake: 1.3.9 (/opt/ros/humble/share/ament_cmake/cmake)
[0.880s] -- Found Python3: /usr/bin/python3 (found version "3.10.12") found components: Interpreter 
[0.978s] -- Override CMake install command with custom implementation using symlinks instead of copying resources
[1.025s] -- Found ament_lint_auto: 0.12.11 (/opt/ros/humble/share/ament_lint_auto/cmake)
[1.149s] -- Added test 'lint_cmake' to check CMake code style
[1.150s] -- Added test 'xmllint' to check XML markup files
[1.152s] -- Configuring done
[1.156s] -- Generating done
[1.157s] -- Build files have been written to: /home/emmanuel/Chess-Bot-ROS2/build/chessbot_moveit
[1.163s] Invoked command in '/home/emmanuel/Chess-Bot-ROS2/build/chessbot_moveit' returned '0': CMAKE_PREFIX_PATH=/opt/ros/humble /usr/bin/cmake /home/emmanuel/Chess-Bot-ROS2/src/chessbot_moveit -DAMENT_CMAKE_SYMLINK_INSTALL=1 -DCMAKE_INSTALL_PREFIX=/home/emmanuel/Chess-Bot-ROS2/install/chessbot_moveit
[1.164s] Invoking command in '/home/emmanuel/Chess-Bot-ROS2/build/chessbot_moveit': CMAKE_PREFIX_PATH=/opt/ros/humble /usr/bin/cmake --build /home/emmanuel/Chess-Bot-ROS2/build/chessbot_moveit -- -j4 -l4
[1.211s] Invoked command in '/home/emmanuel/Chess-Bot-ROS2/build/chessbot_moveit' returned '0': CMAKE_PREFIX_PATH=/opt/ros/humble /usr/bin/cmake --build /home/emmanuel/Chess-Bot-ROS2/build/chessbot_moveit -- -j4 -l4
[1.239s] Invoking command in '/home/emmanuel/Chess-Bot-ROS2/build/chessbot_moveit': CMAKE_PREFIX_PATH=/opt/ros/humble /usr/bin/cmake --install /home/emmanuel/Chess-Bot-ROS2/build/chessbot_moveit
[1.248s] -- Install configuration: ""
[1.248s] -- Execute custom install script
[1.249s] -- Symlinking: /home/emmanuel/Chess-Bot-ROS2/install/chessbot_moveit/share/ament_index/resource_index/package_run_dependencies/chessbot_moveit
[1.260s] -- Symlinking: /home/emmanuel/Chess-Bot-ROS2/install/chessbot_moveit/share/ament_index/resource_index/parent_prefix_path/chessbot_moveit
[1.272s] -- Symlinking: /home/emmanuel/Chess-Bot-ROS2/install/chessbot_moveit/share/chessbot_moveit/environment/ament_prefix_path.sh
[1.282s] -- Symlinking: /home/emmanuel/Chess-Bot-ROS2/install/chessbot_moveit/share/chessbot_moveit/environment/ament_prefix_path.dsv
[1.293s] -- Symlinking: /home/emmanuel/Chess-Bot-ROS2/install/chessbot_moveit/share/chessbot_moveit/environment/path.sh
[1.303s] -- Symlinking: /home/emmanuel/Chess-Bot-ROS2/install/chessbot_moveit/share/chessbot_moveit/environment/path.dsv
[1.313s] -- Symlinking: /home/emmanuel/Chess-Bot-ROS2/install/chessbot_moveit/share/chessbot_moveit/local_setup.bash
[1.325s] -- Symlinking: /home/emmanuel/Chess-Bot-ROS2/install/chessbot_moveit/share/chessbot_moveit/local_setup.sh
[1.338s] -- Symlinking: /home/emmanuel/Chess-Bot-ROS2/install/chessbot_moveit/share/chessbot_moveit/local_setup.zsh
[1.379s] -- Symlinking: /home/emmanuel/Chess-Bot-ROS2/install/chessbot_moveit/share/chessbot_moveit/local_setup.dsv
[1.392s] -- Symlinking: /home/emmanuel/Chess-Bot-ROS2/install/chessbot_moveit/share/chessbot_moveit/package.dsv
[1.403s] -- Symlinking: /home/emmanuel/Chess-Bot-ROS2/install/chessbot_moveit/share/ament_index/resource_index/packages/chessbot_moveit
[1.413s] -- Symlinking: /home/emmanuel/Chess-Bot-ROS2/install/chessbot_moveit/share/chessbot_moveit/cmake/chessbot_moveitConfig.cmake
[1.424s] -- Symlinking: /home/emmanuel/Chess-Bot-ROS2/install/chessbot_moveit/share/chessbot_moveit/cmake/chessbot_moveitConfig-version.cmake
[1.438s] -- Symlinking: /home/emmanuel/Chess-Bot-ROS2/install/chessbot_moveit/share/chessbot_moveit/package.xml
[1.451s] Invoked command in '/home/emmanuel/Chess-Bot-ROS2/build/chessbot_moveit' returned '0': CMAKE_PREFIX_PATH=/opt/ros/humble /usr/bin/cmake --install /home/emmanuel/Chess-Bot-ROS2/build/chessbot_moveit
