[0.033s] Invoking command in '/home/emmanuel/Chess-Bot-ROS2/build/chessbot_bringup': CMAKE_PREFIX_PATH=${CMAKE_PREFIX_PATH}:/opt/ros/humble /usr/bin/cmake --build /home/emmanuel/Chess-Bot-ROS2/build/chessbot_bringup -- -j4 -l4
[0.204s] [ 33%] Built target goto_goal
[0.233s] [ 66%] Built target add_collision
[0.235s] [100%] Built target pick_and_place
[0.266s] Invoked command in '/home/emmanuel/Chess-Bot-ROS2/build/chessbot_bringup' returned '0': CMAKE_PREFIX_PATH=${CMAKE_PREFIX_PATH}:/opt/ros/humble /usr/bin/cmake --build /home/emmanuel/Chess-Bot-ROS2/build/chessbot_bringup -- -j4 -l4
[0.328s] Invoking command in '/home/emmanuel/Chess-Bot-ROS2/build/chessbot_bringup': CMAKE_PREFIX_PATH=${CMAKE_PREFIX_PATH}:/opt/ros/humble /usr/bin/cmake --install /home/emmanuel/Chess-Bot-ROS2/build/chessbot_bringup
[0.346s] -- Install configuration: ""
[0.346s] -- Execute custom install script
[0.347s] -- Up-to-date symlink: /home/emmanuel/Chess-Bot-ROS2/install/chessbot_bringup/share/chessbot_bringup/launch/real.launch.py
[0.347s] -- Up-to-date symlink: /home/emmanuel/Chess-Bot-ROS2/install/chessbot_bringup/share/chessbot_bringup/launch/simulation.launch.py
[0.348s] -- Up-to-date symlink: /home/emmanuel/Chess-Bot-ROS2/install/chessbot_bringup/lib/chessbot_bringup/goto_goal
[0.348s] -- Up-to-date symlink: /home/emmanuel/Chess-Bot-ROS2/install/chessbot_bringup/lib/chessbot_bringup/add_collision
[0.348s] -- Up-to-date symlink: /home/emmanuel/Chess-Bot-ROS2/install/chessbot_bringup/lib/chessbot_bringup/pick_and_place
[0.349s] -- Up-to-date symlink: /home/emmanuel/Chess-Bot-ROS2/install/chessbot_bringup/share/ament_index/resource_index/package_run_dependencies/chessbot_bringup
[0.349s] -- Up-to-date symlink: /home/emmanuel/Chess-Bot-ROS2/install/chessbot_bringup/share/ament_index/resource_index/parent_prefix_path/chessbot_bringup
[0.350s] -- Up-to-date symlink: /home/emmanuel/Chess-Bot-ROS2/install/chessbot_bringup/share/chessbot_bringup/environment/ament_prefix_path.sh
[0.350s] -- Up-to-date symlink: /home/emmanuel/Chess-Bot-ROS2/install/chessbot_bringup/share/chessbot_bringup/environment/ament_prefix_path.dsv
[0.351s] -- Up-to-date symlink: /home/emmanuel/Chess-Bot-ROS2/install/chessbot_bringup/share/chessbot_bringup/environment/path.sh
[0.352s] -- Up-to-date symlink: /home/emmanuel/Chess-Bot-ROS2/install/chessbot_bringup/share/chessbot_bringup/environment/path.dsv
[0.352s] -- Up-to-date symlink: /home/emmanuel/Chess-Bot-ROS2/install/chessbot_bringup/share/chessbot_bringup/local_setup.bash
[0.352s] -- Up-to-date symlink: /home/emmanuel/Chess-Bot-ROS2/install/chessbot_bringup/share/chessbot_bringup/local_setup.sh
[0.352s] -- Up-to-date symlink: /home/emmanuel/Chess-Bot-ROS2/install/chessbot_bringup/share/chessbot_bringup/local_setup.zsh
[0.353s] -- Up-to-date symlink: /home/emmanuel/Chess-Bot-ROS2/install/chessbot_bringup/share/chessbot_bringup/local_setup.dsv
[0.353s] -- Symlinking: /home/emmanuel/Chess-Bot-ROS2/install/chessbot_bringup/share/chessbot_bringup/package.dsv
[0.372s] -- Up-to-date symlink: /home/emmanuel/Chess-Bot-ROS2/install/chessbot_bringup/share/ament_index/resource_index/packages/chessbot_bringup
[0.372s] -- Up-to-date symlink: /home/emmanuel/Chess-Bot-ROS2/install/chessbot_bringup/share/chessbot_bringup/cmake/chessbot_bringupConfig.cmake
[0.375s] -- Up-to-date symlink: /home/emmanuel/Chess-Bot-ROS2/install/chessbot_bringup/share/chessbot_bringup/cmake/chessbot_bringupConfig-version.cmake
[0.375s] -- Up-to-date symlink: /home/emmanuel/Chess-Bot-ROS2/install/chessbot_bringup/share/chessbot_bringup/package.xml
[0.380s] Invoked command in '/home/emmanuel/Chess-Bot-ROS2/build/chessbot_bringup' returned '0': CMAKE_PREFIX_PATH=${CMAKE_PREFIX_PATH}:/opt/ros/humble /usr/bin/cmake --install /home/emmanuel/Chess-Bot-ROS2/build/chessbot_bringup
