[0.030s] Invoking command in '/home/emmanuel/Chess-Bot-ROS2/build/chessbot_controller': /usr/bin/cmake /home/emmanuel/Chess-Bot-ROS2/src/chessbot_controller -DCMAKE_INSTALL_PREFIX=/home/emmanuel/Chess-Bot-ROS2/install/chessbot_controller
[0.051s] -- Found ament_cmake: 1.3.9 (/opt/ros/humble/share/ament_cmake/cmake)
[0.334s] -- Override CMake install command with custom implementation using symlinks instead of copying resources
[0.334s] -- Found hardware_interface: 2.41.0 (/opt/ros/humble/share/hardware_interface/cmake)
[0.363s] -- Found rosidl_generator_c: 3.1.5 (/opt/ros/humble/share/rosidl_generator_c/cmake)
[0.374s] -- Found rosidl_adapter: 3.1.5 (/opt/ros/humble/share/rosidl_adapter/cmake)
[0.388s] -- Found rosidl_generator_cpp: 3.1.5 (/opt/ros/humble/share/rosidl_generator_cpp/cmake)
[0.410s] -- Using all available rosidl_typesupport_c: rosidl_typesupport_fastrtps_c;rosidl_typesupport_introspection_c
[0.436s] -- Using all available rosidl_typesupport_cpp: rosidl_typesupport_fastrtps_cpp;rosidl_typesupport_introspection_cpp
[1.228s] -- Found rmw_implementation_cmake: 6.1.2 (/opt/ros/humble/share/rmw_implementation_cmake/cmake)
[1.229s] -- Found rmw_cyclonedds_cpp: 1.3.4 (/opt/ros/humble/share/rmw_cyclonedds_cpp/cmake)
[1.267s] -- Using RMW implementation 'rmw_cyclonedds_cpp' as default
[1.460s] -- Found rclpy: 3.3.13 (/opt/ros/humble/share/rclpy/cmake)
[1.529s] Error parsing '/home/emmanuel/Chess-Bot-ROS2/src/chessbot_controller/package.xml':
[1.582s] Traceback (most recent call last):
[1.582s]   File "/opt/ros/humble/share/ament_cmake_core/cmake/core/package_xml_2_cmake.py", line 150, in <module>
[1.582s]     main()
[1.582s]   File "/opt/ros/humble/share/ament_cmake_core/cmake/core/package_xml_2_cmake.py", line 53, in main
[1.582s]     raise e
[1.582s]   File "/opt/ros/humble/share/ament_cmake_core/cmake/core/package_xml_2_cmake.py", line 49, in main
[1.582s]     package = parse_package_string(
[1.583s]   File "/usr/lib/python3/dist-packages/catkin_pkg/package.py", line 786, in parse_package_string
[1.602s]     raise InvalidPackage('Error(s):%s' % (''.join(['\n- %s' % e for e in errors])), filename)
[1.602s] catkin_pkg.package.InvalidPackage: Error(s) in package '/home/emmanuel/Chess-Bot-ROS2/src/chessbot_controller/package.xml':
[1.602s] Error(s):
[1.602s] - The generic dependency on 'rclpy' is redundant with: exec_depend
[1.603s] - The generic dependency on 'rclcpp' is redundant with: exec_depend
[1.603s] - The generic dependency on 'sensor_msgs' is redundant with: exec_depend
[1.603s] - The generic dependency on 'trajectory_msgs' is redundant with: exec_depend
[1.603s] - The generic dependency on 'hardware_interface' is redundant with: exec_depend
[1.603s] - The generic dependency on 'pluginlib' is redundant with: exec_depend
[1.603s] - The generic dependency on 'rclcpp_lifecycle' is redundant with: exec_depend
[1.622s] [31mCMake Error at /opt/ros/humble/share/ament_cmake_core/cmake/core/ament_package_xml.cmake:95 (message):
[1.622s]   execute_process(/usr/bin/python3
[1.622s]   /opt/ros/humble/share/ament_cmake_core/cmake/core/package_xml_2_cmake.py
[1.622s]   /home/emmanuel/Chess-Bot-ROS2/src/chessbot_controller/package.xml
[1.622s]   /home/emmanuel/Chess-Bot-ROS2/build/chessbot_controller/ament_cmake_core/package.cmake)
[1.622s]   returned error code 1
[1.622s] Call Stack (most recent call first):
[1.622s]   /opt/ros/humble/share/ament_cmake_core/cmake/core/ament_package_xml.cmake:49 (_ament_package_xml)
[1.622s]   /opt/ros/humble/share/ament_cmake_python/cmake/ament_python_install_package.cmake:60 (ament_package_xml)
[1.622s]   /opt/ros/humble/share/ament_cmake_python/cmake/ament_python_install_package.cmake:39 (_ament_cmake_python_install_package)
[1.622s]   CMakeLists.txt:25 (ament_python_install_package)
[1.622s] 
[1.623s] [0m
[1.623s] -- Configuring incomplete, errors occurred!
[1.623s] See also "/home/emmanuel/Chess-Bot-ROS2/build/chessbot_controller/CMakeFiles/CMakeOutput.log".
[1.634s] Invoked command in '/home/emmanuel/Chess-Bot-ROS2/build/chessbot_controller' returned '1': /usr/bin/cmake /home/emmanuel/Chess-Bot-ROS2/src/chessbot_controller -DCMAKE_INSTALL_PREFIX=/home/emmanuel/Chess-Bot-ROS2/install/chessbot_controller
