[0.041s] Invoking command in '/home/emmanuel/Chess-Bot-ROS2/build/moveit': AMENT_PREFIX_PATH=/home/emmanuel/Chess-Bot-ROS2/install/chessbot_description:${AMENT_PREFIX_PATH} CMAKE_PREFIX_PATH=/home/emmanuel/Chess-Bot-ROS2/install/chessbot_description:/opt/ros/humble /usr/bin/cmake --build /home/emmanuel/Chess-Bot-ROS2/build/moveit -- -j4 -l4
[0.112s] Invoked command in '/home/emmanuel/Chess-Bot-ROS2/build/moveit' returned '0': AMENT_PREFIX_PATH=/home/emmanuel/Chess-Bot-ROS2/install/chessbot_description:${AMENT_PREFIX_PATH} CMAKE_PREFIX_PATH=/home/emmanuel/Chess-Bot-ROS2/install/chessbot_description:/opt/ros/humble /usr/bin/cmake --build /home/emmanuel/Chess-Bot-ROS2/build/moveit -- -j4 -l4
[0.154s] Invoking command in '/home/emmanuel/Chess-Bot-ROS2/build/moveit': AMENT_PREFIX_PATH=/home/emmanuel/Chess-Bot-ROS2/install/chessbot_description:${AMENT_PREFIX_PATH} CMAKE_PREFIX_PATH=/home/emmanuel/Chess-Bot-ROS2/install/chessbot_description:/opt/ros/humble /usr/bin/cmake --install /home/emmanuel/Chess-Bot-ROS2/build/moveit
[0.167s] -- Install configuration: ""
[0.167s] -- Execute custom install script
[0.168s] -- Up-to-date symlink: /home/emmanuel/Chess-Bot-ROS2/install/moveit/share/ament_index/resource_index/package_run_dependencies/moveit
[0.168s] -- Up-to-date symlink: /home/emmanuel/Chess-Bot-ROS2/install/moveit/share/ament_index/resource_index/parent_prefix_path/moveit
[0.172s] -- Up-to-date symlink: /home/emmanuel/Chess-Bot-ROS2/install/moveit/share/moveit/environment/ament_prefix_path.sh
[0.172s] -- Up-to-date symlink: /home/emmanuel/Chess-Bot-ROS2/install/moveit/share/moveit/environment/ament_prefix_path.dsv
[0.172s] -- Up-to-date symlink: /home/emmanuel/Chess-Bot-ROS2/install/moveit/share/moveit/environment/path.sh
[0.173s] -- Up-to-date symlink: /home/emmanuel/Chess-Bot-ROS2/install/moveit/share/moveit/environment/path.dsv
[0.173s] -- Up-to-date symlink: /home/emmanuel/Chess-Bot-ROS2/install/moveit/share/moveit/local_setup.bash
[0.173s] -- Up-to-date symlink: /home/emmanuel/Chess-Bot-ROS2/install/moveit/share/moveit/local_setup.sh
[0.173s] -- Up-to-date symlink: /home/emmanuel/Chess-Bot-ROS2/install/moveit/share/moveit/local_setup.zsh
[0.174s] -- Up-to-date symlink: /home/emmanuel/Chess-Bot-ROS2/install/moveit/share/moveit/local_setup.dsv
[0.174s] -- Symlinking: /home/emmanuel/Chess-Bot-ROS2/install/moveit/share/moveit/package.dsv
[0.193s] -- Up-to-date symlink: /home/emmanuel/Chess-Bot-ROS2/install/moveit/share/ament_index/resource_index/packages/moveit
[0.198s] -- Up-to-date symlink: /home/emmanuel/Chess-Bot-ROS2/install/moveit/share/moveit/cmake/moveitConfig.cmake
[0.198s] -- Up-to-date symlink: /home/emmanuel/Chess-Bot-ROS2/install/moveit/share/moveit/cmake/moveitConfig-version.cmake
[0.198s] -- Up-to-date symlink: /home/emmanuel/Chess-Bot-ROS2/install/moveit/share/moveit/package.xml
[0.198s] -- Up-to-date symlink: /home/emmanuel/Chess-Bot-ROS2/install/moveit/share/moveit/launch/demo.launch.py
[0.198s] -- Up-to-date symlink: /home/emmanuel/Chess-Bot-ROS2/install/moveit/share/moveit/launch/move_group.launch.py
[0.198s] -- Up-to-date symlink: /home/emmanuel/Chess-Bot-ROS2/install/moveit/share/moveit/launch/moveit_rviz.launch.py
[0.206s] -- Up-to-date symlink: /home/emmanuel/Chess-Bot-ROS2/install/moveit/share/moveit/launch/rsp.launch.py
[0.206s] -- Up-to-date symlink: /home/emmanuel/Chess-Bot-ROS2/install/moveit/share/moveit/launch/setup_assistant.launch.py
[0.207s] -- Up-to-date symlink: /home/emmanuel/Chess-Bot-ROS2/install/moveit/share/moveit/launch/spawn_controllers.launch.py
[0.207s] -- Up-to-date symlink: /home/emmanuel/Chess-Bot-ROS2/install/moveit/share/moveit/launch/static_virtual_joint_tfs.launch.py
[0.207s] -- Up-to-date symlink: /home/emmanuel/Chess-Bot-ROS2/install/moveit/share/moveit/launch/warehouse_db.launch.py
[0.208s] -- Up-to-date symlink: /home/emmanuel/Chess-Bot-ROS2/install/moveit/share/moveit/config/arm.ros2_control.xacro
[0.210s] -- Up-to-date symlink: /home/emmanuel/Chess-Bot-ROS2/install/moveit/share/moveit/.setup_assistant
[0.211s] Invoked command in '/home/emmanuel/Chess-Bot-ROS2/build/moveit' returned '0': AMENT_PREFIX_PATH=/home/emmanuel/Chess-Bot-ROS2/install/chessbot_description:${AMENT_PREFIX_PATH} CMAKE_PREFIX_PATH=/home/emmanuel/Chess-Bot-ROS2/install/chessbot_description:/opt/ros/humble /usr/bin/cmake --install /home/emmanuel/Chess-Bot-ROS2/build/moveit
