[0.012s] Invoking command in '/home/emmanuel/Chess-Bot-ROS2/build/moveit': AMENT_PREFIX_PATH=/home/emmanuel/Chess-Bot-ROS2/install/chessbot_description:${AMENT_PREFIX_PATH} CMAKE_PREFIX_PATH=/home/emmanuel/Chess-Bot-ROS2/install/chessbot_description:/opt/ros/humble /usr/bin/cmake /home/emmanuel/Chess-Bot-ROS2/src/moveit -DAMENT_CMAKE_SYMLINK_INSTALL=1 -DCMAKE_INSTALL_PREFIX=/home/emmanuel/Chess-Bot-ROS2/install/moveit
[0.101s] -- The C compiler identification is GNU 11.4.0
[0.214s] -- The CXX compiler identification is GNU 11.4.0
[0.228s] -- Detecting C compiler ABI info
[0.357s] -- Detecting C compiler ABI info - done
[0.371s] -- Check for working C compiler: /usr/bin/cc - skipped
[0.371s] -- Detecting C compile features
[0.372s] -- Detecting C compile features - done
[0.378s] -- Detecting CXX compiler ABI info
[0.508s] -- Detecting CXX compiler ABI info - done
[0.521s] -- Check for working CXX compiler: /usr/bin/c++ - skipped
[0.522s] -- Detecting CXX compile features
[0.523s] -- Detecting CXX compile features - done
[0.527s] -- Found ament_cmake: 1.3.9 (/opt/ros/humble/share/ament_cmake/cmake)
[0.795s] -- Found Python3: /usr/bin/python3 (found version "3.10.12") found components: Interpreter 
[0.889s] -- Override CMake install command with custom implementation using symlinks instead of copying resources
[1.026s] -- Configuring done
[1.058s] -- Generating done
[1.059s] -- Build files have been written to: /home/emmanuel/Chess-Bot-ROS2/build/moveit
[1.064s] Invoked command in '/home/emmanuel/Chess-Bot-ROS2/build/moveit' returned '0': AMENT_PREFIX_PATH=/home/emmanuel/Chess-Bot-ROS2/install/chessbot_description:${AMENT_PREFIX_PATH} CMAKE_PREFIX_PATH=/home/emmanuel/Chess-Bot-ROS2/install/chessbot_description:/opt/ros/humble /usr/bin/cmake /home/emmanuel/Chess-Bot-ROS2/src/moveit -DAMENT_CMAKE_SYMLINK_INSTALL=1 -DCMAKE_INSTALL_PREFIX=/home/emmanuel/Chess-Bot-ROS2/install/moveit
[1.066s] Invoking command in '/home/emmanuel/Chess-Bot-ROS2/build/moveit': AMENT_PREFIX_PATH=/home/emmanuel/Chess-Bot-ROS2/install/chessbot_description:${AMENT_PREFIX_PATH} CMAKE_PREFIX_PATH=/home/emmanuel/Chess-Bot-ROS2/install/chessbot_description:/opt/ros/humble /usr/bin/cmake --build /home/emmanuel/Chess-Bot-ROS2/build/moveit -- -j4 -l4
[1.115s] Invoked command in '/home/emmanuel/Chess-Bot-ROS2/build/moveit' returned '0': AMENT_PREFIX_PATH=/home/emmanuel/Chess-Bot-ROS2/install/chessbot_description:${AMENT_PREFIX_PATH} CMAKE_PREFIX_PATH=/home/emmanuel/Chess-Bot-ROS2/install/chessbot_description:/opt/ros/humble /usr/bin/cmake --build /home/emmanuel/Chess-Bot-ROS2/build/moveit -- -j4 -l4
[1.143s] Invoking command in '/home/emmanuel/Chess-Bot-ROS2/build/moveit': AMENT_PREFIX_PATH=/home/emmanuel/Chess-Bot-ROS2/install/chessbot_description:${AMENT_PREFIX_PATH} CMAKE_PREFIX_PATH=/home/emmanuel/Chess-Bot-ROS2/install/chessbot_description:/opt/ros/humble /usr/bin/cmake --install /home/emmanuel/Chess-Bot-ROS2/build/moveit
[1.152s] -- Install configuration: ""
[1.152s] -- Execute custom install script
[1.153s] -- Symlinking: /home/emmanuel/Chess-Bot-ROS2/install/moveit/share/ament_index/resource_index/package_run_dependencies/moveit
[1.165s] -- Symlinking: /home/emmanuel/Chess-Bot-ROS2/install/moveit/share/ament_index/resource_index/parent_prefix_path/moveit
[1.177s] -- Symlinking: /home/emmanuel/Chess-Bot-ROS2/install/moveit/share/moveit/environment/ament_prefix_path.sh
[1.188s] -- Symlinking: /home/emmanuel/Chess-Bot-ROS2/install/moveit/share/moveit/environment/ament_prefix_path.dsv
[1.199s] -- Symlinking: /home/emmanuel/Chess-Bot-ROS2/install/moveit/share/moveit/environment/path.sh
[1.208s] -- Symlinking: /home/emmanuel/Chess-Bot-ROS2/install/moveit/share/moveit/environment/path.dsv
[1.218s] -- Symlinking: /home/emmanuel/Chess-Bot-ROS2/install/moveit/share/moveit/local_setup.bash
[1.228s] -- Symlinking: /home/emmanuel/Chess-Bot-ROS2/install/moveit/share/moveit/local_setup.sh
[1.240s] -- Symlinking: /home/emmanuel/Chess-Bot-ROS2/install/moveit/share/moveit/local_setup.zsh
[1.250s] -- Symlinking: /home/emmanuel/Chess-Bot-ROS2/install/moveit/share/moveit/local_setup.dsv
[1.259s] -- Symlinking: /home/emmanuel/Chess-Bot-ROS2/install/moveit/share/moveit/package.dsv
[1.269s] -- Symlinking: /home/emmanuel/Chess-Bot-ROS2/install/moveit/share/ament_index/resource_index/packages/moveit
[1.278s] -- Symlinking: /home/emmanuel/Chess-Bot-ROS2/install/moveit/share/moveit/cmake/moveitConfig.cmake
[1.288s] -- Symlinking: /home/emmanuel/Chess-Bot-ROS2/install/moveit/share/moveit/cmake/moveitConfig-version.cmake
[1.299s] -- Symlinking: /home/emmanuel/Chess-Bot-ROS2/install/moveit/share/moveit/package.xml
[1.310s] -- Symlinking: /home/emmanuel/Chess-Bot-ROS2/install/moveit/share/moveit/launch/demo.launch.py
[1.320s] -- Symlinking: /home/emmanuel/Chess-Bot-ROS2/install/moveit/share/moveit/launch/move_group.launch.py
[1.330s] -- Symlinking: /home/emmanuel/Chess-Bot-ROS2/install/moveit/share/moveit/launch/moveit_rviz.launch.py
[1.340s] -- Symlinking: /home/emmanuel/Chess-Bot-ROS2/install/moveit/share/moveit/launch/rsp.launch.py
[1.351s] -- Symlinking: /home/emmanuel/Chess-Bot-ROS2/install/moveit/share/moveit/launch/setup_assistant.launch.py
[1.361s] -- Symlinking: /home/emmanuel/Chess-Bot-ROS2/install/moveit/share/moveit/launch/spawn_controllers.launch.py
[1.371s] -- Symlinking: /home/emmanuel/Chess-Bot-ROS2/install/moveit/share/moveit/launch/static_virtual_joint_tfs.launch.py
[1.381s] -- Symlinking: /home/emmanuel/Chess-Bot-ROS2/install/moveit/share/moveit/launch/warehouse_db.launch.py
[1.392s] -- Symlinking: /home/emmanuel/Chess-Bot-ROS2/install/moveit/share/moveit/config/arm.ros2_control.xacro
[1.402s] -- Symlinking: /home/emmanuel/Chess-Bot-ROS2/install/moveit/share/moveit/config/arm.srdf
[1.413s] -- Symlinking: /home/emmanuel/Chess-Bot-ROS2/install/moveit/share/moveit/config/arm.urdf.xacro
[1.423s] -- Symlinking: /home/emmanuel/Chess-Bot-ROS2/install/moveit/share/moveit/config/initial_positions.yaml
[1.433s] -- Symlinking: /home/emmanuel/Chess-Bot-ROS2/install/moveit/share/moveit/config/joint_limits.yaml
[1.443s] -- Symlinking: /home/emmanuel/Chess-Bot-ROS2/install/moveit/share/moveit/config/kinematics.yaml
[1.453s] -- Symlinking: /home/emmanuel/Chess-Bot-ROS2/install/moveit/share/moveit/config/moveit.rviz
[1.463s] -- Symlinking: /home/emmanuel/Chess-Bot-ROS2/install/moveit/share/moveit/config/moveit_controllers.yaml
[1.474s] -- Symlinking: /home/emmanuel/Chess-Bot-ROS2/install/moveit/share/moveit/config/pilz_cartesian_limits.yaml
[1.483s] -- Symlinking: /home/emmanuel/Chess-Bot-ROS2/install/moveit/share/moveit/.setup_assistant
[1.495s] Invoked command in '/home/emmanuel/Chess-Bot-ROS2/build/moveit' returned '0': AMENT_PREFIX_PATH=/home/emmanuel/Chess-Bot-ROS2/install/chessbot_description:${AMENT_PREFIX_PATH} CMAKE_PREFIX_PATH=/home/emmanuel/Chess-Bot-ROS2/install/chessbot_description:/opt/ros/humble /usr/bin/cmake --install /home/emmanuel/Chess-Bot-ROS2/build/moveit
