-- Found ament_cmake: 1.3.9 (/opt/ros/humble/share/ament_cmake/cmake)
-- Override CMake install command with custom implementation using symlinks instead of copying resources
-- Found hardware_interface: 2.41.0 (/opt/ros/humble/share/hardware_interface/cmake)
-- Found rosidl_generator_c: 3.1.5 (/opt/ros/humble/share/rosidl_generator_c/cmake)
-- Found rosidl_adapter: 3.1.5 (/opt/ros/humble/share/rosidl_adapter/cmake)
-- Found rosidl_generator_cpp: 3.1.5 (/opt/ros/humble/share/rosidl_generator_cpp/cmake)
-- Using all available rosidl_typesupport_c: rosidl_typesupport_fastrtps_c;rosidl_typesupport_introspection_c
-- Using all available rosidl_typesupport_cpp: rosidl_typesupport_fastrtps_cpp;rosidl_typesupport_introspection_cpp
-- Found rmw_implementation_cmake: 6.1.2 (/opt/ros/humble/share/rmw_implementation_cmake/cmake)
-- Found rmw_cyclonedds_cpp: 1.3.4 (/opt/ros/humble/share/rmw_cyclonedds_cpp/cmake)
-- Using RMW implementation 'rmw_cyclonedds_cpp' as default
-- Looking for pthread.h
-- Looking for pthread.h - found
-- Performing Test CMAKE_HAVE_LIBC_PTHREAD
-- Performing Test CMAKE_HAVE_LIBC_PTHREAD - Success
-- Found Threads: TRUE  
-- Found rclpy: 3.3.13 (/opt/ros/humble/share/rclpy/cmake)
-- Found PkgConfig: /usr/bin/pkg-config (found version "0.29.2") 
-- Checking for module 'libserial'
--   Found libserial, version 1.0.0
-- Configuring done
-- Generating done
-- Build files have been written to: /home/emmanuel/Chess-Bot-ROS2/build/chessbot_controller
[ 25%] [32mBuilding CXX object CMakeFiles/slider_control.dir/src/slider.cpp.o[0m
[ 50%] [32mBuilding CXX object CMakeFiles/chessbot_controller.dir/src/arm_interface.cpp.o[0m
[ 50%] Built target ament_cmake_python_symlink_chessbot_controller
running egg_info
creating chessbot_controller.egg-info
writing chessbot_controller.egg-info/PKG-INFO
writing dependency_links to chessbot_controller.egg-info/dependency_links.txt
writing top-level names to chessbot_controller.egg-info/top_level.txt
writing manifest file 'chessbot_controller.egg-info/SOURCES.txt'
reading manifest file 'chessbot_controller.egg-info/SOURCES.txt'
writing manifest file 'chessbot_controller.egg-info/SOURCES.txt'
[ 50%] Built target ament_cmake_python_build_chessbot_controller_egg
[ 75%] [32m[1mLinking CXX executable slider_control[0m
[ 75%] Built target slider_control
