[0.021s] Invoking command in '/home/emmanuel/Chess-Bot-ROS2/build/chessbot_controller': CMAKE_PREFIX_PATH=/opt/ros/humble /usr/bin/cmake --build /home/emmanuel/Chess-Bot-ROS2/build/chessbot_controller -- -j4 -l4
[0.048s] -- Found ament_cmake: 1.3.9 (/opt/ros/humble/share/ament_cmake/cmake)
[0.221s] -- Override CMake install command with custom implementation using symlinks instead of copying resources
[0.347s] -- Found hardware_interface: 2.41.0 (/opt/ros/humble/share/hardware_interface/cmake)
[0.843s] -- Found rosidl_generator_c: 3.1.5 (/opt/ros/humble/share/rosidl_generator_c/cmake)
[0.913s] -- Found rosidl_adapter: 3.1.5 (/opt/ros/humble/share/rosidl_adapter/cmake)
[0.951s] -- Found rosidl_generator_cpp: 3.1.5 (/opt/ros/humble/share/rosidl_generator_cpp/cmake)
[1.057s] -- Using all available rosidl_typesupport_c: rosidl_typesupport_fastrtps_c;rosidl_typesupport_introspection_c
[1.111s] -- Using all available rosidl_typesupport_cpp: rosidl_typesupport_fastrtps_cpp;rosidl_typesupport_introspection_cpp
[2.817s] -- Found rmw_implementation_cmake: 6.1.2 (/opt/ros/humble/share/rmw_implementation_cmake/cmake)
[2.847s] -- Found rmw_cyclonedds_cpp: 1.3.4 (/opt/ros/humble/share/rmw_cyclonedds_cpp/cmake)
[3.133s] -- Using RMW implementation 'rmw_cyclonedds_cpp' as default
[3.256s] -- Looking for pthread.h
[3.517s] -- Looking for pthread.h - found
[3.517s] -- Performing Test CMAKE_HAVE_LIBC_PTHREAD
[3.637s] -- Performing Test CMAKE_HAVE_LIBC_PTHREAD - Success
[3.638s] -- Found Threads: TRUE  
[4.009s] -- Found rclpy: 3.3.13 (/opt/ros/humble/share/rclpy/cmake)
[4.036s] -- Found PkgConfig: /usr/bin/pkg-config (found version "0.29.2") 
[4.037s] -- Checking for module 'libserial'
[4.154s] --   Found libserial, version 1.0.0
[4.562s] -- Configuring done
[5.098s] -- Generating done
[5.106s] -- Build files have been written to: /home/emmanuel/Chess-Bot-ROS2/build/chessbot_controller
[5.170s] [ 25%] [32mBuilding CXX object CMakeFiles/slider_control.dir/src/slider.cpp.o[0m
[5.172s] [ 50%] [32mBuilding CXX object CMakeFiles/chessbot_controller.dir/src/arm_interface.cpp.o[0m
[5.182s] [ 50%] Built target ament_cmake_python_symlink_chessbot_controller
[5.590s] running egg_info
[5.591s] creating chessbot_controller.egg-info
[5.592s] writing chessbot_controller.egg-info/PKG-INFO
[5.592s] writing dependency_links to chessbot_controller.egg-info/dependency_links.txt
[5.592s] writing top-level names to chessbot_controller.egg-info/top_level.txt
[5.594s] writing manifest file 'chessbot_controller.egg-info/SOURCES.txt'
[5.613s] reading manifest file 'chessbot_controller.egg-info/SOURCES.txt'
[5.614s] writing manifest file 'chessbot_controller.egg-info/SOURCES.txt'
[5.659s] [ 50%] Built target ament_cmake_python_build_chessbot_controller_egg
[5.926s] In file included from [01m[K/home/emmanuel/Chess-Bot-ROS2/src/chessbot_controller/src/arm_interface.cpp:1[m[K:
[5.926s] [01m[K/home/emmanuel/Chess-Bot-ROS2/src/chessbot_controller/include/chessbot_controller/arm_interface.hpp:11:10:[m[K [01;31m[Kfatal error: [m[Karm_controller/visibility_control.h: No such file or directory
[5.926s]    11 | #include [01;31m[K"arm_controller/visibility_control.h"[m[K
[5.927s]       |          [01;31m[K^~~~~~~~~~~~~~~~~~~~~~~~~~~~~~~~~~~~~[m[K
[5.927s] compilation terminated.
[5.937s] gmake[2]: *** [CMakeFiles/chessbot_controller.dir/build.make:76: CMakeFiles/chessbot_controller.dir/src/arm_interface.cpp.o] Error 1
[5.938s] gmake[1]: *** [CMakeFiles/Makefile2:220: CMakeFiles/chessbot_controller.dir/all] Error 2
[5.938s] gmake[1]: *** Waiting for unfinished jobs....
[16.604s] [ 75%] [32m[1mLinking CXX executable slider_control[0m
[17.456s] [ 75%] Built target slider_control
[17.457s] gmake: *** [Makefile:146: all] Error 2
[17.460s] Invoked command in '/home/emmanuel/Chess-Bot-ROS2/build/chessbot_controller' returned '2': CMAKE_PREFIX_PATH=/opt/ros/humble /usr/bin/cmake --build /home/emmanuel/Chess-Bot-ROS2/build/chessbot_controller -- -j4 -l4
