[0.115s] Invoking command in '/home/emmanuel/Chess-Bot-ROS2/build/chessbot_description': CMAKE_PREFIX_PATH=/opt/ros/humble /usr/bin/cmake --build /home/emmanuel/Chess-Bot-ROS2/build/chessbot_description -- -j4 -l4
[0.658s] Invoked command in '/home/emmanuel/Chess-Bot-ROS2/build/chessbot_description' returned '0': CMAKE_PREFIX_PATH=/opt/ros/humble /usr/bin/cmake --build /home/emmanuel/Chess-Bot-ROS2/build/chessbot_description -- -j4 -l4
[0.695s] Invoking command in '/home/emmanuel/Chess-Bot-ROS2/build/chessbot_description': CMAKE_PREFIX_PATH=/opt/ros/humble /usr/bin/cmake --install /home/emmanuel/Chess-Bot-ROS2/build/chessbot_description
[0.758s] -- Install configuration: ""
[0.854s] -- Execute custom install script
[0.889s] -- Up-to-date symlink: /home/emmanuel/Chess-Bot-ROS2/install/chessbot_description/share/chessbot_description/launch/display.launch.xml
[0.940s] -- Up-to-date symlink: /home/emmanuel/Chess-Bot-ROS2/install/chessbot_description/share/chessbot_description/launch/gazebo_sim.launch.py
[0.941s] -- Up-to-date symlink: /home/emmanuel/Chess-Bot-ROS2/install/chessbot_description/share/chessbot_description/urdf/arm_core.urdf.xacro
[0.941s] -- Up-to-date symlink: /home/emmanuel/Chess-Bot-ROS2/install/chessbot_description/share/chessbot_description/urdf/arm_gazebo.urdf.xacro
[0.942s] -- Up-to-date symlink: /home/emmanuel/Chess-Bot-ROS2/install/chessbot_description/share/chessbot_description/urdf/arm_inertia.urdf.xacro
[0.942s] -- Up-to-date symlink: /home/emmanuel/Chess-Bot-ROS2/install/chessbot_description/share/chessbot_description/urdf/arm_ros2_control.urdf.xacro
[0.942s] -- Up-to-date symlink: /home/emmanuel/Chess-Bot-ROS2/install/chessbot_description/share/chessbot_description/urdf/main.urdf.xacro
[0.944s] -- Up-to-date symlink: /home/emmanuel/Chess-Bot-ROS2/install/chessbot_description/share/chessbot_description/meshes/left_finger.STL
[0.944s] -- Up-to-date symlink: /home/emmanuel/Chess-Bot-ROS2/install/chessbot_description/share/chessbot_description/meshes/right_finger.STL
[1.017s] -- Up-to-date symlink: /home/emmanuel/Chess-Bot-ROS2/install/chessbot_description/share/ament_index/resource_index/package_run_dependencies/chessbot_description
[1.108s] -- Up-to-date symlink: /home/emmanuel/Chess-Bot-ROS2/install/chessbot_description/share/ament_index/resource_index/parent_prefix_path/chessbot_description
[1.187s] -- Up-to-date symlink: /home/emmanuel/Chess-Bot-ROS2/install/chessbot_description/share/chessbot_description/environment/ament_prefix_path.sh
[1.188s] -- Up-to-date symlink: /home/emmanuel/Chess-Bot-ROS2/install/chessbot_description/share/chessbot_description/environment/ament_prefix_path.dsv
[1.205s] -- Up-to-date symlink: /home/emmanuel/Chess-Bot-ROS2/install/chessbot_description/share/chessbot_description/environment/path.sh
[1.205s] -- Up-to-date symlink: /home/emmanuel/Chess-Bot-ROS2/install/chessbot_description/share/chessbot_description/environment/path.dsv
[1.207s] -- Up-to-date symlink: /home/emmanuel/Chess-Bot-ROS2/install/chessbot_description/share/chessbot_description/local_setup.bash
[1.219s] -- Up-to-date symlink: /home/emmanuel/Chess-Bot-ROS2/install/chessbot_description/share/chessbot_description/local_setup.sh
[1.222s] -- Up-to-date symlink: /home/emmanuel/Chess-Bot-ROS2/install/chessbot_description/share/chessbot_description/local_setup.zsh
[1.223s] -- Up-to-date symlink: /home/emmanuel/Chess-Bot-ROS2/install/chessbot_description/share/chessbot_description/local_setup.dsv
[1.223s] -- Symlinking: /home/emmanuel/Chess-Bot-ROS2/install/chessbot_description/share/chessbot_description/package.dsv
[1.237s] -- Up-to-date symlink: /home/emmanuel/Chess-Bot-ROS2/install/chessbot_description/share/ament_index/resource_index/packages/chessbot_description
[1.241s] -- Up-to-date symlink: /home/emmanuel/Chess-Bot-ROS2/install/chessbot_description/share/chessbot_description/cmake/chessbot_descriptionConfig.cmake
[1.257s] -- Up-to-date symlink: /home/emmanuel/Chess-Bot-ROS2/install/chessbot_description/share/chessbot_description/cmake/chessbot_descriptionConfig-version.cmake
[1.295s] -- Up-to-date symlink: /home/emmanuel/Chess-Bot-ROS2/install/chessbot_description/share/chessbot_description/package.xml
[2.120s] Invoked command in '/home/emmanuel/Chess-Bot-ROS2/build/chessbot_description' returned '0': CMAKE_PREFIX_PATH=/opt/ros/humble /usr/bin/cmake --install /home/emmanuel/Chess-Bot-ROS2/build/chessbot_description
