[0.029s] Invoking command in '/home/emmanuel/Chess-Bot-ROS2/build/chessbot_bringup': CMAKE_PREFIX_PATH=/opt/ros/humble /usr/bin/cmake --build /home/emmanuel/Chess-Bot-ROS2/build/chessbot_bringup -- -j4 -l4
[0.163s] [35m[1mConsolidate compiler generated dependencies of target goto_goal[0m
[0.260s] [ 50%] [32mBuilding CXX object CMakeFiles/goto_goal.dir/src/goto_goal.cpp.o[0m
[6.458s] [01m[K/home/emmanuel/Chess-Bot-ROS2/src/chessbot_bringup/src/goto_goal.cpp:[m[K In function ‘[01m[Kint main(int, char**)[m[K’:
[6.458s] [01m[K/home/emmanuel/Chess-Bot-ROS2/src/chessbot_bringup/src/goto_goal.cpp:37:63:[m[K [01;35m[Kwarning: [m[K‘[01m[Kusing MoveItErrorCode = class moveit::core::MoveItErrorCode[m[K’ is deprecated: Use moveit::core::MoveItErrorCode [[01;35m[K]8;;https://gcc.gnu.org/onlinedocs/gcc/Warning-Options.html#index-Wdeprecated-declarations-Wdeprecated-declarations]8;;[m[K]
[6.458s]    37 |  if (success == moveit::planning_interface::MoveItErrorCode::[01;35m[KSUCCESS[m[K) {
[6.458s]       |                                                              [01;35m[K^~~~~~~[m[K
[6.458s] 
[6.458s] In file included from [01m[K/home/emmanuel/Chess-Bot-ROS2/src/chessbot_bringup/src/goto_goal.cpp:2[m[K:
[6.458s] [01m[K/opt/ros/humble/include/moveit/move_group_interface/move_group_interface.h:71:7:[m[K [01;36m[Knote: [m[Kdeclared here
[6.459s]    71 | using [01;36m[KMoveItErrorCode[m[K [[deprecated("Use moveit::core::MoveItErrorCode")]] = moveit::core::MoveItErrorCode;
[6.459s]       |       [01;36m[K^~~~~~~~~~~~~~~[m[K
[11.007s] [100%] [32m[1mLinking CXX executable goto_goal[0m
[11.612s] [100%] Built target goto_goal
[11.626s] Invoked command in '/home/emmanuel/Chess-Bot-ROS2/build/chessbot_bringup' returned '0': CMAKE_PREFIX_PATH=/opt/ros/humble /usr/bin/cmake --build /home/emmanuel/Chess-Bot-ROS2/build/chessbot_bringup -- -j4 -l4
[11.657s] Invoking command in '/home/emmanuel/Chess-Bot-ROS2/build/chessbot_bringup': CMAKE_PREFIX_PATH=/opt/ros/humble /usr/bin/cmake --install /home/emmanuel/Chess-Bot-ROS2/build/chessbot_bringup
[11.665s] -- Install configuration: ""
[11.679s] -- Execute custom install script
[11.680s] -- Up-to-date symlink: /home/emmanuel/Chess-Bot-ROS2/install/chessbot_bringup/share/chessbot_bringup/launch/simulation.launch.py
[11.681s] -- Up-to-date symlink: /home/emmanuel/Chess-Bot-ROS2/install/chessbot_bringup/lib/chessbot_bringup/goto_goal
[11.681s] -- Up-to-date symlink: /home/emmanuel/Chess-Bot-ROS2/install/chessbot_bringup/share/ament_index/resource_index/package_run_dependencies/chessbot_bringup
[11.681s] -- Up-to-date symlink: /home/emmanuel/Chess-Bot-ROS2/install/chessbot_bringup/share/ament_index/resource_index/parent_prefix_path/chessbot_bringup
[11.682s] -- Up-to-date symlink: /home/emmanuel/Chess-Bot-ROS2/install/chessbot_bringup/share/chessbot_bringup/environment/ament_prefix_path.sh
[11.682s] -- Up-to-date symlink: /home/emmanuel/Chess-Bot-ROS2/install/chessbot_bringup/share/chessbot_bringup/environment/ament_prefix_path.dsv
[11.682s] -- Up-to-date symlink: /home/emmanuel/Chess-Bot-ROS2/install/chessbot_bringup/share/chessbot_bringup/environment/path.sh
[11.683s] -- Up-to-date symlink: /home/emmanuel/Chess-Bot-ROS2/install/chessbot_bringup/share/chessbot_bringup/environment/path.dsv
[11.683s] -- Up-to-date symlink: /home/emmanuel/Chess-Bot-ROS2/install/chessbot_bringup/share/chessbot_bringup/local_setup.bash
[11.683s] -- Up-to-date symlink: /home/emmanuel/Chess-Bot-ROS2/install/chessbot_bringup/share/chessbot_bringup/local_setup.sh
[11.684s] -- Up-to-date symlink: /home/emmanuel/Chess-Bot-ROS2/install/chessbot_bringup/share/chessbot_bringup/local_setup.zsh
[11.684s] -- Up-to-date symlink: /home/emmanuel/Chess-Bot-ROS2/install/chessbot_bringup/share/chessbot_bringup/local_setup.dsv
[11.684s] -- Symlinking: /home/emmanuel/Chess-Bot-ROS2/install/chessbot_bringup/share/chessbot_bringup/package.dsv
[11.694s] -- Up-to-date symlink: /home/emmanuel/Chess-Bot-ROS2/install/chessbot_bringup/share/ament_index/resource_index/packages/chessbot_bringup
[11.694s] -- Up-to-date symlink: /home/emmanuel/Chess-Bot-ROS2/install/chessbot_bringup/share/chessbot_bringup/cmake/chessbot_bringupConfig.cmake
[11.694s] -- Up-to-date symlink: /home/emmanuel/Chess-Bot-ROS2/install/chessbot_bringup/share/chessbot_bringup/cmake/chessbot_bringupConfig-version.cmake
[11.695s] -- Up-to-date symlink: /home/emmanuel/Chess-Bot-ROS2/install/chessbot_bringup/share/chessbot_bringup/package.xml
[11.698s] Invoked command in '/home/emmanuel/Chess-Bot-ROS2/build/chessbot_bringup' returned '0': CMAKE_PREFIX_PATH=/opt/ros/humble /usr/bin/cmake --install /home/emmanuel/Chess-Bot-ROS2/build/chessbot_bringup
