[0.134s] DEBUG:colcon:Command line arguments: ['/usr/bin/colcon', 'build', '--symlink-install']
[0.134s] DEBUG:colcon:Parsed command line arguments: Namespace(log_base=None, log_level=None, verb_name='build', build_base='build', install_base='install', merge_install=False, symlink_install=True, test_result_base=None, continue_on_error=False, executor='parallel', parallel_workers=4, event_handlers=None, ignore_user_meta=False, metas=['./colcon.meta'], base_paths=['.'], packages_ignore=None, packages_ignore_regex=None, paths=None, packages_up_to=None, packages_up_to_regex=None, packages_above=None, packages_above_and_dependencies=None, packages_above_depth=None, packages_select_by_dep=None, packages_skip_by_dep=None, packages_skip_up_to=None, packages_select_build_failed=False, packages_skip_build_finished=False, packages_select_test_failures=False, packages_skip_test_passed=False, packages_select=None, packages_skip=None, packages_select_regex=None, packages_skip_regex=None, packages_start=None, packages_end=None, allow_overriding=[], cmake_args=None, cmake_target=None, cmake_target_skip_unavailable=False, cmake_clean_cache=False, cmake_clean_first=False, cmake_force_configure=False, ament_cmake_args=None, catkin_cmake_args=None, catkin_skip_building_tests=False, mixin_files=None, mixin=None, verb_parser=<colcon_mixin.mixin.mixin_argument.MixinArgumentDecorator object at 0x7d9b85ceb6d0>, verb_extension=<colcon_core.verb.build.BuildVerb object at 0x7d9b85df3eb0>, main=<bound method BuildVerb.main of <colcon_core.verb.build.BuildVerb object at 0x7d9b85df3eb0>>, mixin_verb=('build',))
[0.365s] Level 1:colcon.colcon_core.package_discovery:discover_packages(colcon_meta) check parameters
[0.365s] Level 1:colcon.colcon_core.package_discovery:discover_packages(recursive) check parameters
[0.365s] Level 1:colcon.colcon_core.package_discovery:discover_packages(ignore) check parameters
[0.365s] Level 1:colcon.colcon_core.package_discovery:discover_packages(path) check parameters
[0.365s] Level 1:colcon.colcon_core.package_discovery:discover_packages(colcon_meta) discover
[0.365s] Level 1:colcon.colcon_core.package_discovery:discover_packages(recursive) discover
[0.365s] INFO:colcon.colcon_core.package_discovery:Crawling recursively for packages in '/home/emmanuel/Chess-Bot-ROS2'
[0.365s] Level 1:colcon.colcon_core.package_identification:_identify(.) by extensions ['ignore', 'ignore_ament_install']
[0.365s] Level 1:colcon.colcon_core.package_identification:_identify(.) by extension 'ignore'
[0.365s] Level 1:colcon.colcon_core.package_identification:_identify(.) by extension 'ignore_ament_install'
[0.365s] Level 1:colcon.colcon_core.package_identification:_identify(.) by extensions ['colcon_pkg']
[0.366s] Level 1:colcon.colcon_core.package_identification:_identify(.) by extension 'colcon_pkg'
[0.366s] Level 1:colcon.colcon_core.package_identification:_identify(.) by extensions ['colcon_meta']
[0.366s] Level 1:colcon.colcon_core.package_identification:_identify(.) by extension 'colcon_meta'
[0.366s] Level 1:colcon.colcon_core.package_identification:_identify(.) by extensions ['ros']
[0.366s] Level 1:colcon.colcon_core.package_identification:_identify(.) by extension 'ros'
[0.391s] Level 1:colcon.colcon_core.package_identification:_identify(.) by extensions ['cmake', 'python']
[0.391s] Level 1:colcon.colcon_core.package_identification:_identify(.) by extension 'cmake'
[0.391s] Level 1:colcon.colcon_core.package_identification:_identify(.) by extension 'python'
[0.391s] Level 1:colcon.colcon_core.package_identification:_identify(.) by extensions ['python_setup_py']
[0.391s] Level 1:colcon.colcon_core.package_identification:_identify(.) by extension 'python_setup_py'
[0.391s] Level 1:colcon.colcon_core.package_identification:_identify(build) by extensions ['ignore', 'ignore_ament_install']
[0.391s] Level 1:colcon.colcon_core.package_identification:_identify(build) by extension 'ignore'
[0.392s] Level 1:colcon.colcon_core.package_identification:_identify(build) ignored
[0.392s] Level 1:colcon.colcon_core.package_identification:_identify(install) by extensions ['ignore', 'ignore_ament_install']
[0.392s] Level 1:colcon.colcon_core.package_identification:_identify(install) by extension 'ignore'
[0.392s] Level 1:colcon.colcon_core.package_identification:_identify(install) ignored
[0.392s] Level 1:colcon.colcon_core.package_identification:_identify(log) by extensions ['ignore', 'ignore_ament_install']
[0.392s] Level 1:colcon.colcon_core.package_identification:_identify(log) by extension 'ignore'
[0.392s] Level 1:colcon.colcon_core.package_identification:_identify(log) ignored
[0.392s] Level 1:colcon.colcon_core.package_identification:_identify(src) by extensions ['ignore', 'ignore_ament_install']
[0.393s] Level 1:colcon.colcon_core.package_identification:_identify(src) by extension 'ignore'
[0.393s] Level 1:colcon.colcon_core.package_identification:_identify(src) by extension 'ignore_ament_install'
[0.393s] Level 1:colcon.colcon_core.package_identification:_identify(src) by extensions ['colcon_pkg']
[0.393s] Level 1:colcon.colcon_core.package_identification:_identify(src) by extension 'colcon_pkg'
[0.393s] Level 1:colcon.colcon_core.package_identification:_identify(src) by extensions ['colcon_meta']
[0.393s] Level 1:colcon.colcon_core.package_identification:_identify(src) by extension 'colcon_meta'
[0.393s] Level 1:colcon.colcon_core.package_identification:_identify(src) by extensions ['ros']
[0.393s] Level 1:colcon.colcon_core.package_identification:_identify(src) by extension 'ros'
[0.393s] Level 1:colcon.colcon_core.package_identification:_identify(src) by extensions ['cmake', 'python']
[0.393s] Level 1:colcon.colcon_core.package_identification:_identify(src) by extension 'cmake'
[0.393s] Level 1:colcon.colcon_core.package_identification:_identify(src) by extension 'python'
[0.393s] Level 1:colcon.colcon_core.package_identification:_identify(src) by extensions ['python_setup_py']
[0.393s] Level 1:colcon.colcon_core.package_identification:_identify(src) by extension 'python_setup_py'
[0.393s] Level 1:colcon.colcon_core.package_identification:_identify(src/chessbot_bringup) by extensions ['ignore', 'ignore_ament_install']
[0.393s] Level 1:colcon.colcon_core.package_identification:_identify(src/chessbot_bringup) by extension 'ignore'
[0.394s] Level 1:colcon.colcon_core.package_identification:_identify(src/chessbot_bringup) by extension 'ignore_ament_install'
[0.394s] Level 1:colcon.colcon_core.package_identification:_identify(src/chessbot_bringup) by extensions ['colcon_pkg']
[0.394s] Level 1:colcon.colcon_core.package_identification:_identify(src/chessbot_bringup) by extension 'colcon_pkg'
[0.394s] Level 1:colcon.colcon_core.package_identification:_identify(src/chessbot_bringup) by extensions ['colcon_meta']
[0.394s] Level 1:colcon.colcon_core.package_identification:_identify(src/chessbot_bringup) by extension 'colcon_meta'
[0.394s] Level 1:colcon.colcon_core.package_identification:_identify(src/chessbot_bringup) by extensions ['ros']
[0.394s] Level 1:colcon.colcon_core.package_identification:_identify(src/chessbot_bringup) by extension 'ros'
[0.397s] DEBUG:colcon.colcon_core.package_identification:Package 'src/chessbot_bringup' with type 'ros.ament_cmake' and name 'chessbot_bringup'
[0.397s] Level 1:colcon.colcon_core.package_identification:_identify(src/chessbot_controller) by extensions ['ignore', 'ignore_ament_install']
[0.397s] Level 1:colcon.colcon_core.package_identification:_identify(src/chessbot_controller) by extension 'ignore'
[0.397s] Level 1:colcon.colcon_core.package_identification:_identify(src/chessbot_controller) by extension 'ignore_ament_install'
[0.397s] Level 1:colcon.colcon_core.package_identification:_identify(src/chessbot_controller) by extensions ['colcon_pkg']
[0.397s] Level 1:colcon.colcon_core.package_identification:_identify(src/chessbot_controller) by extension 'colcon_pkg'
[0.397s] Level 1:colcon.colcon_core.package_identification:_identify(src/chessbot_controller) by extensions ['colcon_meta']
[0.397s] Level 1:colcon.colcon_core.package_identification:_identify(src/chessbot_controller) by extension 'colcon_meta'
[0.398s] Level 1:colcon.colcon_core.package_identification:_identify(src/chessbot_controller) by extensions ['ros']
[0.398s] Level 1:colcon.colcon_core.package_identification:_identify(src/chessbot_controller) by extension 'ros'
[0.398s] DEBUG:colcon.colcon_core.package_identification:Package 'src/chessbot_controller' with type 'ros.ament_cmake' and name 'chessbot_controller'
[0.398s] Level 1:colcon.colcon_core.package_identification:_identify(src/chessbot_description) by extensions ['ignore', 'ignore_ament_install']
[0.398s] Level 1:colcon.colcon_core.package_identification:_identify(src/chessbot_description) by extension 'ignore'
[0.399s] Level 1:colcon.colcon_core.package_identification:_identify(src/chessbot_description) by extension 'ignore_ament_install'
[0.399s] Level 1:colcon.colcon_core.package_identification:_identify(src/chessbot_description) by extensions ['colcon_pkg']
[0.399s] Level 1:colcon.colcon_core.package_identification:_identify(src/chessbot_description) by extension 'colcon_pkg'
[0.399s] Level 1:colcon.colcon_core.package_identification:_identify(src/chessbot_description) by extensions ['colcon_meta']
[0.399s] Level 1:colcon.colcon_core.package_identification:_identify(src/chessbot_description) by extension 'colcon_meta'
[0.399s] Level 1:colcon.colcon_core.package_identification:_identify(src/chessbot_description) by extensions ['ros']
[0.399s] Level 1:colcon.colcon_core.package_identification:_identify(src/chessbot_description) by extension 'ros'
[0.400s] DEBUG:colcon.colcon_core.package_identification:Package 'src/chessbot_description' with type 'ros.ament_cmake' and name 'chessbot_description'
[0.400s] Level 1:colcon.colcon_core.package_identification:_identify(src/chessbot_moveit) by extensions ['ignore', 'ignore_ament_install']
[0.400s] Level 1:colcon.colcon_core.package_identification:_identify(src/chessbot_moveit) by extension 'ignore'
[0.400s] Level 1:colcon.colcon_core.package_identification:_identify(src/chessbot_moveit) by extension 'ignore_ament_install'
[0.400s] Level 1:colcon.colcon_core.package_identification:_identify(src/chessbot_moveit) by extensions ['colcon_pkg']
[0.400s] Level 1:colcon.colcon_core.package_identification:_identify(src/chessbot_moveit) by extension 'colcon_pkg'
[0.400s] Level 1:colcon.colcon_core.package_identification:_identify(src/chessbot_moveit) by extensions ['colcon_meta']
[0.400s] Level 1:colcon.colcon_core.package_identification:_identify(src/chessbot_moveit) by extension 'colcon_meta'
[0.400s] Level 1:colcon.colcon_core.package_identification:_identify(src/chessbot_moveit) by extensions ['ros']
[0.400s] Level 1:colcon.colcon_core.package_identification:_identify(src/chessbot_moveit) by extension 'ros'
[0.401s] DEBUG:colcon.colcon_core.package_identification:Package 'src/chessbot_moveit' with type 'ros.ament_cmake' and name 'chessbot_moveit'
[0.401s] Level 1:colcon.colcon_core.package_discovery:discover_packages(recursive) using defaults
[0.401s] Level 1:colcon.colcon_core.package_discovery:discover_packages(ignore) discover
[0.401s] Level 1:colcon.colcon_core.package_discovery:discover_packages(ignore) using defaults
[0.401s] Level 1:colcon.colcon_core.package_discovery:discover_packages(path) discover
[0.401s] Level 1:colcon.colcon_core.package_discovery:discover_packages(path) using defaults
[0.424s] Level 1:colcon.colcon_core.package_discovery:discover_packages(prefix_path) check parameters
[0.424s] Level 1:colcon.colcon_core.package_discovery:discover_packages(prefix_path) discover
[0.427s] DEBUG:colcon.colcon_installed_package_information.package_discovery:Found 409 installed packages in /opt/ros/humble
[0.431s] Level 1:colcon.colcon_core.package_discovery:discover_packages(prefix_path) using defaults
[0.496s] Level 5:colcon.colcon_core.verb:set package 'chessbot_bringup' build argument 'cmake_args' from command line to 'None'
[0.496s] Level 5:colcon.colcon_core.verb:set package 'chessbot_bringup' build argument 'cmake_target' from command line to 'None'
[0.496s] Level 5:colcon.colcon_core.verb:set package 'chessbot_bringup' build argument 'cmake_target_skip_unavailable' from command line to 'False'
[0.496s] Level 5:colcon.colcon_core.verb:set package 'chessbot_bringup' build argument 'cmake_clean_cache' from command line to 'False'
[0.496s] Level 5:colcon.colcon_core.verb:set package 'chessbot_bringup' build argument 'cmake_clean_first' from command line to 'False'
[0.496s] Level 5:colcon.colcon_core.verb:set package 'chessbot_bringup' build argument 'cmake_force_configure' from command line to 'False'
[0.496s] Level 5:colcon.colcon_core.verb:set package 'chessbot_bringup' build argument 'ament_cmake_args' from command line to 'None'
[0.496s] Level 5:colcon.colcon_core.verb:set package 'chessbot_bringup' build argument 'catkin_cmake_args' from command line to 'None'
[0.496s] Level 5:colcon.colcon_core.verb:set package 'chessbot_bringup' build argument 'catkin_skip_building_tests' from command line to 'False'
[0.496s] DEBUG:colcon.colcon_core.verb:Building package 'chessbot_bringup' with the following arguments: {'ament_cmake_args': None, 'build_base': '/home/emmanuel/Chess-Bot-ROS2/build/chessbot_bringup', 'catkin_cmake_args': None, 'catkin_skip_building_tests': False, 'cmake_args': None, 'cmake_clean_cache': False, 'cmake_clean_first': False, 'cmake_force_configure': False, 'cmake_target': None, 'cmake_target_skip_unavailable': False, 'install_base': '/home/emmanuel/Chess-Bot-ROS2/install/chessbot_bringup', 'merge_install': False, 'path': '/home/emmanuel/Chess-Bot-ROS2/src/chessbot_bringup', 'symlink_install': True, 'test_result_base': None}
[0.497s] Level 5:colcon.colcon_core.verb:set package 'chessbot_controller' build argument 'cmake_args' from command line to 'None'
[0.497s] Level 5:colcon.colcon_core.verb:set package 'chessbot_controller' build argument 'cmake_target' from command line to 'None'
[0.497s] Level 5:colcon.colcon_core.verb:set package 'chessbot_controller' build argument 'cmake_target_skip_unavailable' from command line to 'False'
[0.497s] Level 5:colcon.colcon_core.verb:set package 'chessbot_controller' build argument 'cmake_clean_cache' from command line to 'False'
[0.497s] Level 5:colcon.colcon_core.verb:set package 'chessbot_controller' build argument 'cmake_clean_first' from command line to 'False'
[0.497s] Level 5:colcon.colcon_core.verb:set package 'chessbot_controller' build argument 'cmake_force_configure' from command line to 'False'
[0.497s] Level 5:colcon.colcon_core.verb:set package 'chessbot_controller' build argument 'ament_cmake_args' from command line to 'None'
[0.497s] Level 5:colcon.colcon_core.verb:set package 'chessbot_controller' build argument 'catkin_cmake_args' from command line to 'None'
[0.497s] Level 5:colcon.colcon_core.verb:set package 'chessbot_controller' build argument 'catkin_skip_building_tests' from command line to 'False'
[0.497s] DEBUG:colcon.colcon_core.verb:Building package 'chessbot_controller' with the following arguments: {'ament_cmake_args': None, 'build_base': '/home/emmanuel/Chess-Bot-ROS2/build/chessbot_controller', 'catkin_cmake_args': None, 'catkin_skip_building_tests': False, 'cmake_args': None, 'cmake_clean_cache': False, 'cmake_clean_first': False, 'cmake_force_configure': False, 'cmake_target': None, 'cmake_target_skip_unavailable': False, 'install_base': '/home/emmanuel/Chess-Bot-ROS2/install/chessbot_controller', 'merge_install': False, 'path': '/home/emmanuel/Chess-Bot-ROS2/src/chessbot_controller', 'symlink_install': True, 'test_result_base': None}
[0.498s] Level 5:colcon.colcon_core.verb:set package 'chessbot_description' build argument 'cmake_args' from command line to 'None'
[0.498s] Level 5:colcon.colcon_core.verb:set package 'chessbot_description' build argument 'cmake_target' from command line to 'None'
[0.498s] Level 5:colcon.colcon_core.verb:set package 'chessbot_description' build argument 'cmake_target_skip_unavailable' from command line to 'False'
[0.498s] Level 5:colcon.colcon_core.verb:set package 'chessbot_description' build argument 'cmake_clean_cache' from command line to 'False'
[0.498s] Level 5:colcon.colcon_core.verb:set package 'chessbot_description' build argument 'cmake_clean_first' from command line to 'False'
[0.498s] Level 5:colcon.colcon_core.verb:set package 'chessbot_description' build argument 'cmake_force_configure' from command line to 'False'
[0.498s] Level 5:colcon.colcon_core.verb:set package 'chessbot_description' build argument 'ament_cmake_args' from command line to 'None'
[0.498s] Level 5:colcon.colcon_core.verb:set package 'chessbot_description' build argument 'catkin_cmake_args' from command line to 'None'
[0.498s] Level 5:colcon.colcon_core.verb:set package 'chessbot_description' build argument 'catkin_skip_building_tests' from command line to 'False'
[0.498s] DEBUG:colcon.colcon_core.verb:Building package 'chessbot_description' with the following arguments: {'ament_cmake_args': None, 'build_base': '/home/emmanuel/Chess-Bot-ROS2/build/chessbot_description', 'catkin_cmake_args': None, 'catkin_skip_building_tests': False, 'cmake_args': None, 'cmake_clean_cache': False, 'cmake_clean_first': False, 'cmake_force_configure': False, 'cmake_target': None, 'cmake_target_skip_unavailable': False, 'install_base': '/home/emmanuel/Chess-Bot-ROS2/install/chessbot_description', 'merge_install': False, 'path': '/home/emmanuel/Chess-Bot-ROS2/src/chessbot_description', 'symlink_install': True, 'test_result_base': None}
[0.498s] Level 5:colcon.colcon_core.verb:set package 'chessbot_moveit' build argument 'cmake_args' from command line to 'None'
[0.498s] Level 5:colcon.colcon_core.verb:set package 'chessbot_moveit' build argument 'cmake_target' from command line to 'None'
[0.498s] Level 5:colcon.colcon_core.verb:set package 'chessbot_moveit' build argument 'cmake_target_skip_unavailable' from command line to 'False'
[0.499s] Level 5:colcon.colcon_core.verb:set package 'chessbot_moveit' build argument 'cmake_clean_cache' from command line to 'False'
[0.499s] Level 5:colcon.colcon_core.verb:set package 'chessbot_moveit' build argument 'cmake_clean_first' from command line to 'False'
[0.499s] Level 5:colcon.colcon_core.verb:set package 'chessbot_moveit' build argument 'cmake_force_configure' from command line to 'False'
[0.499s] Level 5:colcon.colcon_core.verb:set package 'chessbot_moveit' build argument 'ament_cmake_args' from command line to 'None'
[0.499s] Level 5:colcon.colcon_core.verb:set package 'chessbot_moveit' build argument 'catkin_cmake_args' from command line to 'None'
[0.499s] Level 5:colcon.colcon_core.verb:set package 'chessbot_moveit' build argument 'catkin_skip_building_tests' from command line to 'False'
[0.499s] DEBUG:colcon.colcon_core.verb:Building package 'chessbot_moveit' with the following arguments: {'ament_cmake_args': None, 'build_base': '/home/emmanuel/Chess-Bot-ROS2/build/chessbot_moveit', 'catkin_cmake_args': None, 'catkin_skip_building_tests': False, 'cmake_args': None, 'cmake_clean_cache': False, 'cmake_clean_first': False, 'cmake_force_configure': False, 'cmake_target': None, 'cmake_target_skip_unavailable': False, 'install_base': '/home/emmanuel/Chess-Bot-ROS2/install/chessbot_moveit', 'merge_install': False, 'path': '/home/emmanuel/Chess-Bot-ROS2/src/chessbot_moveit', 'symlink_install': True, 'test_result_base': None}
[0.499s] INFO:colcon.colcon_core.executor:Executing jobs using 'parallel' executor
[0.500s] DEBUG:colcon.colcon_parallel_executor.executor.parallel:run_until_complete
[0.501s] INFO:colcon.colcon_ros.task.ament_cmake.build:Building ROS package in '/home/emmanuel/Chess-Bot-ROS2/src/chessbot_bringup' with build type 'ament_cmake'
[0.501s] INFO:colcon.colcon_cmake.task.cmake.build:Building CMake package in '/home/emmanuel/Chess-Bot-ROS2/src/chessbot_bringup'
[0.503s] INFO:colcon.colcon_core.plugin_system:Skipping extension 'colcon_core.shell.bat': Not used on non-Windows systems
[0.503s] INFO:colcon.colcon_core.shell:Skip shell extension 'powershell' for command environment: Not usable outside of PowerShell
[0.504s] DEBUG:colcon.colcon_core.shell:Skip shell extension 'dsv' for command environment
[0.507s] INFO:colcon.colcon_ros.task.ament_cmake.build:Building ROS package in '/home/emmanuel/Chess-Bot-ROS2/src/chessbot_controller' with build type 'ament_cmake'
[0.508s] INFO:colcon.colcon_cmake.task.cmake.build:Building CMake package in '/home/emmanuel/Chess-Bot-ROS2/src/chessbot_controller'
[0.508s] INFO:colcon.colcon_core.shell:Skip shell extension 'powershell' for command environment: Not usable outside of PowerShell
[0.508s] DEBUG:colcon.colcon_core.shell:Skip shell extension 'dsv' for command environment
[0.512s] INFO:colcon.colcon_ros.task.ament_cmake.build:Building ROS package in '/home/emmanuel/Chess-Bot-ROS2/src/chessbot_description' with build type 'ament_cmake'
[0.512s] INFO:colcon.colcon_cmake.task.cmake.build:Building CMake package in '/home/emmanuel/Chess-Bot-ROS2/src/chessbot_description'
[0.513s] INFO:colcon.colcon_core.shell:Skip shell extension 'powershell' for command environment: Not usable outside of PowerShell
[0.513s] DEBUG:colcon.colcon_core.shell:Skip shell extension 'dsv' for command environment
[0.517s] INFO:colcon.colcon_ros.task.ament_cmake.build:Building ROS package in '/home/emmanuel/Chess-Bot-ROS2/src/chessbot_moveit' with build type 'ament_cmake'
[0.517s] INFO:colcon.colcon_cmake.task.cmake.build:Building CMake package in '/home/emmanuel/Chess-Bot-ROS2/src/chessbot_moveit'
[0.517s] INFO:colcon.colcon_core.shell:Skip shell extension 'powershell' for command environment: Not usable outside of PowerShell
[0.517s] DEBUG:colcon.colcon_core.shell:Skip shell extension 'dsv' for command environment
[0.529s] DEBUG:colcon.colcon_core.event_handler.log_command:Invoking command in '/home/emmanuel/Chess-Bot-ROS2/build/chessbot_bringup': CMAKE_PREFIX_PATH=/opt/ros/humble /usr/bin/cmake --build /home/emmanuel/Chess-Bot-ROS2/build/chessbot_bringup -- -j4 -l4
[0.535s] DEBUG:colcon.colcon_core.event_handler.log_command:Invoking command in '/home/emmanuel/Chess-Bot-ROS2/build/chessbot_controller': CMAKE_PREFIX_PATH=/opt/ros/humble /usr/bin/cmake --build /home/emmanuel/Chess-Bot-ROS2/build/chessbot_controller -- -j4 -l4
[0.540s] DEBUG:colcon.colcon_core.event_handler.log_command:Invoking command in '/home/emmanuel/Chess-Bot-ROS2/build/chessbot_description': CMAKE_PREFIX_PATH=/opt/ros/humble /usr/bin/cmake --build /home/emmanuel/Chess-Bot-ROS2/build/chessbot_description -- -j4 -l4
[0.548s] DEBUG:colcon.colcon_core.event_handler.log_command:Invoking command in '/home/emmanuel/Chess-Bot-ROS2/build/chessbot_moveit': CMAKE_PREFIX_PATH=/opt/ros/humble /usr/bin/cmake --build /home/emmanuel/Chess-Bot-ROS2/build/chessbot_moveit -- -j4 -l4
[0.621s] DEBUG:colcon.colcon_core.event_handler.log_command:Invoked command in '/home/emmanuel/Chess-Bot-ROS2/build/chessbot_description' returned '0': CMAKE_PREFIX_PATH=/opt/ros/humble /usr/bin/cmake --build /home/emmanuel/Chess-Bot-ROS2/build/chessbot_description -- -j4 -l4
[0.633s] DEBUG:colcon.colcon_core.event_handler.log_command:Invoked command in '/home/emmanuel/Chess-Bot-ROS2/build/chessbot_moveit' returned '0': CMAKE_PREFIX_PATH=/opt/ros/humble /usr/bin/cmake --build /home/emmanuel/Chess-Bot-ROS2/build/chessbot_moveit -- -j4 -l4
[0.695s] DEBUG:colcon.colcon_core.event_handler.log_command:Invoking command in '/home/emmanuel/Chess-Bot-ROS2/build/chessbot_description': CMAKE_PREFIX_PATH=/opt/ros/humble /usr/bin/cmake --install /home/emmanuel/Chess-Bot-ROS2/build/chessbot_description
[0.701s] DEBUG:colcon.colcon_core.event_handler.log_command:Invoking command in '/home/emmanuel/Chess-Bot-ROS2/build/chessbot_moveit': CMAKE_PREFIX_PATH=/opt/ros/humble /usr/bin/cmake --install /home/emmanuel/Chess-Bot-ROS2/build/chessbot_moveit
[0.746s] Level 1:colcon.colcon_core.environment:create_environment_scripts_only(chessbot_moveit)
[0.747s] DEBUG:colcon.colcon_core.event_handler.log_command:Invoked command in '/home/emmanuel/Chess-Bot-ROS2/build/chessbot_moveit' returned '0': CMAKE_PREFIX_PATH=/opt/ros/humble /usr/bin/cmake --install /home/emmanuel/Chess-Bot-ROS2/build/chessbot_moveit
[0.751s] Level 1:colcon.colcon_core.environment:checking '/home/emmanuel/Chess-Bot-ROS2/install/chessbot_moveit' for CMake module files
[0.752s] Level 1:colcon.colcon_core.environment:checking '/home/emmanuel/Chess-Bot-ROS2/install/chessbot_moveit' for CMake config files
[0.752s] Level 1:colcon.colcon_core.shell:create_environment_hook('chessbot_moveit', 'cmake_prefix_path')
[0.753s] INFO:colcon.colcon_core.shell:Creating environment hook '/home/emmanuel/Chess-Bot-ROS2/install/chessbot_moveit/share/chessbot_moveit/hook/cmake_prefix_path.ps1'
[0.754s] INFO:colcon.colcon_core.shell:Creating environment descriptor '/home/emmanuel/Chess-Bot-ROS2/install/chessbot_moveit/share/chessbot_moveit/hook/cmake_prefix_path.dsv'
[0.756s] INFO:colcon.colcon_core.shell:Creating environment hook '/home/emmanuel/Chess-Bot-ROS2/install/chessbot_moveit/share/chessbot_moveit/hook/cmake_prefix_path.sh'
[0.758s] Level 1:colcon.colcon_core.environment:checking '/home/emmanuel/Chess-Bot-ROS2/install/chessbot_moveit/bin'
[0.758s] Level 1:colcon.colcon_core.environment:checking '/home/emmanuel/Chess-Bot-ROS2/install/chessbot_moveit/lib/pkgconfig/chessbot_moveit.pc'
[0.759s] Level 1:colcon.colcon_core.environment:checking '/home/emmanuel/Chess-Bot-ROS2/install/chessbot_moveit/lib/python3.10/site-packages'
[0.759s] Level 1:colcon.colcon_core.environment:checking '/home/emmanuel/Chess-Bot-ROS2/install/chessbot_moveit/bin'
[0.760s] INFO:colcon.colcon_core.shell:Creating package script '/home/emmanuel/Chess-Bot-ROS2/install/chessbot_moveit/share/chessbot_moveit/package.ps1'
[0.761s] INFO:colcon.colcon_core.shell:Creating package descriptor '/home/emmanuel/Chess-Bot-ROS2/install/chessbot_moveit/share/chessbot_moveit/package.dsv'
[0.763s] INFO:colcon.colcon_core.shell:Creating package script '/home/emmanuel/Chess-Bot-ROS2/install/chessbot_moveit/share/chessbot_moveit/package.sh'
[0.764s] INFO:colcon.colcon_core.shell:Creating package script '/home/emmanuel/Chess-Bot-ROS2/install/chessbot_moveit/share/chessbot_moveit/package.bash'
[0.766s] INFO:colcon.colcon_core.shell:Creating package script '/home/emmanuel/Chess-Bot-ROS2/install/chessbot_moveit/share/chessbot_moveit/package.zsh'
[0.767s] Level 1:colcon.colcon_core.environment:create_file_with_runtime_dependencies(/home/emmanuel/Chess-Bot-ROS2/install/chessbot_moveit/share/colcon-core/packages/chessbot_moveit)
[0.770s] Level 1:colcon.colcon_core.environment:create_environment_scripts_only(chessbot_description)
[0.770s] DEBUG:colcon.colcon_core.event_handler.log_command:Invoked command in '/home/emmanuel/Chess-Bot-ROS2/build/chessbot_description' returned '0': CMAKE_PREFIX_PATH=/opt/ros/humble /usr/bin/cmake --install /home/emmanuel/Chess-Bot-ROS2/build/chessbot_description
[0.771s] Level 1:colcon.colcon_core.environment:checking '/home/emmanuel/Chess-Bot-ROS2/install/chessbot_description' for CMake module files
[0.772s] Level 1:colcon.colcon_core.environment:checking '/home/emmanuel/Chess-Bot-ROS2/install/chessbot_description' for CMake config files
[0.773s] Level 1:colcon.colcon_core.shell:create_environment_hook('chessbot_description', 'cmake_prefix_path')
[0.773s] INFO:colcon.colcon_core.shell:Creating environment hook '/home/emmanuel/Chess-Bot-ROS2/install/chessbot_description/share/chessbot_description/hook/cmake_prefix_path.ps1'
[0.774s] INFO:colcon.colcon_core.shell:Creating environment descriptor '/home/emmanuel/Chess-Bot-ROS2/install/chessbot_description/share/chessbot_description/hook/cmake_prefix_path.dsv'
[0.775s] INFO:colcon.colcon_core.shell:Creating environment hook '/home/emmanuel/Chess-Bot-ROS2/install/chessbot_description/share/chessbot_description/hook/cmake_prefix_path.sh'
[0.776s] Level 1:colcon.colcon_core.environment:checking '/home/emmanuel/Chess-Bot-ROS2/install/chessbot_description/bin'
[0.776s] Level 1:colcon.colcon_core.environment:checking '/home/emmanuel/Chess-Bot-ROS2/install/chessbot_description/lib/pkgconfig/chessbot_description.pc'
[0.776s] Level 1:colcon.colcon_core.environment:checking '/home/emmanuel/Chess-Bot-ROS2/install/chessbot_description/lib/python3.10/site-packages'
[0.777s] Level 1:colcon.colcon_core.environment:checking '/home/emmanuel/Chess-Bot-ROS2/install/chessbot_description/bin'
[0.777s] INFO:colcon.colcon_core.shell:Creating package script '/home/emmanuel/Chess-Bot-ROS2/install/chessbot_description/share/chessbot_description/package.ps1'
[0.778s] INFO:colcon.colcon_core.shell:Creating package descriptor '/home/emmanuel/Chess-Bot-ROS2/install/chessbot_description/share/chessbot_description/package.dsv'
[0.779s] INFO:colcon.colcon_core.shell:Creating package script '/home/emmanuel/Chess-Bot-ROS2/install/chessbot_description/share/chessbot_description/package.sh'
[0.780s] INFO:colcon.colcon_core.shell:Creating package script '/home/emmanuel/Chess-Bot-ROS2/install/chessbot_description/share/chessbot_description/package.bash'
[0.781s] INFO:colcon.colcon_core.shell:Creating package script '/home/emmanuel/Chess-Bot-ROS2/install/chessbot_description/share/chessbot_description/package.zsh'
[0.781s] Level 1:colcon.colcon_core.environment:create_file_with_runtime_dependencies(/home/emmanuel/Chess-Bot-ROS2/install/chessbot_description/share/colcon-core/packages/chessbot_description)
[0.813s] Level 1:colcon.colcon_core.environment:create_environment_scripts_only(chessbot_moveit)
[0.813s] Level 1:colcon.colcon_core.environment:checking '/home/emmanuel/Chess-Bot-ROS2/install/chessbot_moveit' for CMake module files
[0.814s] Level 1:colcon.colcon_core.environment:checking '/home/emmanuel/Chess-Bot-ROS2/install/chessbot_moveit' for CMake config files
[0.815s] Level 1:colcon.colcon_core.shell:create_environment_hook('chessbot_moveit', 'cmake_prefix_path')
[0.816s] INFO:colcon.colcon_core.shell:Creating environment hook '/home/emmanuel/Chess-Bot-ROS2/install/chessbot_moveit/share/chessbot_moveit/hook/cmake_prefix_path.ps1'
[0.816s] INFO:colcon.colcon_core.shell:Creating environment descriptor '/home/emmanuel/Chess-Bot-ROS2/install/chessbot_moveit/share/chessbot_moveit/hook/cmake_prefix_path.dsv'
[0.817s] INFO:colcon.colcon_core.shell:Creating environment hook '/home/emmanuel/Chess-Bot-ROS2/install/chessbot_moveit/share/chessbot_moveit/hook/cmake_prefix_path.sh'
[0.818s] Level 1:colcon.colcon_core.environment:checking '/home/emmanuel/Chess-Bot-ROS2/install/chessbot_moveit/bin'
[0.818s] Level 1:colcon.colcon_core.environment:checking '/home/emmanuel/Chess-Bot-ROS2/install/chessbot_moveit/lib/pkgconfig/chessbot_moveit.pc'
[0.819s] Level 1:colcon.colcon_core.environment:checking '/home/emmanuel/Chess-Bot-ROS2/install/chessbot_moveit/lib/python3.10/site-packages'
[0.819s] Level 1:colcon.colcon_core.environment:checking '/home/emmanuel/Chess-Bot-ROS2/install/chessbot_moveit/bin'
[0.820s] INFO:colcon.colcon_core.shell:Creating package script '/home/emmanuel/Chess-Bot-ROS2/install/chessbot_moveit/share/chessbot_moveit/package.ps1'
[0.821s] INFO:colcon.colcon_core.shell:Creating package descriptor '/home/emmanuel/Chess-Bot-ROS2/install/chessbot_moveit/share/chessbot_moveit/package.dsv'
[0.821s] INFO:colcon.colcon_core.shell:Creating package script '/home/emmanuel/Chess-Bot-ROS2/install/chessbot_moveit/share/chessbot_moveit/package.sh'
[0.822s] INFO:colcon.colcon_core.shell:Creating package script '/home/emmanuel/Chess-Bot-ROS2/install/chessbot_moveit/share/chessbot_moveit/package.bash'
[0.823s] INFO:colcon.colcon_core.shell:Creating package script '/home/emmanuel/Chess-Bot-ROS2/install/chessbot_moveit/share/chessbot_moveit/package.zsh'
[0.823s] Level 1:colcon.colcon_core.environment:create_file_with_runtime_dependencies(/home/emmanuel/Chess-Bot-ROS2/install/chessbot_moveit/share/colcon-core/packages/chessbot_moveit)
[0.825s] Level 1:colcon.colcon_core.environment:create_environment_scripts_only(chessbot_description)
[0.826s] Level 1:colcon.colcon_core.environment:checking '/home/emmanuel/Chess-Bot-ROS2/install/chessbot_description' for CMake module files
[0.827s] Level 1:colcon.colcon_core.environment:checking '/home/emmanuel/Chess-Bot-ROS2/install/chessbot_description' for CMake config files
[0.828s] Level 1:colcon.colcon_core.shell:create_environment_hook('chessbot_description', 'cmake_prefix_path')
[0.829s] INFO:colcon.colcon_core.shell:Creating environment hook '/home/emmanuel/Chess-Bot-ROS2/install/chessbot_description/share/chessbot_description/hook/cmake_prefix_path.ps1'
[0.829s] INFO:colcon.colcon_core.shell:Creating environment descriptor '/home/emmanuel/Chess-Bot-ROS2/install/chessbot_description/share/chessbot_description/hook/cmake_prefix_path.dsv'
[0.830s] INFO:colcon.colcon_core.shell:Creating environment hook '/home/emmanuel/Chess-Bot-ROS2/install/chessbot_description/share/chessbot_description/hook/cmake_prefix_path.sh'
[0.831s] Level 1:colcon.colcon_core.environment:checking '/home/emmanuel/Chess-Bot-ROS2/install/chessbot_description/bin'
[0.831s] Level 1:colcon.colcon_core.environment:checking '/home/emmanuel/Chess-Bot-ROS2/install/chessbot_description/lib/pkgconfig/chessbot_description.pc'
[0.832s] Level 1:colcon.colcon_core.environment:checking '/home/emmanuel/Chess-Bot-ROS2/install/chessbot_description/lib/python3.10/site-packages'
[0.832s] Level 1:colcon.colcon_core.environment:checking '/home/emmanuel/Chess-Bot-ROS2/install/chessbot_description/bin'
[0.833s] INFO:colcon.colcon_core.shell:Creating package script '/home/emmanuel/Chess-Bot-ROS2/install/chessbot_description/share/chessbot_description/package.ps1'
[0.834s] INFO:colcon.colcon_core.shell:Creating package descriptor '/home/emmanuel/Chess-Bot-ROS2/install/chessbot_description/share/chessbot_description/package.dsv'
[0.835s] INFO:colcon.colcon_core.shell:Creating package script '/home/emmanuel/Chess-Bot-ROS2/install/chessbot_description/share/chessbot_description/package.sh'
[0.836s] INFO:colcon.colcon_core.shell:Creating package script '/home/emmanuel/Chess-Bot-ROS2/install/chessbot_description/share/chessbot_description/package.bash'
[0.837s] INFO:colcon.colcon_core.shell:Creating package script '/home/emmanuel/Chess-Bot-ROS2/install/chessbot_description/share/chessbot_description/package.zsh'
[0.838s] Level 1:colcon.colcon_core.environment:create_file_with_runtime_dependencies(/home/emmanuel/Chess-Bot-ROS2/install/chessbot_description/share/colcon-core/packages/chessbot_description)
[1.178s] DEBUG:colcon.colcon_core.event_handler.log_command:Invoked command in '/home/emmanuel/Chess-Bot-ROS2/build/chessbot_controller' returned '0': CMAKE_PREFIX_PATH=/opt/ros/humble /usr/bin/cmake --build /home/emmanuel/Chess-Bot-ROS2/build/chessbot_controller -- -j4 -l4
[1.213s] DEBUG:colcon.colcon_core.event_handler.log_command:Invoking command in '/home/emmanuel/Chess-Bot-ROS2/build/chessbot_controller': CMAKE_PREFIX_PATH=/opt/ros/humble /usr/bin/cmake --install /home/emmanuel/Chess-Bot-ROS2/build/chessbot_controller
[1.297s] Level 1:colcon.colcon_core.environment:create_environment_scripts_only(chessbot_controller)
[1.298s] Level 1:colcon.colcon_core.environment:checking '/home/emmanuel/Chess-Bot-ROS2/install/chessbot_controller' for CMake module files
[1.299s] DEBUG:colcon.colcon_core.event_handler.log_command:Invoked command in '/home/emmanuel/Chess-Bot-ROS2/build/chessbot_controller' returned '0': CMAKE_PREFIX_PATH=/opt/ros/humble /usr/bin/cmake --install /home/emmanuel/Chess-Bot-ROS2/build/chessbot_controller
[1.300s] Level 1:colcon.colcon_core.environment:checking '/home/emmanuel/Chess-Bot-ROS2/install/chessbot_controller' for CMake config files
[1.300s] Level 1:colcon.colcon_core.shell:create_environment_hook('chessbot_controller', 'cmake_prefix_path')
[1.300s] INFO:colcon.colcon_core.shell:Creating environment hook '/home/emmanuel/Chess-Bot-ROS2/install/chessbot_controller/share/chessbot_controller/hook/cmake_prefix_path.ps1'
[1.301s] INFO:colcon.colcon_core.shell:Creating environment descriptor '/home/emmanuel/Chess-Bot-ROS2/install/chessbot_controller/share/chessbot_controller/hook/cmake_prefix_path.dsv'
[1.301s] INFO:colcon.colcon_core.shell:Creating environment hook '/home/emmanuel/Chess-Bot-ROS2/install/chessbot_controller/share/chessbot_controller/hook/cmake_prefix_path.sh'
[1.302s] Level 1:colcon.colcon_core.environment:checking '/home/emmanuel/Chess-Bot-ROS2/install/chessbot_controller/lib'
[1.302s] Level 1:colcon.colcon_core.shell:create_environment_hook('chessbot_controller', 'ld_library_path_lib')
[1.303s] INFO:colcon.colcon_core.shell:Creating environment hook '/home/emmanuel/Chess-Bot-ROS2/install/chessbot_controller/share/chessbot_controller/hook/ld_library_path_lib.ps1'
[1.303s] INFO:colcon.colcon_core.shell:Creating environment descriptor '/home/emmanuel/Chess-Bot-ROS2/install/chessbot_controller/share/chessbot_controller/hook/ld_library_path_lib.dsv'
[1.304s] INFO:colcon.colcon_core.shell:Creating environment hook '/home/emmanuel/Chess-Bot-ROS2/install/chessbot_controller/share/chessbot_controller/hook/ld_library_path_lib.sh'
[1.304s] Level 1:colcon.colcon_core.environment:checking '/home/emmanuel/Chess-Bot-ROS2/install/chessbot_controller/bin'
[1.304s] Level 1:colcon.colcon_core.environment:checking '/home/emmanuel/Chess-Bot-ROS2/install/chessbot_controller/lib/pkgconfig/chessbot_controller.pc'
[1.305s] Level 1:colcon.colcon_core.environment:checking '/home/emmanuel/Chess-Bot-ROS2/install/chessbot_controller/lib/python3.10/site-packages'
[1.305s] Level 1:colcon.colcon_core.environment:checking '/home/emmanuel/Chess-Bot-ROS2/install/chessbot_controller/bin'
[1.306s] INFO:colcon.colcon_core.shell:Creating package script '/home/emmanuel/Chess-Bot-ROS2/install/chessbot_controller/share/chessbot_controller/package.ps1'
[1.306s] INFO:colcon.colcon_core.shell:Creating package descriptor '/home/emmanuel/Chess-Bot-ROS2/install/chessbot_controller/share/chessbot_controller/package.dsv'
[1.307s] INFO:colcon.colcon_core.shell:Creating package script '/home/emmanuel/Chess-Bot-ROS2/install/chessbot_controller/share/chessbot_controller/package.sh'
[1.307s] INFO:colcon.colcon_core.shell:Creating package script '/home/emmanuel/Chess-Bot-ROS2/install/chessbot_controller/share/chessbot_controller/package.bash'
[1.308s] INFO:colcon.colcon_core.shell:Creating package script '/home/emmanuel/Chess-Bot-ROS2/install/chessbot_controller/share/chessbot_controller/package.zsh'
[1.308s] Level 1:colcon.colcon_core.environment:create_file_with_runtime_dependencies(/home/emmanuel/Chess-Bot-ROS2/install/chessbot_controller/share/colcon-core/packages/chessbot_controller)
[1.343s] Level 1:colcon.colcon_core.environment:create_environment_scripts_only(chessbot_controller)
[1.343s] Level 1:colcon.colcon_core.environment:checking '/home/emmanuel/Chess-Bot-ROS2/install/chessbot_controller' for CMake module files
[1.344s] Level 1:colcon.colcon_core.environment:checking '/home/emmanuel/Chess-Bot-ROS2/install/chessbot_controller' for CMake config files
[1.344s] Level 1:colcon.colcon_core.shell:create_environment_hook('chessbot_controller', 'cmake_prefix_path')
[1.345s] INFO:colcon.colcon_core.shell:Creating environment hook '/home/emmanuel/Chess-Bot-ROS2/install/chessbot_controller/share/chessbot_controller/hook/cmake_prefix_path.ps1'
[1.345s] INFO:colcon.colcon_core.shell:Creating environment descriptor '/home/emmanuel/Chess-Bot-ROS2/install/chessbot_controller/share/chessbot_controller/hook/cmake_prefix_path.dsv'
[1.346s] INFO:colcon.colcon_core.shell:Creating environment hook '/home/emmanuel/Chess-Bot-ROS2/install/chessbot_controller/share/chessbot_controller/hook/cmake_prefix_path.sh'
[1.346s] Level 1:colcon.colcon_core.environment:checking '/home/emmanuel/Chess-Bot-ROS2/install/chessbot_controller/lib'
[1.347s] Level 1:colcon.colcon_core.shell:create_environment_hook('chessbot_controller', 'ld_library_path_lib')
[1.347s] INFO:colcon.colcon_core.shell:Creating environment hook '/home/emmanuel/Chess-Bot-ROS2/install/chessbot_controller/share/chessbot_controller/hook/ld_library_path_lib.ps1'
[1.347s] INFO:colcon.colcon_core.shell:Creating environment descriptor '/home/emmanuel/Chess-Bot-ROS2/install/chessbot_controller/share/chessbot_controller/hook/ld_library_path_lib.dsv'
[1.348s] INFO:colcon.colcon_core.shell:Creating environment hook '/home/emmanuel/Chess-Bot-ROS2/install/chessbot_controller/share/chessbot_controller/hook/ld_library_path_lib.sh'
[1.348s] Level 1:colcon.colcon_core.environment:checking '/home/emmanuel/Chess-Bot-ROS2/install/chessbot_controller/bin'
[1.348s] Level 1:colcon.colcon_core.environment:checking '/home/emmanuel/Chess-Bot-ROS2/install/chessbot_controller/lib/pkgconfig/chessbot_controller.pc'
[1.348s] Level 1:colcon.colcon_core.environment:checking '/home/emmanuel/Chess-Bot-ROS2/install/chessbot_controller/lib/python3.10/site-packages'
[1.349s] Level 1:colcon.colcon_core.environment:checking '/home/emmanuel/Chess-Bot-ROS2/install/chessbot_controller/bin'
[1.349s] INFO:colcon.colcon_core.shell:Creating package script '/home/emmanuel/Chess-Bot-ROS2/install/chessbot_controller/share/chessbot_controller/package.ps1'
[1.350s] INFO:colcon.colcon_core.shell:Creating package descriptor '/home/emmanuel/Chess-Bot-ROS2/install/chessbot_controller/share/chessbot_controller/package.dsv'
[1.350s] INFO:colcon.colcon_core.shell:Creating package script '/home/emmanuel/Chess-Bot-ROS2/install/chessbot_controller/share/chessbot_controller/package.sh'
[1.351s] INFO:colcon.colcon_core.shell:Creating package script '/home/emmanuel/Chess-Bot-ROS2/install/chessbot_controller/share/chessbot_controller/package.bash'
[1.352s] INFO:colcon.colcon_core.shell:Creating package script '/home/emmanuel/Chess-Bot-ROS2/install/chessbot_controller/share/chessbot_controller/package.zsh'
[1.352s] Level 1:colcon.colcon_core.environment:create_file_with_runtime_dependencies(/home/emmanuel/Chess-Bot-ROS2/install/chessbot_controller/share/colcon-core/packages/chessbot_controller)
[5.463s] DEBUG:colcon.colcon_core.event_handler.log_command:Invoked command in '/home/emmanuel/Chess-Bot-ROS2/build/chessbot_bringup' returned '2': CMAKE_PREFIX_PATH=/opt/ros/humble /usr/bin/cmake --build /home/emmanuel/Chess-Bot-ROS2/build/chessbot_bringup -- -j4 -l4
[5.487s] Level 1:colcon.colcon_core.environment:create_environment_scripts_only(chessbot_bringup)
[5.487s] Level 1:colcon.colcon_core.environment:checking '/home/emmanuel/Chess-Bot-ROS2/install/chessbot_bringup' for CMake module files
[5.487s] Level 1:colcon.colcon_core.environment:checking '/home/emmanuel/Chess-Bot-ROS2/install/chessbot_bringup' for CMake config files
[5.488s] Level 1:colcon.colcon_core.shell:create_environment_hook('chessbot_bringup', 'cmake_prefix_path')
[5.488s] INFO:colcon.colcon_core.shell:Creating environment hook '/home/emmanuel/Chess-Bot-ROS2/install/chessbot_bringup/share/chessbot_bringup/hook/cmake_prefix_path.ps1'
[5.489s] INFO:colcon.colcon_core.shell:Creating environment descriptor '/home/emmanuel/Chess-Bot-ROS2/install/chessbot_bringup/share/chessbot_bringup/hook/cmake_prefix_path.dsv'
[5.489s] INFO:colcon.colcon_core.shell:Creating environment hook '/home/emmanuel/Chess-Bot-ROS2/install/chessbot_bringup/share/chessbot_bringup/hook/cmake_prefix_path.sh'
[5.490s] Level 1:colcon.colcon_core.environment:checking '/home/emmanuel/Chess-Bot-ROS2/install/chessbot_bringup/bin'
[5.490s] Level 1:colcon.colcon_core.environment:checking '/home/emmanuel/Chess-Bot-ROS2/install/chessbot_bringup/lib/pkgconfig/chessbot_bringup.pc'
[5.490s] Level 1:colcon.colcon_core.environment:checking '/home/emmanuel/Chess-Bot-ROS2/install/chessbot_bringup/lib/python3.10/site-packages'
[5.490s] Level 1:colcon.colcon_core.environment:checking '/home/emmanuel/Chess-Bot-ROS2/install/chessbot_bringup/bin'
[5.491s] INFO:colcon.colcon_core.shell:Creating package script '/home/emmanuel/Chess-Bot-ROS2/install/chessbot_bringup/share/chessbot_bringup/package.ps1'
[5.491s] INFO:colcon.colcon_core.shell:Creating package descriptor '/home/emmanuel/Chess-Bot-ROS2/install/chessbot_bringup/share/chessbot_bringup/package.dsv'
[5.492s] INFO:colcon.colcon_core.shell:Creating package script '/home/emmanuel/Chess-Bot-ROS2/install/chessbot_bringup/share/chessbot_bringup/package.sh'
[5.492s] INFO:colcon.colcon_core.shell:Creating package script '/home/emmanuel/Chess-Bot-ROS2/install/chessbot_bringup/share/chessbot_bringup/package.bash'
[5.492s] INFO:colcon.colcon_core.shell:Creating package script '/home/emmanuel/Chess-Bot-ROS2/install/chessbot_bringup/share/chessbot_bringup/package.zsh'
[5.493s] Level 1:colcon.colcon_core.environment:create_file_with_runtime_dependencies(/home/emmanuel/Chess-Bot-ROS2/install/chessbot_bringup/share/colcon-core/packages/chessbot_bringup)
[5.503s] DEBUG:colcon.colcon_parallel_executor.executor.parallel:closing loop
[5.504s] DEBUG:colcon.colcon_parallel_executor.executor.parallel:loop closed
[5.504s] DEBUG:colcon.colcon_parallel_executor.executor.parallel:run_until_complete finished with '2'
[5.505s] DEBUG:colcon.colcon_core.event_reactor:joining thread
[5.525s] INFO:colcon.colcon_core.plugin_system:Skipping extension 'colcon_notification.desktop_notification.terminal_notifier': Not used on non-Darwin systems
[5.525s] INFO:colcon.colcon_core.plugin_system:Skipping extension 'colcon_notification.desktop_notification.win32': Not used on non-Windows systems
[5.526s] INFO:colcon.colcon_notification.desktop_notification:Sending desktop notification using 'notify2'
[5.566s] DEBUG:colcon.colcon_core.event_reactor:joined thread
[5.568s] INFO:colcon.colcon_core.shell:Creating prefix script '/home/emmanuel/Chess-Bot-ROS2/install/local_setup.ps1'
[5.571s] INFO:colcon.colcon_core.shell:Creating prefix util module '/home/emmanuel/Chess-Bot-ROS2/install/_local_setup_util_ps1.py'
[5.575s] INFO:colcon.colcon_core.shell:Creating prefix chain script '/home/emmanuel/Chess-Bot-ROS2/install/setup.ps1'
[5.578s] INFO:colcon.colcon_core.shell:Creating prefix script '/home/emmanuel/Chess-Bot-ROS2/install/local_setup.sh'
[5.579s] INFO:colcon.colcon_core.shell:Creating prefix util module '/home/emmanuel/Chess-Bot-ROS2/install/_local_setup_util_sh.py'
[5.581s] INFO:colcon.colcon_core.shell:Creating prefix chain script '/home/emmanuel/Chess-Bot-ROS2/install/setup.sh'
[5.585s] INFO:colcon.colcon_core.shell:Creating prefix script '/home/emmanuel/Chess-Bot-ROS2/install/local_setup.bash'
[5.586s] INFO:colcon.colcon_core.shell:Creating prefix chain script '/home/emmanuel/Chess-Bot-ROS2/install/setup.bash'
[5.589s] INFO:colcon.colcon_core.shell:Creating prefix script '/home/emmanuel/Chess-Bot-ROS2/install/local_setup.zsh'
[5.591s] INFO:colcon.colcon_core.shell:Creating prefix chain script '/home/emmanuel/Chess-Bot-ROS2/install/setup.zsh'
